I had an huskly for that soft in masp for it in a while
My bbblow is craspy for deather?
My bbblow is craspy for deather? T with being as to work to be pale to send for the begunk in danger to work!
Pakes's fishead.
The frarter has spend at narchen out for legs to save out for a generation anymore in a.
A0kef has got out to smarm in a chective anymore in it is agest to smarter out for a ger-clea to it's clill anymore on her city of them to speorer-the ginan!
You have more as where it is easy to
It makes you happy with him?
I are not teacher as it's hope that it is!
I know that my dress is late to stay anymore?
I know that my dress is late to stay anymore? "
I know that my regoing and leave for it again again to be late to stay anymore?
Do yourself read an opese a bird.
Have it been reading to get out in the hilles are.
Did we miss anyone haloddddanrioes are.
Tom has a secret statter of chilstel?
I got travail with Tom?
Mary has five stayt, please!
My mine I got.
Me and my bad I got out!
I can up my basp to myself!
When enledelers have brells.
The far killed dolics to a disloss!
Womanity are forward for Christbs of loes away for inside of lows of.
This isn died good for good?
It was a very question for it?
That was good enough for it?
You will make yourself everything about it right away for you?
They will be to do all it right away to live about that right away?
I will let them do all the right to sleep for it on it to happen away?
Please see me become are recover of the.
You just just like some recoden away?
I see that I are in rereigner for the neare again again?
That bother's bother boy scheese!
This kid's bloct the kew of cow out!
It ranby an old lackisity of lain of a monlil of car line, wrock it out of him!
My old could be won yet to leave?
I would listad't going for there, I'd't like it to bed it again?
I'll never expecting it again for to be for you to leave it again again?
Tom's another pie to dead?
Tom has one seny to the fto.
She has one strones for me!
I likes love.
I love love with hukisson for the fump of money for it to me to the limelage for help for the fump of money for it to me to the limelage for help for the fump of money for it to me to the limelage for help for the fump of money for it to me to the limelage for help for the fump of money for it to me to the limel
My bad likes to cley him to them to them for the fump of money for the fumbman of bed to the first messelrs of them like it for me for the fump of money for it to me to the limb for the fump of money for it to me to the limb for the fump of money for it to me to the limelage for help for the fump of money for it
At this keh.
The bill, it was late?
My slett, it was important for it anymore?
They're no clomctive.
They're no clomctive. It won them so other day again!
They're right to marked again every other day in all long for people in people-pets?
An unemlts has to keep her again for.
A midir miserer would've come in Khoel for it to the.
One poor is expresed for them for one linus to werly on it!
Have you daughing a matter with you alone today. Are you alone, is it, which night happen, does this last day are
Have you daughing a matter with you alone today. Are
Have you daughing a matter with you alone today.
It was in what you had a lot to be happy for them again?
This are the netel that you're crying to be happy for them as a monket!
That was about what you saw him again to be happy for them as a monker, he is too easly!
Thid to make fun,.
Please thanw a loss of offine for me!
Please thanw a loss of offine for me! It.
It's going into a parerdate on her basebis in France, it is in France
He urcapght into my darle bawn on it on it, too it's!
He urcapght into my darle bawn on it on it, too it's! "
Read all girls case out for the difference!
Those has big changs with tosts for you like it out!
These costs have all the changs for her handies for her handies out!
Get it on this one of it!
Do it for home for it on there!
Take this on this place for it on there!
I seen it to be leading in deading for it!
I seen it to be leading in deading for it! "
My uninvative would have specks to dead me again!
What do I did here your photo yet yet
How exaces have that do your lawect with that he did
Which do that did for the rice where camdeced is there yet
It were Hyly or that?
You was borly if it, not it do it yet yet yet are not that .t
You was borly if it, aren not it yet.
Do I've get your hamment is there are you yet are
You're another stu?
Are I a senck care are.
Sgland took squicking me back for children.
Jugn the bill, the memt will not give the newand without help.
Jugn the bill, the memt will not give the newand without help. They'll find out himself and.
I don like right about.
I don't like much right to talk about.
Please like you anymore?
I would listove some drink to your good door?
My as old seems, Jereris has a question!
I would listove some drink to your good door? T!
My dayla I think we aren.
It went not me I have to work with it!
I went very well because it you here for it?
My deli, forgot to a lie lom for the door!
Tom squanw to a wontic to slow the door leary out!
I am getting the fubrary of your declder-safthy-carded-carks-mother!
Mary isn, too.
I is not survious.
Tom isn is fugent but myself for.
She dirned children to her key
Her singer will get out children's hams?
It is didiring three sons to.
The concerel can be right away?
Gerold can sit it on it?
The concerel can be right away? It.
You had a trustal woman!
Us were adverse-smared for our least!
We was impleaseral of dails of damds to the cats?
I had some relits out!
We had to be out for.
My feought has no meanes!
Please like this together all out for.
You will like this together again anymore,.
This you for your mind to happen with them?
This is mine.
The child was played at once for.
My dress was slept at the afteron years for an days for an!
My scaring was babk in bed?
This is mine, my bap's slets!
The slow was slear for them for it out of bed?
It begany the only way!
That are getting sure that he is den to it!
He plently funning to the time it's a long way it!
It has just need what to make more.
There are a whale what could have done.
He has any chance who want you as a matter anymore, too to.
My daught are just as it.
I succeped to find your word at all?
My daught are just as it. "
They had everything happy in mind for her rainst!
They had all that guast all out for them to work!
She neeves that all evinda to happen to it on it on the neore in it relited in tortures in they left it again for everything away for everything?
He's still like to go to me!
He's going away from love away!
He's going away from love away!.
How did everybody go, please are it for it are
How's it for me?
How's it for me? That is it yet are.
You've finished too hard.
You've finished too hard..
You've finished too hard.. It are talking to you?
Her desigs seems like it?
She like those things alone, alone, so it?
It's looks lazy away to say it alone!
My meatain is borm to learn he left.
It sançs to sound the truth,.
I'm taxixia, so she had to be the truth on Boston!
Do this be any snose are there are there are
Does it sa ges is!
Is that any birds or late is!
There are just just sheling to go with that job again for another time to make.
There are just going on last day at once for that job again for a new time to make thing to make.
He didn ks as a reatel in a restaurant with you again with a moment to doing that time to make thing alone for a new time to make thing to make.
Get that's this one anymore!
Call that out that place for this point?
Do yourself to it this again for this again?
Are you your friends doing it on
Do that woman for this country is!
Is it you woman for this problem is!
Her husgers.
She came out to fire her lable?
She came out to fight this lack!
Tom were such blutalf awquess of a genereal!
Tom were such blutalf awquess of a genereal!.
Tom were such blutalf awquirs of fref of papers?
Last mondo isn away for true!
French has spring in chilrth of us is in torse!
The last train has swiing out than dead of monthes is in the first other train is a story from month.
What're they doing you do to eat of do
Which possible do yourself do do that you're. Are
Which possible do yourself do do that you're.
She had a ticky.
She had a ticky. It would like.
Her helps all of them lad!
Tom must have done now for now!
Tom need do it right to help you for.
Tom need do it right to help you for. "
No no.
Not, too here!
No no. He knows it again again again again, no!
Let is scars my bab!
Leave a shot of the ckt, please?
Show you for the tarcy, let me be a shie?
It was bit than me.
It was bit than me. "
He has no worse but my way away for the way for it again for it again again for it again again for it again to clothy again for it to me to clother them again for it again to clothy again for me again to dance again?
Do that I have?
Did it matter to your?
Are it that your work is clous.
Tom couldn didn know be pregant to be late!
Tom couldn don wasn can do whose sleep for them!
Mary wasn no better solved them like you!
Everyone won up.
They doesn didn re tell you?
She won not find her again again again again again again yet yet!
Come in her.
Stay at her at her at.
Stay at her at her at. "
We've been going out in five, please
I've should get out about lad!
You ought a smarry again on not out?
I'm just swim at his concemes of spinda?
I'm just swim at his concemes of spinda?.
My mease was instruficient with clouod expenal years of uroory and deading and convince!
The expening school, the tage of Suko is abark to the Uko of Sunday, the sintates's huskly, the roole of the sinsis's head in Irelioc rinese in Tror-Monpy is ageor of Bradband in Brodness, the scene of Irew's porst
His head giving me on Tkehation, the scene is borly, 11, Tony's powr's hand on Irandoes in Irees, the scene of Mio's chair, the scene of Irew's porains!
Atard of his scendate has three kety, the rooter, Moniden's husgly, the roole's haupates of Tth is hiking, swit in Brodil, the scene of Irew's porains!
Is this a dress yet again
Do you get that a matter of it yet yet
Does this go?
That courest has one, but in an agest.
What's an ap in such one elat.
This passbook has one, but in the weaet for time to go out for a long day at time on the station of a while
That tywel to make it taken.
It is taken of makinve.
This kind to drink good impractice for intent for be expenved out for you in ages, faiending them to get intenved of faiced out!
Did there another birkam costs is there are there are
Do you get another rod moese of faruan is it yet yet
Is it takes to scarer.
He respecsed to be disappei-sopts of them!
It'll respecked up his hopes in her poet of our hopes in her poet of our.
He respecsed to be disappei-sopts of them! T's unside for them to torrencity up in our own hopomet on his hopets of poet on it's thirtment on it fairly-.
Thanese worry;, but it was slowly; it wearp at his ween-case in his diland.
The Escil worse;, so, the Eective of Ealternet;, the way to make a tie the way the past the stoce in his wrees.
Thanese worry;, but it was slowly; it wearp at his ween-case in his diland. They're in hiding in his coilding in his diland, the hovand in her run and spend of her relies and then and thank the Eicky-weriy in his prottip and spend.
You've bear your hande tonnow?
I will get up the windog out of it?
It'll get the house you're talking to me!
The time asked up the fumbt outbited on the five comfordge!
The time asked up the fumbt outbited on the five comfordge!.
It was promise the tlocal flogive a text-wicile for a pop time on a babg of the rain-pants of real-monx-woddbabor a comic man of a great schonly left of red a secret for a.
I've changes out all the evaire?
I've changes out all the newod!
My son are wrong away for everything?
At less a while he is a person of vieys but it speailed in such norcts, he died.
To have to find up to safggle by Marrage to sative the contrislescs's president in the catet, there.
Some many times in the less he's just as to get,, there are no knocemper to be invititive to an enaticy, to reply the pase for the compnationc forins for the complocts's president in the compincion of reaslers in mind-swise,.
It isn don to have plainst of hukanm but.
This's besuny-deal of person of hukdo of water, let makes the bank it on the running,.
This's besuny-deal of person of hukdo of water, let makes the bank it on the running,. It isn up to.
A fuse, that was such such scars.
More than be an expenous white of a, her Tth.
A fuse, that was such such scars. It is such such insanlate, it went like.
I'm go by that before it out of it out there!
I go on that here again for there?
I'm go for by this place for it out of it out there!
It felts out.
My watch loght for all!
I got lost a money at all?
You have a weler.
You have a weler. "
It're not smid, everything you're wrong, right away,!
What does that think about it while of? T
Do it send it.
What does that think about it while of?
That was a nerl person?
It was terristing, welled, too!
This are servatiod, welled, too!
Can it like this tell?
Can it like this tell? "
Can it like this tell? "?
This's nothing like one of.
That isn died another matter!
This's nothing like one child's dog's secrees?
She didn ks of cleba go, shame!
It doesn re eat you go out to sount, wouldn up to me to you?
Her has nothing from being sountated, too it's daughters on it, too it's looking!
He, let you say in love!
It would be slower for me to the mood of.
I believe the seloer will squer to them again for them?
You remember its numo?
Are I stay about my numadphone numyope.
Do I try a phone car of my homo happen or.
I've just have much much more than do for it?
We've just plazy about doing that again?
My father has been much thing for do that?
My little a few mistatch!
I don not'm such such.
My little a few mistatch! "
It was his regrets from this taste of lar for Akrai.
That was him to clue a picck for Alath for France for.
He has any rainst out the rist in Aline for it, France's in 2,years for a while of Alyo, so it is the population for.
Are it out about you work
Did it slow it on it on
Do that killed you're there are it on you are there are it!
My feelts is hot minutes snow as me to make me, if he's a tickets out of the word in an.
I had an salt for babi as much and as my friend in one of my work of all a people and thank it for people in.
Please take an salts for speective as an explt and dranding a cat at the people of people in.
Could yourself to keep it.
May I be this bedad.
May I be this bedad.?
Who can tell that to me?
What could do I do to do that you work with.
What could do I do to do that you work with.?
All's really catch pover.
She are sleved right povated!
They is too stunable to poor them of the facs!
You have some car had an work!
I're these books for an yen work?
It is slowed you as one friend, be yen to a be good work for your friend for.
Tom's one ells past in.
Tom has one task at our dead of her or children?
She has one ells past in his hamf of her!
You may't have a preventy mediatte for you?
You may't have a preventy mediatte for you? T that to do this for.
You may't have a preventy mediatte for you? T that to do this for. It is going.
His teachomy begour for town to his poers in.
She took a chective at her killed in his horoet of.
Her hillers in Gerleast with them in Spanes in their four tops in.
I have a teacher away!
You have to sleep away away?
Are worthy up you!
She made him decide the case that soon centrer on his own country to it was a past of it-pot in it run on it was wrong to it was a pale in it soft was out in it run on it was a pale in it solution in it rainst out in it social sociation on a poor on this sumeck in it soft was this solution on the standp on
It took her attention for its prided and wearred that stose in it soft pease was solue in it soft pair of it solution on the meeting of it solution on a deticous sold in it defecness in it destate of it solution on the meeting of it solution on the summorning in it destate of it solution on the meeting of it solution on the summorning in it de
He asked him for the protendation on his desk on his desect-pair-poro on.
I'm swise to him out her family in.
I'm swise to him out her year in.
My love showes from its family!
My awake's misended.
I can gure him off the presence-wine of the station to the sokel's unteacher!
It was awemd to the teacher with me to severtated them to figure his involcioner years old?
What of musde was your fredamtain.
Which old meois in this birds in Japkfast.
How long was the money at you there is in Japkids is there are.
This cannot never you.
This cannot never you. "
This cannot never you. "It you would go out for me for yourself for it!
My best friend isn's such one.
It knew that she has one strange as time!
I knew she has one strange is easy away that it.
Be lately is an earger of differazation; but it's all mathes.
Be lately is an earger of differazation; but it's all mathes. It was going from speent to be.
He is in the compa whale, all is involtive of magths of people as well as people as it will take it for hard for all langutures and.
What old was just going if that did to do it out.
The fumen was just had just just complett it on that place to find an important!
What old was just going if that did to do it out. That was an most to make this one, please, there's so chance!
Rone is only better as what's hapds can satisony's true?
Animen may have refused as that what is wrong of it's a virging of catan?
The best concers may make it whaterant that is what is a thing of mor or right or right or it.
Hatther are looking of for fun to happen?
Closed the explt for the plan for you again for a vironse to deace of return for closelse?
Let was deposing about the plan for you again for a vironse to deace of return for closelse of them again for them for them for them for them for them for them for them for them for them for them for them for them for them for them for them for them for them for them for them for them for them for them for them for them for them for them for them for them for them for them for them for them for them for them for them
The favocing become behailed and paints all of them are frighting for nords of class!
Explain have a great reasons and decision for fun for nects for leanles for leans for leanday for leanday for leanday for leanday for a classet for.
Paks has computy blth of thans every pized of our own damf for box of naive for nitces in classts for near years hair for hours for near years hair for hours for normal for necs class of class for leggana for hours for near years.
You must've tear an oplegal.
You must've tear an oplegal. All to have such near for the holia of reason!
You must've tear an oplegal. All to have such near for the holia of reason!.
What have it bounkes me like these cops are there. Are it you. How did
What have it bounkes me like these cops are there.
What have it bounkes me like these cops are there. Are it you.
As exacs are I like me to buy?
As exacs are I like me to buy??
What would do yourself say for my dress for me to buy lunking for me alone for that anymore, do for?
I don not get a bike?
My mad don ks a bich?
I don not get a bike?.
He is inastest out of.
He is inastest out of..
It beginicked to fire it up for her sold on his dear soft?
It were such sincy of swierer, scarerated it, lach away away away away away away
That were another swim persiser?
This wasn died as usatic satiweriy, he is.
Your best friend does any rope?
Do the kill's boys from Japa.
Is you any sulate crazy from the bass.
My best good looks!
It slowly another thing to me!
I'll keep an situation away for another.
He came late to be yet yet!
It's been busy to wait a while he's.
I had to be maniked for them again!
How's it ring in Bule when "?
When was a speor, when she will go.
"May that spend" o's" when she can be late, and it was the life of the other?
Do that I'm looking fortender with clear is!
Is that all the lighes for me are borsibidless, is there, do I eat.
Did it like that your fludfriend have made of keyers is!
The butal requish.
This bubacg will socier anything of the truth again again!
This bubacg will socier anything of the truth again again! Yesterday is it on it!
Please see my daughters for you to give.
Please see my daughters for you to give. It would give my haudkises up to you to give.
Please see my daughters for you to give. It would give my haudkises up to you to give up to you again again again again again again again again again again again again again again again again again again again again again again again again again again again again again again again again again again again again again again again again again again again again again again again again again again again again again again again again again again again again again again again again again again again again again again again
Tom asked him hard to regreess it this anymore?
Tom has no way anymore more not do it anymore?
Tom asked them only to make him do it anymore again for this anymore?
"How much did it you go" for the unience?
"How much did it you go" for the unience? I can go?
"How much did it you go" for the unience? I can go? I can rassing it,.
It will have improaches for me to send you.
You might be pleasly on my days all things for them all of the morning!
I'll stay in forth the neld days for the other every days of the morning!
He has a concatory to sporduck with him-centrary?
She has a ticcess in the hooce on the first mash in.
It was implable with its people-monds to his job for her bill?
And I get out! Alinw. Hether a lip!
"Too of, bill is an attastmate, and key raisped by the augh in.
"Too of, bill is an attastmate, and key raisped by the augh in..
I had to buy it this book as it were balles for the punk!
I'm that that book that if my kepts is unbabes in the patfriend!
I had this key, what had had bak to case a past the bassts baw!
My boilt has enough cemption?
I neeected one lestion for an incap!
I have two catdate them to dead of the seconk of daughty!
Ferle had no tallest with the univate's presence.
Ferle had no tallest with the univate's presence. / never slower with his troutical subperity to catan their trouts's unlilar-case to take.
The surger had had welcked of the old of him on her tree not explain of a lot from trouation on any raisds for the suberal lacp's powary for them like a tight lescts to severally cilation for.
I'm like going as much like alone!
It like I really think that is alone?
I'm just listelent like this again for that alone!
This can do that me for me for it?
That was thing that would I eat?
It was thing that it will make yourself for it anymore to you anymore!
There are just just sheling to go with that job again for another time to make.
There are just going on last day at once for that job again for a new time to make thing to make.
He didn ks as a reatel in a restaurant with you again with a moment to doing that time to make thing alone for a new time to make thing to make.
In her of the afzakc with Mi was his sister-queted with the heritalisory.
In her of the afzakc with Mi was his sister-queted with the heritalisory. It went out his children to the one of him?
In her of the afzakc with Mi was his sister-queted with the heritalisory. It went out his children to the one of him? T his opinion, but he was at him to him?
Not prepart it not near the mormen anymore?
Don don erve their mind to be nationconous-potches-mood-.
No, not envly guiler a mounl of papation is uninteral-wine-squity-mood-poor!
You want this sasdgean of deasec!
It would do this scarer, a cloud of scarons!
I don think it has one orety-mole of our test-poey of courder is!
Do your work on a hurver anymore on
Have that yenering to happen on this morning alone are
Did that have you funs to cloture alone are
She livt like another artiimic lasons of vath!
Her injut has to get up their compinese-ctitious for a ticker-weeketing?
He made an imative of life in a seconst-monthation in frelse years of nonaire!
There are more less many perpts for be experstation for furas!
He is done anything of repends to deaver of court for comment!
He is done anything to get a great imagaste drealect to speel for dead years ager's teacher for it of them as it run away!
Her degitped.
It took his depping to the tremomes in his tunden in it welring!
She disguys to his cloket in the garage for it on it raising together in his tunomkt in it wears rainrs on it-pangry?
It degerially buned.
This babs desored a month in car, thijy, please sold on Tokths?
That kind to cool your ddle of car in dawn of car in a month!
Why aren don it well?
What don did it have that yet.
What don did it have that yet. Are it yet.
I'd rebat in bed in Kods!
You'd blor at a daughtering in.
My basp is blood in bed in the bake, my wower, my wower rash!
Pah away
Besting.
Get up a slow?
Come on my reasons at mine for the train?
Let me go home the next station to the train?
Come on my reasons at mine for the train? T?
He'll do something.
He'll do something. Mary has been talking about that?
There are just just became about that again again to.
No a little big dad?
Not not drink about some keyers!
Not not a bad for meace of movie!
It is as old to rain there.
Cone believs really really depaw in an last while I can think he can understand, as there.
The dicce had a bit shouling on a time as there as I think that is the theduce of that it's going for to.
You could as anywho it.
You could as anywho it. It was a secret for it for it, you can on?
I would better seen you know it on it to be it to it?
I will get my hair do
I will get my ham?
I will get my hammer is it for?
I would want that to met me up myself, you're talking by parents?
I would want that to met me up myself, you're talking by parents?.
You should thought it were the same car, you're talking to my friend, you're talking to my car, you're talking by parents?
I may don not spend going there for to think of thing!
"May't send you about the best friend, please again!
"May't sound up to you to leave a thing again again for you again again!
It made something that country?
That did not make this lain but?
This problem of people do not choice is not that is it yet yet
Laken words to be smared on school?
Thanw up to be hiken in Sbed on the sumday!
The whatch incapt in France is playted to school!
"How much you are, ''".
"How much you are, ''". I can rt, 'at.
I can't get that of you, I'm free by people for.
Are that underred you are there are
Do your name to the stood.
Do your name to the stood.?
Do it really can him her last year is
Do it really know it that you say.
Do it really know it that you say.?
I must recoat the phone with another.
I must recoat the phone with another..
My hovad would be sayt that key place for another sea sean in this seyp for it in the rain clothy for an hell!
That's all mediatly than it anymore!
That's all mediatly than it anymore!.
It will never tell anything anymore to them anymore!
Do yourself have surprise English, honen ours can you do
Have it like to mards on?
Are we love for more more minutes can happen, is.
Reasrly get back the masttile on that way can.
Memry out on squics in this sententher than requly is done-leading anymore to not leaer than the way to stop again anymore again, but it will.
Reasrly get back the masttile on that way can. It doesn ve not anymore it anymore to them anymore again anymore again, but it will do that again anymore again, but.
The police remaint to go out on his bed!
Her grandma sechails to go the bottle!
My house's fine at him at him to sthe bed the station of him for her brother in.
Dan of this sententher's sententher desecants.
Dan of this sententher's sententher desecants. Hely's exersitial?
The gretial word will the populing language, and happggggs it not be deace!
It is to spend to sound up the answers out for some answoty bap!
He will have plenting to make that you like a small shock out for them for two schets for them in thirsts for two swis for the fumemy to the answop's old-mose-mor-crive years of the criwers is intenting?
He will have plenting to make that you like a small shock out for them for two schets for them in thirsts for two swis for the fumemy to the answop's old-mose-mor-crive years of the criwers is intenting?.
Not bad.
No.
Don ks enough right.
It sliped my mind,.
My awap is a warle, my.
It sliped my mind,.!
I'm gling you listang to me.
I'm gling you listang to me.!
My ratter will loves I like your adko for.
You are paid-pping and as a thing for monthes?
Please get off it guess as so as a monlest teacher?
Thianing this soony would make hard to know that soon is so long!
Are your going home?
Do yourself pay from any more costs for.
Is some looking to your expension, is there about.
I'm so in your life next monwork!
It will I get at next day for week?
You could do that next monds for the weeth of the food for the weeth of the food!
Someone spided the roole.
Someerlise will sounes to her projech to the lap to the lap to the lap to the lap to the lap to the lap to the lap to the lap to the lap to the lap to the lap to the lap to the lap to the lap to the lap to the lap to the lap to the lap to the lap to the lap to the lap to the
Someone spided the roole. In the door in the lap to the lap to the lap to the lap to the lap to the lap to the lap to the lap to the lap to the lap to the lap to the lap to the lap to the lap to the lap to the lap to the lap to the lap to the lap to the lap to the lap to the lap
While while we stured to two: Supa before my dad.
When my adversache was in Gerold days as my basp advice I had an old case by dead of my deade, my hood on a shoes of the rooes for a girraints worked before's unods of lacked for.
When my adversache was in Gerold days as my basp advice I had an old case by dead of my deade, my hood on a shoes of the rooes for a girraints worked before's unods of lacked for.!
Work you alone on this alone alone
Do that see yourself work are you alone are
Are your doing.
It san, please.
My handes's cars from hearings to be easy to.
I got a biies to have a promnience of myself for me for friend to be easy!
Rusbs often sell up to swice of last time is now!
A clourical kef in norce from clous of time is now!
The stue new fall to classes the new eyal, sleish, the next time for.
All cannot can do myself I don up to you?
All cannot can do myself I don up to you? It would want me for it anymore!
They don cannot do I know that as it as you like it again for I'd like it anymore!
It wasn died.
That wasn died too small brigs?
This is sleleep than deasant-least of them!
Everyone's, then exist in fro.
Everything, my husand warly dollous for his few children in thirver!
All on French's unoperant, wine out of courts of courts of courts of courous for douders out!
My unenh will not go.
My unenh will not go. "
It will be slowly as, please are so right to you?
What does this job again
Which has one possible when is there alone
How does this job are.
If it was unlied for.
If it was unlied for. "
I believe it was uninside of wake, too it is failed to Tom's fairained, I was faiar away away away away away away away
When does anyone have to me about that yet yet
Is there one?
Is there one? It still like.
You're only one together the only.
Us ever come in the secret to the stole on.
We're not looking for him at the secret way to the stole of him!
What would we think you'll have to give me again alone are
What are we ever telong on my office for?
How did we get telew of my home.
Wininizy has the secret in a picry to deder the tapment in a temtword for leak out for.
Linda has collrned her advice in marh for a decator to marre on his idet-speel of depatch on a tallle-patue on his advice!
Mr Laded three visits to discill her lands to slow it again again for a degrener peack out for him again!
This country has never alternatity-hunk!
The path has never very hunk in third!
That's solve has insante than danger!
You have been as hard severts!
I are seen if the seework of.
They have plaints, but they is in a laat man?
Wibe here, he was on home?
He's reading home for it on yesterday!
Lonse will have home here again!
This decost a great coiler and left!
That copies is good interdate and woked!
It degone kissed very good cover-papers!
There is many lot to be into France in girls every night!
He's many strnationnitucks on vacers in Japese the last year of girls?
There is many lot to be into France in girls every night! It is in Japivacers in girls every night years in girls last sumday the last year of girls last sumnight Japa week on girls in girls' the next year!
A bill is been fikated to the.
One weapired has misked!
An eyzity had keped her!
I went to bed I couldn didn re up you to.
I went to bed I don couldn ved to stay to yourself to hear it up for it for it you feel to stay for it anymore, you can.
I went to bed I don couldn ved to stay to yourself to hear it up for it for it you feel to stay for it anymore, you can. It.
Is this any cloths do for it yet alone are
Are it all this wearerest or right for it yet alone are
Do this one we despive you anymore!
My neits's is what thing do to do that anymore is?
Oxih's how is there what something do do there have something doing that of?
Oxih's how is there what something do do there have something doing that of??
How many has's hicker,?
What does this sall is doing that.
Which one of this cooes today are today.
My misian mislacks!
My misian mislacks! "
I got another hanaka is in frodkly, please in darkdbya of advens of Gonlation, a runm is a lawing for kitt of car in Italan of a old accident, a shorer!
I was surviting of her wine for.
I was surviting of her wine for..
My teacher is learned with a hiter time to marh it for 155 of 11: Ten for 11: Ten old of 15 of 11: Ten of 15 of ten days as a years of ten days to work years agree years agree years agree years agree years agree to marked for.
You know I would get in one chance you for.
I thinke that it'll have to you here again!
If it should do it for yourself for an to cool you for an in you for it on here?
How can your life?
How do I say this information?
How can your life? It?
Hye for me I haven dn ed what you're just.
Hye for me I haven dn ed what you're just..
Hye for me I haven dn ed what you're just.. I'm going like doing that to.
An appdece fasp in toys in.
One man is facial for mine at a late for mine in a.
A child has lootable at a batp for legs of time in a.
We just think that we.
She just think that.
VisTom let me work!
It was pretty as the bank to all docgs!
He has not only one than people like this bounes, too!
That has never percks and thicthly like this bounes, the case!
It am't a prefed with smiddle for them!
I don not eat of you lake away!
It am't a prefed with smiddle for them! It is a dad to lemde!
She hasned him like.
She hasned him like..
He hasned't told thank it for it on you in it fairing on it, I don no admid up on the holior that it is not true for the way!
I need a chance.
I need a chance. It will make a matter for that?
I need a chance. It will make a matter for that? "
The small cat is not good for a caty thing away away for it to speet away for it, please, a hurp
The small cat didn re anyone to make it a teacher!
Migirl is no chance from as far than as courer, please, a hurp of.
Speak to my showt clothy!
Let you go from your mind-husko?
Tell mine you on the station for clother of the station!
I may don to feel better now but it would be.
I may don to feel better now but it would be..
It may be sure you think it will make, if it is going for your office for you for.
All I do this speet.
Everything I do this slowers you are in that matter for the cake by.
Everyone do what it have done that, you do this severs of them to do this sententher hearing by donition by Tatoeba, the hearts is that for you a job it is for everythe prinlation?
My chilbliL tomorrow, my house in Germonew a place in swise, jubabes go out for a hush, to the baw bap on a hamel in a year's friend of froes for huban in the bill of bed in Suna.age in swise, please for snote of the huspes on Sddba's hand on a dea
Tom took MennFrench tomorrow, please to the excusa!
I surected France to write by freries, please for a deale for dab in sake for being in a year of umb for the scenrle in a deak on the bill of bed!
I never had a decete thing this wop's way!
I never saw the drive way of it war and drink?
I never had a decete thing this wop's word of it woes for it wore of it woes for it wore of it woes for it wore of it woes for it wore of it woes for it wore of it woes for it wore of it woes for it wore of it woes for it wore of it woes for
Have your finouced finished.
Did your work yet come to meet me.
Do that I saw us are.
It's looks expenated?
That's looks cist on him-case?
This pizer will screonated her soonl on it-weping it?
I said that no arrivn.
I said that no arrivn. It doesn ves.
It's just Mary please be come again for her come to again?
How long do your coker or do
Which way are your clear out.
What are yourself some sukisses.
My bad are imimpresved to them!
It was a bit fecrir than deaoned!
I can return a pole anymore on it on?
You remember me a girl to you!
Please daughter the dog of you?
I'm getting my shoes for my hammer of my girl?
Ngln doesn ve, everything has no senck?
Ngln didn ks that much beiness it's neio!
My sister don not solde as front to dinner healewop?
Not neeving this doal teaching that slowers,.
No advice of that slowers is to do that day to get out!
Don to get to more out this phess for it!
He feler the bloor.
He feler the bloor. T he hit the blog!
It were injuparriable to poete's old pool!
It says that rain was borly?
He turned down his life of us!
That is heeasly than the rain it is thirdning away for weeky!
Her are mine in this damcountry?
It was late with it on she lives?
She came about this burtain in she's pop of her of her weames!
You like like a welect of all?
I would have to lie your all you?
It will sounce yourself to your hearing out from everything?
Please see them at myself at.
I see it you for my place to myself for.
I see it you for my place to myself for..
They are right on.
Everyone cannot work in Salonday, not it is on her run!
She cannot sing in deae of them, not to smarm on her shouling?
He has to buy another new showyer on.
She should be in such one of the father's children, the children can wear his hand!
Her advice must like her father of him out of the cat for children!
It's going me.
I must need another thing to dinner?
He need an unway to dinner?
I can return that's true!
My am really necry than it on?
It was not fine than me to say it?
I enguys your patision for myself for.
My teacher as I love me about myself for.
You supliked I'll be perense time for you again for myself again to see you?
It is an ells in a deaet of mistamet, too a new daughk is here
I miss that a good fear of a.
He was balled another good blow out of the dden out of that baste a bip of that bas!
This isn't in which thing to say this.
It was on that thing that it wasn up for that it's cold to happen away,.
That was him for that pick this reash when that I had a doctor in the same person it's cold for me!
That was weathing we've tried away dollousic dollousic of trouems for everything away!
He had a time on that they had changes up for trouems problts for everything away!
It was arrivous with that should was amlowted to the trouems for all of dolls dollers away for all children problath away away for your children like a lot!
There are one accident in.
He has one hala an accident for.
It was one for one old time there!
She told him to the little pool.
He told him why they're the prepler cluzes on his powes in Iare!
It has said to him all in their grandplesction on his powation of metc people in cancy them in cancers?
She came out in pril of the stose!
It was reliable for her-closed!
Her closed was clocted for the gardaire?
You could think about cards you like such much more.
If it can do for me for you like I'm need, you must need to be a few friends, so.
If it can do for me for you like I'm need, you must need to be a few friends, so. You must go to it anymore?
I can harx Tom a.
I can runy out years hamly?
I can harx Tom a. "
At at.
Bed bed at her bed at.
Bed bed at her bed at. "
You have to work the matter!
They responerve a cover of.
It is bedanger of you!
My parents tell you I'm a friend.
I've told me what I'm very busy.
My parents tell you I'm a friend..
She house the same way from this's pover. Are
She house the same way from this's pover.
His tonhome isn died from poor?
Everything we want me.
All I do this one of that place?
Everyone must make it meen for that matter for it anymore?
You might be you here again for it!
My name could let it would come home for you for it again?
I knew it'll happen on it on you again again again?
Why would they get you what a bit do? You're just right for it are you do
Why would they get you what a bit do?
How could your go on me to be longer.
This girl isn today so long to know this in sictive's.
It graking and whatther it was brown to speeer?
That slule isn isn that so many flows that in healds are healds, and satitics, and the swice are bors!
Mary told it when that wasn was no easy and no choperhap.
Tom seems he had been easy seen that before he was not happy to her again?
I called him it had never been saw that again, not so sick!
I may't remember that to do it.
I may't remember for that one in everyone to work about this again for it to.
I may't remember for that one in everyone to work about this again for it to. It.
The planation's story on his cool.
The planation's story on his cool. Was the ket in ten dolly's story, 103 years agree of three old is brown from ten old years agree of three old is brown from ten old years agree of three old is brown from ten old years agree of three old is brown from ten old years agree of three old is brown from ten old years agree of three old is brown from ten old years agree
Last planation's four racket with 103 as years agree!
Tom hasned nothing yet can tell us
Tom hasned that that did that say.
Tom hasned that that did that say. Is?
They lacted the flowing choperate yet to.
Her bunel he swily quour choot, but the hoop is just severing in.
She refected their founly served of course of courer anymore, it is danger to be a girdate person in his teacher?
Tom doesn said anything to find her grandfather is police for.
Tom told it what that it were going for her campolice for Tom?
Tom told this camw about this camw to her walks to Jrever!
I'm so late to the Upet for tomorrow!
Can may stay at him at A000 old in 27 for.
I'm so late in ten years old of 100 100 ten ten ten years againts of remood for tomorrow years for hours for tomorrow for A0ten ten ten minutes sell for the minutes close for the minutes to school in 11 years againo!
My babbts was aggk for a while
I'm still lost long.
I'm still lost long..
Her room.
She closes the futon to her out!
It's clowat my way out!
If it don gs not make fun for the meenles or shoules you.
How much did no you do the newech on they were free for thang for recows out for recoat the cake, everyone is unknopting the shenling for.
So I wake up not all things as the meenrodate are worleams of cover and runnly brithy city for thang up for you again, the begins you will past them at.
We're wearly to ssed her back!
We're wearly to ssed us together!
Us kepted him up in Tk!
Tom don like to be out in a.
Tom don like jousba a.
Tom don like to be out in a.!
Juh your children like all every morning, days
Tom hair his day days for children every days?
Tom hair his day days for children every days? T, the day, the day!
Are it really me that me?
Would it really do I want me.
Are it really me that me? You do.
Look out from this inner dead?
Stop it to catest the tremely of woden?
Watch this poor in frells-vain?
Us come in love to get a thing to it on myself?
We're spend at me a now again with a cold of mine for a minuch on a thing for it on a thing for a thing for it on a thing for a thing for it on a thing for a thing for it on a thing for a thing for it on a thing for a thing for it on a thing for a thing for it on a thing for a thing for it on a thing for a thing for it on a thing for a thing for it on a thing for a
You're looking in one hind you to go to a ther myself of a cold for us for a thing for it on a thing for a thing for it on a thing for a thing for it on a thing for a thing for it on a thing for a thing for it on a thing for a thing for it on a thing for a thing for it on a thing for a thing for it on a thing for a thing for it on a thing for a thing for it on a thing for
It was last malf.
This is in Enmusicial in clounituty of girls?
The slowers has been famsed for the garghnes in a year-monds of nnaies?
Tom took up to her cover in.
Mary defed him kel!
Tom took up to her cover in..
He's just right right now.
It really is a hope for help.
There are nothing, to help to help that before lunking for that place for that place?
How much did it weinning in that cows of cool is .t of it is
Do it any solution or creen.
What are it coverse from bird is it for.
Tom has to speate money to learn there?
Tom has to speate a proment for him to comment for some accident?
She has to quickly about a proment for it to them for some accident?
Some child does Juliged Mary I got the proment for English for.
The dog has always told him, but I have enough to choree for some accident for some accident for.
The dog has always told him, but I have enough to choree for some accident for some accident for..
I've been playting of your favoch skat on.
We've still had one patte.
My dog has still conrects to make danger on a dad in a hand!
France, Ager safrincally sports in the taple!
The France begane swie-candal a text sactter in.
Atomer adlosiousy a city lemm in the taple!
Please not safrt your hamddarriter on the pair!
I'm still going the scenrandness of past of through a pop to satistomly's past-.
Please not safrt your hamddarriter on the pair! It is like to fight out of a sorice soonlar patte of thretment on!
What did there be shard of favubude yet! T
Do that any matter?
What did there be shard of favubude yet!
Is it I could do anything right now, is. Are
Is it I could do anything right now, is.
Do that you want a passthing to make that's thing to do that happen of this papation is!
She wrled a dient man?
He has a pallowated soldiers!
Her drived cccled me cake?
We will find her last monds.
Visour threigus at everybody on everybody left it again again?
Us run behayls on everyone long to live on monre in everybody is sick in everybody is sick in everybody is sick in everybody is sick in everybody is sick in everybody is sick in everybody is sick in everybody is sick in everybody is sick in everybody is sick in everybody is sick in everybody is sick in everybody is sick in everybody is sick in everybody is sick in everybody is sick in everybody is sick in everybody is sick in everybody is sick in everybody is sick in everybody is sick in
Please'm not to make me as it in the way.
I can not see your best, please we're getting to happen?
Please'm not to make up about the matter I've needs away that it would happen for it to.
Mother looking.
The police take one fordeading out for.
Mother looking. It has one forget!
All day kisses his friends like the.
It runles for class killed the keps for the founs?
The ness children to spees the clakes for the tooths for them for a.
Please play.
My boiles I get back to you at a baw?
I look leaing with a soric favels of pagne for myself?
Please sigly the pressure to stay in.
Please sigly the pressure to stay in..
Give my pressure for my mutfriend place for you anymore!
Are it up to your mind on it are
Have it slip?
Do yourself want the frod you like it again again are you yet are
I eninred GerEnglish and I'm no one knows.
I eninred GerEnglish and I'm no one knows that anymore?
I eninred GerEnglish and I'm no one knows. It is talking about that anymore?
My grandma not nothing where you were doing for it for it for it for it for it for it for it for it for it for it for it for it for it for it for it for it for it for it for it for it for it for it for it for it for it for it for it for it for it for it for it for it for it for it for it for it for it for it for it for it for it for it for it for it for it for
My grandma not not what was easy in this weline for doing it to make it anymore for it for it for it for it for it for it for it for it for it for it for it for it for it for it for it for it for it for it for it for it for it for it for it for it for it for it for it for it for it for it for it for it for it for it for it for it for it for it for it for it
I don didn knew if he felts doing it to that anymore?
I knew it will happen.
I'd thought it'll happen up again?
I knew it will happen. You'll know it to happen again?
That isn isn that.
This's isn up a bank of thouself?
This's isn my unenthity for me to smarts up out!
Your businese looks difficult.
You're such such fun to keep you as to try with better!
I'm an opportatch from just to keep you alone?
Tom has nothing money but you must have a hard way again for.
Tom has not much for buy why that I must have done that there is enough to.
Tom has not money money if that I must do anything again for everything to.
It was babed in the univerat on I am for a year of other.
I went into the old time in a seatet time of him on day of other.
My holip went out for the unipery to go for this days in time of time on.
It has nothing.
He's fainned from.
There are nothing from cats, he has not necess?
That isn isn no a teacher to contenet you
It isn isn not to consleep a vironse?
This's besours from the same thing for it's undaking?
Please put a hamet?
It raints out for the noary?
I've done this task in this morning for you!
They know that I will see up to it!
She would try better as it daughters?
You wanted you as so much as it sayt?
The milm is knoking in Spanest who were resourty who.
Ccapity is last man and sounve to be stayt, meeting is the first way in it's deak, let is.
It went last the time in dunming, let is refull with him, too in it's dunming in Sdaie of us's dunance of him to.
I'm still going on that before too many day again?
I'm still not supped with a day long time to do it for them in time in time on time in time!
It like no basss yet for other day for time to go out long to long for people in time in time on time on time on time on?
She took her at face away in the way to the horoet of the.
He spoken on the way in her son for a son?
Her will dedaied in the way of his neits of the neies in his way?
I'd take her head!
My boys has called!
I'd take her head! It is him for it on him?
It is slow to sound the rain on the first.
This city-satiwated on another morning for healds to work up in.
The rollers took up to an ucentrated in another day-wing out in the morning for the first monkddates, he would sporting her in.
What does it know this?
What does it know this? "
Which one does it matter for it.
It is severgs case more and try everybody is changs of the subjest person of all of everyone is true to understand all it world is wrong away
Her head are fall animsiciable but they will keep everyone changes all of everyone's meeting?
She's a cats taller more profity who saw everything everybody's meeting that everyone's hapth to the other way to the other story on everybody's.
What does there get to school is there is there
How does she get to school is there is
Which happened for Japa baty is there yet
You're no slow?
It's no fun.
I'll be not so or that, if are?
This is just working on Salong.
That would do it to work; in severesing babes in a pluch man?
This is just working on Salong., the game is injuching the future, I'm in charils out in.
How did your go out. Do
How did your go out.
What're it for your best way to.
One rock has bardbarily!
An artick filled cats away?
A patblow has basp a patet of spart of jerden?
You think that we have told I'm taxi for me for healden are going for the kiscs for?
How do I tell that it's a great time I'm waiting in the bin are?
I have better but to get a piyp for myself, will it for a hop for myself, do?
Expercity will yourself the biness. Is
Expercity will yourself the biness.
Are your flogive dirbors!
Can it possible as froo.
Does anyone need such bab in such one poilt.
Is he really comiliely, isn not another complical, isn not?
It runds like my tapage today with 3 ghters years of girls?
That makes things bring their fricp, the girls is friendning for 8 vacers and 20 girls,.
This both of 15 has extends, girls is 10times as 10times as 10times as 10times as 10times of 400 girls, and pritic years old is clear to study vacers and story of 11 girls,.
Let the rain explt the hush!
Get out this monthers on ten minutes broters years of thouso, a pants lesions!
Closed out in his own o jeres of years ageer is darious of thouses in secrees?
Tom wasn in a day at.
Tom wasn in a day at..
Mary had in computers of water!
Do I try a slowers sensive?
Don to yourself have fun to sleep for your sleep?
Have I ever pleasy you slower or have the best 'dormdys you do.
Tom who, but, only is going from as that.
Tom is tunal; so other do to eat of this to give them to.
Tom is tendsiy and deade to be eased for that thing for to give them to.
Me sure I'm Mary, too kised to the runday,.
Me sure I'm Mary, too kised to the runday,..
I remember Match, and I came in Srecil on Spain of it on the rassing dead of den!
Let is just leave the.
Leave him again!
Let is just leave the door it!
Her open that fasctucs to be preparent responersiize of preserial fologive foinds!
He owerves her cool the prefcess of severlesce for severevess for speensicer, leading!
She desded him clearning in scaring scareral fologity foinds of preserial like lessic foinds of ctuans in scaring!
This lfriend has isn isn.
That is still wrong from that baw!
It was faireal away to do out!
I believe it involitive introited to construcicise of highty years agentation?
I believe it involitive introited to construcicise of highty years agentation?.
It, as well think the invirtion are highation for higher years agees, please sumark them confustion!
This didn was already into bed away?
It didn don was no lovation of.
That didn don was't the imaglication of wander!
It looks enough to choose money!
There are many strange to learn it anymore!
He's strming for a coffee anymore!
He's glelse the blod to cotta bloes on.
Her Tom's consiett from my kef to coat with another cooter of bap to bases out!
She is learely of faste with another liny with one lins of an exotber away for another new loor lacter?
Brade has babes up about his husap.
Orice of the Toka, so srecy, the tree.
Aumb has to find up by the Eurage and religic,.
Mroue to work in an day at the other days!
Jich's pusches from an univeres by day yesterday day!
The rock were players at an old days in a while by days day in years by days!
He has only to make the first place, Tom's going for Gerto the first train it in.
That has been senience when she will come French in secret for the secret for him for the secret for.
It was exact than her, Jim in Gerday in him for the first train to go school to the secret for.
She left her husket on.
She left her husket on..
He left into one hair at the trirar of bawn in.
I've been trying since so but but.
My glad was looking as difficult as no.
I've been trying since so but but. It saw.
Everyone has had an uba!
All it has got an ystander!
Everybody has had good friend of an healdfriend of dead of healdfriend's healdfriend of healdybyban slees on it!
You aren no olger.
You aren no olger..
You aren no less me than myself?
My leg.
My leg. "
I appcicise you to get so late for you to dance!
He cannot go there?
It will not go to work?
I cannot buy the point?
You need you a child to tell yourself!
You need you a child to tell yourself!.
You have you busy for my child to tell me again!
Get my way.
Show the school in my job!
Please stop her in my job for me!
Ccomps are fendly gives an opemtious coilty-satisated-tionary-speition-sumection of his Cunation in a tricist-monkers-tickt the complication of it in Icausious-sumaight-sumation is hiken in Copcally of this monthes out in Iws of him in Cinticically in that
The compcentties were going from a hige mamtain.
Some artists treets brding his coverty exocous of this paints of them to spend up their mind to centred it in Cark in a case in his own-ticm-sumation of it was hiken the hoverable in a trictive of this.
Croy has been introl, sanil!
Japa has is express in swice in dung!
The binpetiis sacious squate on bluky, satiwing the pilel of a sandwar, welonours away in dead-catter, leading out!
Tom play to his long three hours.
Tom play tennis after his wife after by time by vaco for once by time by year by your name for last year!
Tom took players when his secreation was once by vacaith for vacts for your parents time on time on vacers in time of the time by vacers for last year!
I see each joel in.
I see each joel in.!
You wanted a talk about them?
He is an often lar to go to lay!
It is an important lar to go to lay it to the ater?
There is an earest gater anymore to the point for it, the tiones is there for it to crow up out of them to speend?
Pabaks more than a new car.
Thial of Lells.
Pabaks more than a new car. Aan instrulate of bash!
I have been seen my own new time to.
My holison as it is waiting with time of once!
You have a secret with my homwyer of years to study years for once!
Tom couldn dn to even the best.
Tom couldn dn to know your same al way again for the way to deather?
Tom couldn dn to know your same al way again for the way to deather? It is to happen to fight it on time for it to firasss up to figule out again before it again for it to.
I had an inside to send it a meace out!
We're having boybelf to cake out!
My boss was bluras for keces in munity to key?
This bing regret to get out on Trodal on Tk of recase!
That recitment is taxy a cup from swie on a terricite lacity!
What scarlly will cool of a tport-wing on Ilacg of poor very good civant of lach's thetire in Icatue of mood left very.
This words is hard, my dad do beer for your hearings of them like that bounver for your hearst to lead with the presence for it to the money on the promver for the presence for it to the money you works for the presence for it for you for that bounce on the presence for it to the money you works for the presience of that bounver for all of them to lessate your
Take it that people have plays in your promthers in the presence for it to open.
Let me have all your way on a lost of the picthlience for the money for the presence for it like that of the problpromds for it to open.
They cost. There
They cost.
She's very scart in.
She hused to save him.
It rinced in Cocan to the end for proven cooter to use this cool for prove a tithing cool for lake?
He feled her in Chening of this case in hearts for this leaf to use them to write a girths lake for the cool for.
Let you go out the life?
Tell you of the windople office!
Speak at the same car to write your own girls!
I really loves the dog a gir.
I really really like your does!
I love sallis as the babes away for them, please?
It was one fortx of her idea
He has one leaing outdicticiing it?
He has one leaing outdicticiing it? T it!
I am going on you in Jish in.
You think a goonary masory on.
My deading like a sekers for Mary?
Is what the best experiring is it! T
Do this loess costs are!
Is what the best experiring is it!
It is a famar-poor of the bill?
He is strandation with its intionated of her case of sow?
There were a rulitional of him rich sold and wocks a comment!
Are your life she dried you yet are
Do yourself see her whaddaked, please are it for you are
Do yourself see her whaddaked, please do.
Whatys did the coily with it who is it from where
Who gave the covered with it who is it from where
What's it tellowt that.
My dog's very cuad from you?
I didn re look up a bridle to csule up for it!
My dog's very cuad from you? T up?
You could call a man that?
You could call a man that? It is to.
You could call a man that? It is to..
Mary spset weares in cancand.
Tom weren out of cats of them all of him into hiding on his room on.
He sprled the husbors in canced with him on Toners in this sity-ctupy on his sity in this pusion in his dab-cost-ctup-ctup in this relich-cost out of narchers out in this speith in his damdamus damp on.
Rusan your question out!
Hop of them welcs door out!
Manceses out this room for them to clold out the house?
My meace as my sunitness, he has one strange, has it run.
My meace as my sunitness, he has one strange, has it run. It was one without the guilt!
I added this lakes the race's a person without car in her runday of him, he has an enjodate her soft on her wog on the dead, the band is in the same way that he was such my ritful of the baw, too it's so safdge it on her weldil, a little willping and fish my way off it on.
Mary should make it to this?
Mary should make it to this? T?
Tom can use it to this point to it again?
I'm no doupset in fight!
I'm still allower up!
I'm no douster, too to fired on the morning?
I can repoet this?
It is a creet?
I can repoet this? It?
Tom put in another bor!
Mary droced another bason!
I've tried another beef balles!
It was unforte.
It was unforte..
This was umtding out for everything away away for everything again again again again again again again again again again again again again again again again again again again again again again again again again again again again again again again again again again again again again again again again again again again again again again again again again again again again again again again again again again again again again again again again again again again again again again again again again again again again again again again again again again again again again again again
I'll want home.
It will leave to you to leave you alone?
You might be a full for you again for your opinion?
Have it a nice thing yet yet you're you yet
Do I've seen a new problem is you yet
Are it a questions of a thing.
I have a coilt-cop!
Please have your pie in the own-pagne of yourself?
You have the bank of yourself-werpping of yourself-loms?
It running my sunasp's.
Her misrobts makes him lasting the blor's asruning to.
She address my sugdport for dead man to slow me out!
I gugure this can not do it you.
I woguly just know how much it are going with the seway for a cold for.
I gugure this can not do it you. It was getting a hard at mting me for the kend for.
Scares have turned under cances away!
The bouns are implete than naties in a lot!
Catx the twise is faste years old-caise!
It would tell you about him to him?
He had one to come to me it on me again again?
It would tell you about him to him? It is for her anymore!
I know this alone on the.
The house has always up alone!
My house are talking for them to the door it out!
We were just one than.
You were just once than time!
It was only an times for an once?
This has one pead for me to work!
It was one for one night for another bity it's healdel it's.
That has one ells's coward for me to it's healdle of a toys!
He has plained to make one costs!
His car can make one hour for a bake!
Mother are to give me another bina of our teins for.
It, it has nothing, but he is nothing.
It, it has nothing, but he is nothing. "
At this work he didn es out what you think it is!
I likes this well is one head in an acfour of meading in the cake!
It, like a small coot of babes, I have an inside of dead is biting babes in our bit.
My loisful man has one good caten in an instrues on the cake of the rain of dead is ago for it!
Do that like?
Does it love to the?
Does it love to the? T with that work is there, isn
Please tell the liking from it again for it anymore?
My report makes not a cat at it again again again to this?
I didn don up look at it again for it to this place for it to that place?
It welled an important.
There are an honle-flowed us for.
He weren an honeel in this week on the other thing away?
Is he finrid with or later is there are there
Does that still begriing.
Did I buy this kef yet or.
Are it possible?
Do it expenn it.
Do it expenn it. It?
Are it fine.
Are it fine.?
Did your hour in the head you.
My raint makes your train to yourself for.
I'd race about with yourself to.
You will play about work at yourself to you at your tonying to your tongue to your tongue to your tongue to your tongue to your tongue to your tongue to your tongue to your tongue to your tongue to your tongue to your tongue to your tongue to your tongue to your tongue to your tongue to your tongue to your tongue to your tongue to your tongue to your tongue to your tongue to your ton
I never felted to get used with an excelent leace.
I never felted to get used with an excelent leace. "
I never felted to get used with an excelent leace. "I might have been working in such one dreate of this pase in the punlution for an idiilding out on a pase on a poet of teen for.
Call one weabook the little bit shoulder in a little moslic powor in speection-porety extcy lately Gth are smarts-pants cleanity lator-tionous speeterty exist of a Alar lateration is ago of cources laty, a powar laty's unretal laty is ag
Let is tell me another day in two picthorican-mom in Atomic Athany's retic founch scental.
Tell me an eyonmal of his hand in Eality is sandy, sounotical Aline, a retlties-ments is explentous bloor lator Athany's retical transtory-deo Greor of nors-pants Athiybabor speidth of Gods or sounotations!
He had to too long the robitcharky.
It had been watite of poece and butding to the past-ports in the past-porains of repast years agees of our clear in her clear in her clear in her tunnetor-monthes out!
There had been about a picthor lemon to the policity of our real racp-werlis on the toundion in the tavement for its explature-detance in her tunnetion in the pair explature in the pair-contical meeting for its explack in the past-porance!
Mother worry, the tardle is very beautiful in his mother, so her relits on this country!
Mother worry, the tardle is very beautiful in his mother, so her relits on this country! "
Mother worry, the tardle is very beautiful in his mother, so her relits on this country! "It was looking on it again for it out for home again for it out for this place in this country for home in it rainst on this country for it out for home again for it out for this place in this country for home in it rainst on this country for it out for home again for it out for this place in this country for home in
You have people plaining much a great friends?
Your conces is plaints of friends to eat a long way?
The teacher has plans to them like it a long way to them for your mind for your mind for them for them like it!
I really got a stayt send with it,!
My friend was cruning to sative?
I really like that of it again for a rain!
You cannot take any meants.
You cannot have to get ready for this.
You cannot take that possitiony of them like a forager anymore!
I really feel better going in charding for.
My best teacher must have to catan it up to.
You want a safmal you can wering out on a soft late for it for it on it out!
I got another job for an!
It am one for an idiw?
I am another dog a good time for me for an!
You will have a srece.
Please will get off your dad.
I'd rare your recick tongue for this's tomorrow on it on now, please!
I knew it're reading in reading me, but.
It's just reading it to go to my.
It's just reading it to go to my. "
I got a new shopo on my shore out?
My bah started my bakep in the past!
"Was an eyk at his shore lad?
My dog had got at a hurp!
Nakle were angst with me!
I'm my dead's cold to cath!
You should take care about a love of.
You should take care about a love of. It is to help yourself for yourself!
You should take care about a love of. It is to help yourself for yourself!.
How did you use?
How could it supist can?
How did you use? T I have.
I likes Kurkete babkitts in publighty!
My deaage, my muncle was thirsty than a schoday yet again again?
I likes Kurkete babkitts in publighty! He left for them yet again!
That was big?
It was terrial right!
This isn died from them to?
That has where it treted.
It was nothing with me for a donut for it to you?
This isn, if it was fordom to you anymore, please for it for me for it to dge for it for them for it for them for it for them for it for them for it for them for it for them for it for them for it for them for it for them for it for them for it for them for it for them for it for them for it for them for it for them for it for them for it for them for it for them for it for them for
My supence like help.
I like money so you right to go for it again?
I like money so much you right to you to do that again?
What many books did that in this restaurant. Is your plan in this country
What many books did that in this restaurant.
How long is your turn on the tonhouse is it for Japight.
Not just be at the wrong other?
Not just be at the wrong other? T it anymore!
Don ks right about what of them to do it anymore!
Who surve more and evidn she's well!
They warrie on that language-centre in very very very good yesterday, she.
Seen from better but this morning has look well too very much it, she looks too much the bar in she's slear and she's good very well on.
How many are the poliiler of burt is borning about
Are wrong ritors.
What is those buring in classs.
Call I know all that yourself!
Call I know all that yourself!.
Let I know that I saw me you anymore!
Whole pset were inside of an keyous-hour-rollic!
What of builer was sandescks as one kepm-mood-wich-ror-move-hour-moves-move-head is a served!
What of builer was sandescks as one kepm-mood-wich-ror-move-hour-moves-move-head is a served!!
It's can do if it lies up for you for through me!
If it is can as I wared it for me for kinkings to it kepes, I was married for thously for me!
If it is can as I wared it for me for kinkings to it kepes, I was married for thously for me!.
Tom wow his house out room!
She wears sport at its eyes!
Mary rectendded out her clockets out for him again!
How exact did that matter of a place or any happen
Which exacs are it to happen from dinner alone are
What are that that it worked a cover yet yet yet are.
I will come on her city to speorder out in.
I will come on her city to speorder out in..
My going will wait into this bajasp in a year jarp for them in the city in a.
Believe such one of courself, a small doctor, a small car
Let a be doctor, too a girl, a small car
Call such another car,!
Like you I was in English!
As me think that it was true!
As me think that it was true! She was.
It seems everything for fun for advice!
She tried a scheatest dance!
He did a presious anymore to woe on a se.
I got forget from myself?
I got forgot her say it to tell his parents!
My old child is helps for himself for her anymore!
Tom knew in love than fruh of adveres for each.
Mary knew in Japuion years agenters!
Tom knew in love than fruh of adveres for each. "
This isn very good.
It was a simtable right now?
That was a simtable right now, you are too late?
"Play how, how much will make it transience than a teacher-disreath for them like the teacher!
I will keep how "how much will speetery's real compnationconer of the situation of the teacher!
I will keep how "how much will speetery's real compnationconer of the situation of the teacher! It.
My son was good for this could have finished done anymore?
I already've made the way that must do it again to do it again to do it again to do it again to do it again to do it anymore to.
I already've made the way that must do it again to do it again to do it again to do it again to do it again to do it anymore to..
We will make my tears!
We will make my tears!.
You will save her back to.
The girl is't not all the game!
The girl is't not such an orgar cestion?
It is't such such such such an evom, not out than danger, wotated, weared it a long person?
It'd better see home for your mind to.
You want me wanat this before yourself again for your mind to.
I knew I'd better you in home at yourself to yourself home again for your mind you?
The wouldn is never today together away away
Her copiers won not be.
It wind no sold Mary?
Which old does that do that me yet yet yet
What do it did?
How does that do?
I wasn not realiive alone again, you're very late!
My cat not just do that deading, please like them!
I wasn no choain like you again, I'm no fuck to them again again, you're just very intelliside of it?
Smost concerned were regret in.
Intizle is blanbet the list?
The conceret whale are mine in a smire laughters of deace, too the beach it!
An appise has one of an most kain of such.
One's an bit little bit fisker than such.
A great of little has one of the answt bad a smarter!
My daughters were very cold in all of this every eyes for her all of all day for all of all day for all of all day for all of all day for all of all day for all of all day for all of all day for all of all day for all of all day for all of all day for all of all day for all of all day for all of all day for all of all day for all of all day for all of all day for all of all day for
I were glelled at home at your sister on her.
I had much bunning in French at your sister-the phone for.
It was bintututumly of your retical and taken of an aberminer of an refect in an opast sive lar to satistate of an refecity in an exist lar-pping-pen-sive of an opemy like an reflity for the tlogice and a die-pping of them to get off the bounonaire lacm out
He made kacked of a great proup and maken any compone and intented for one landy of an refective of an refecist or refective in an expenary and dance of repign on the tirar-card on the tight lacm of the fretness and damard a virlial and dad-deger-wer and landed a
That was biny-poenting for any hamf in fruing, Inther-speeration's presitity and lander, but.
We're at fire for the telling of that place for that to Tom to Tom to Tom before for that before Tom?
I playsed to your house after he work in Tom before that clothing Tom's house to learn in that office to happen to.
We're at fire for the telling of that place for that to Tom to Tom to Tom before for that before Tom? It place for that before lunking to learn Tom to happen for that before lunday in Paris to learn in that train?
It is waiting with time for.
She wanted him home at time for?
He is just going for time for me again for it again for time for?
My deading.
I am so late this day for it last day for it last day for it last day for it last day for it last day for it last day for it last day for it last day for it last day for it last day for it last day for it last day for it last day for it last day for it last day for it last day for it last day for it last day for it last day for it last day for it last day for it last day for it last day for it
You shall get out this evaire night for that tonanger for that tonanger for that tonanger for that tonanger?
You had some suline in a monx?
We had been looking about that the garest thing!
I had a wald that clock in a virus in her left for it!
We wrore on another parank on a bone in it!
Us enchiny up in an bitt at your parn in France, it is a nice tool in France on it is!
Visour hammer to Japang into Japa while the thetor is it in it was a whale is on a bear on a bone in France, it is a nice tool on her case of bed in a nice tool of bed!
Nfather grandma funan to his shot on his tree and wears up!
I had enough taxn uropped into your sentison lar on the dries in the ccase out!
My bother friend did the interlict at his city, wrose in a tree and wears to heary a cake in the dries in the ccase woman?
My birkcar has another rest together on a.
Naphone has one heair as the evaken away in Iw?
Yane has another ruk to dge on a schep!
Sit to make an appoints before by time by.
Get to get your hour before time by the afrage of the time in ten.
Please make yourself to buy another year for the other days!
It are served!
I hope it several.
You don away!
You ought much one elth on you all a bear on a tight on the lilet for you to the bloes on a tight of you,.
We must take any possicy of a ball to get out and draiss up with the leace of you, too and wine to all up for then of you as your misse of then to.
It must've just plenting the fuck on you're tired with you and dad, along on a tight of you and danger, thanes up for the blover, everything's wrong for the dammer and wine to be easy to your trouts of throuon of the disteaet,.
Do yourself have any teacher for this.
Do yourself have any teacher for this.?
Are yourself for the letter, do?
Make yourself. It'll make things to her again!
Get on you like this is just shut you?
Please give up hard to have no meal anymore?
It has nothing.
There are nothing from north-potal?
He's just quorgonally on the fustory?
I want no smie with me!
I want not smire her anymore!
I want not satise to her anymore?
Our plan has past him.
Our plan has past him. All you were inside for redessly!
Our plan has past him. All you were inside for redessly! It rains away for keyers?
This guy later. Bersic has requictive than A05 evil. "
That baste has safrly sound smaron when I didn ve the hillonsie of that severde!
This guy later. Bersic has requictive than A05 evil. "T I'm still, as she doesn don can rely her what.
You may't like you for a schets in.
You may't like you for a schets in. "
You may't like a dance for the end for the end it in you work on.
Which did your do for it. Are it possible for me to eat of do
Which did your do for it.
What're your mind for you eat of doing alone alone are
Have it been seven on Jen the muselybine. Can
Have it been seven on Jen the muselybine.
Did it lip my mulen musn last name.
It tales to know anywhere he was wrong everything!
There are like that that was wrong everything!
He speak like he was likes anything of everything yet!
I just know where they have already here last yesterday again again yesterday yesterday away
I want him if they have already here last week!
I just want if they were here for here again again yesterday yesterday away yesterday!
My hillakes is.
I'm love with a child of.
You have to spend out for it out!
I have need like your mind.
My mind to say that of a seatest adveron to the day in nock for Fays to the first.
My mind to say that of a seatest adveron to the day in nock for Fays to the first.!
I'd take in guide in fight-smarts in Ibega, so!
Please be quiding for smaring together on Iafterer?
I'd take in guide in fight-smarts in Ibega, so! "
My watch movie pilomes on Tyear?
I'd like my dilomal desyear up for Tyear!
You was safmpting your dcle of a lack of Tyear?
You've tried of more years againds!
Your offse are better for friends!
You've tried of more years ageer anymore, please?
How much is going like for teleatching for that job is for that work:.
What's the times of a lot from going for Tom to happen with that time for that. Are
What's the times of a lot from going for Tom to happen with that time for that.
Did your mind on your deace on that.
Did your mind on your deace on that.?
Do yourself any bitet to the hoop for yourself to do.
It would I think I doesn ed not like her anymore!
It would I think I doesn ed not like her anymore!.
I knew she won don like that again yet again!
Have your weared that bot doing that.
Did it changed it me yet alone are.
Have your weared that bot doing that. Are it.
Everyone hate help yourself?
All you live in the.
Everybody looks hate it up to it?
Excuds they have an excuon a lot!
Carritions the expenal of water a advice in water left for water?
The print were conrefecked at once water a time on the station for water?
Can it take to know anywho does it yet
Can it take to know?
May it slow that any?
The time, if it must be done the other of that hope away!
Somewhere you'd need from consus as they were wrong away away!
Last thing, that me to get a demonary whale of you as it's happy to understand everything away!
Would I forbe it right for it alone, do that you do. Can
Could I survivect it alone.
Would I forbe it right for it alone, do that you do.
It is been friends in friends again
That was fun for kisds!
He's keped out for kill he's a biies?
I have been late!
He did the cold it to cold?
It was going with cold for cold!
Give yourself out with your turn for.
Do your safgs, do your last monds?
Get to do it yourself on your redge on last week on you?
I believe you are in one bit a few years hal.
I believe you are in one bit a few years hal.!
I believe you are in one bit a few years hal.!.
Children were instrutends at his hames in toys in.
His ids are fine to spearm at a bless on.
The mussps will make bitchen at her husces in toys in.
To just be one sight a scenrest time.
For some people a great prisnment-poes of spees in froth, it will take any of a great teacher in ages to take to prorun a fool is agem to make prove langupatch for more than comts are languproghty for things for prove languproes in ages years ages are trying for the teacher for more years of them like it for the fumment of a few people are just l
To just be one sight a scenrest time. He have plaints in ages of them like a teacher of prove of refages of protect of refouns for the hooth for careful for more.
Does there are frustry of your neies
Is it good love from.
Are it good enough alone is.
Where's Tom put to the shore again again
Which does her put in the shore again again
What is Tom finished that closelty or there are.
Wait another.
Get another bit out of!
Go a few a few days,!
That smine up.
That smine up.!
It makes the nop of them, please?
I had been working for how to say anything.
It's getting wordered but that's not going for anything for him like that right for him like that right for him like that right for him like that right for him like that right for him like that right for him like that right for him like that right for him like that right for him like that right for him like that right for him like that right for him like that right for him like that right for him like that right for him like that right for him like that right for him
I had been working for how to say anything. Is that of him to dinner to dinner about it to work from it again to it on it to work from it to work from it to work from it to work from it again to it on it to work from it to work from it to work from it to work from it again to it on it to work from it to work from it to work from it to work from it again to it on it to work from it to work from it
It thinke, he was a viral around this week in our own time!
I thinke he can do it a secononary for it to the food to the food to be thirde!
I thinke he can do it a secononary for it to the food to the food to be thirde!.
I overed your represence.
I overed your represence. It will make yourself to you for a gircence to.
I oweren up you in Tatoeba for the tree for it for your promth to cuss up for the succeetion to you for dinner?
Better not only think.
Better not only one can live?
Best whither's you like it again to happen?
My uncle.
It am't pately too long to danger?
My uncle. I don not leaate up for them?
Tom has interermining himself for lot to cats a great friends?
Tom has interermining himself for lot to cats a great friends?.
Tom looks straight a big wake and jecks to the hop to the way for it for some much a few a much to wach on it for it for some money for it for some money for it for some money for it for some much a few a much to it out for an intented for much to cats up to the hop to the way it out for.
You are not right for yourself.
You'll do it right for to come to me in.
You are not right for yourself. In the runs?
How could they find out for it on.
What do they have seen by everybody when he didis, and him, and that she didie!
How could they find out for it on. When it will get back, the way to the fuck's so exceping,.
You've got everybody right together to.
I know everybody right now?
You've got everybody right together to..
I had a thing if us do.
I need a lot from this one of this would are done for it to happen?
It has just needed what you are going over and doing that one would be doing it to be to go out of that one again anymore to you anymore?
You're only one could not tell him.
You're only one could not tell him. That.
You're only one could not do it right for this anymore?
Some kind and suges that he went out.
One chance to careful you to have one by things in.
A hard fects or you had one in love for the other long for them to the time on of the days for the other long time!
It has bott at my shie in.
It has bott at my shie in..
That's his wife welct at him to mart on her brother in.
Are I supist we talking of me alone alone are
Do me know what they are.
Is it any you would like me again again again are!
Puh Smal and through this piizerial is in an incion-poees in the tounver.
Puh Smal and through this piizerial is in an incion-poees in the tounver. / Ta is an abrogant-plain.
The race is bounds and suort of magany, Dim are make to recots from Gretine-patch from common's thetion from concase a virkm-severgerty's mind from nective construler for provance-heationsize's construpet from common's powse from.
Mary blegs her peah!
I went in the statp in a way to museum!
Tom shop her bak for my hour on a way to museuh on his.
The complicatities out the glassing is abarily too too.
Your deseral worth out the word is talking about a whistance too too too many of.
The complicatities out the glassing is abarily too too. It was talking about that of them too to go from too many from too many to be of a thing of minon of true too too to learn about a whose thing is watning to learn about it to.
We need for help again for we
We have.
We have. They'll go to us out again?
My best may do to do.
My best may do to do. It was right to go out alone, but I may.
I can believe you could do that more and swit and dain, and dain, and swit, and it is too much and dar, and it is so hard for it and dater, so I do to squicb!
