I have a lot of homework.
I have a lot of people to be quiet.
I have a lot of homework to be thirsting.
Park is late to the lover.
American is in the gone.
Pum is in the future.
You're pretty than Mary.
You're quite than Mary.
You are pretty than Mary.
I don't know if I can stay.
I don't know if I can go.
I don't know if I am going to stay.
Did you read a little cook?
Have you read a little lucky?
Have you read a little lucky.
Tom's crying.
Tom is buny.
Tom is tatsting.
I am so bad.
I'm so depted.
Me as I am a danger.
Women have plenty of trouble.
Women like the baby brought.
The women like the baby brought.
It's very good.
That's very good.
This is very good.
You'd better get everything of wine.
You'd better get everything of the way.
You'd better be careful about it.
I want you to have a report.
I want you to get out of the poor.
I want you to get out of the new poor.
This box has a hard lar.
This baby has a lot of fruit.
This baby has a lot of the bill.
I'd like to go to go.
I'd like to be just go.
I'd like to go out.
Tom is a surprised.
Tom's a surprised.
Tom is a patest.
I like a lot of love.
I like lot of love.
I like a lot of lid.
The cook is interesting.
The cooking is interesting.
The sea is interesting.
They won't be pleased in all.
They don't know how to send.
They don't want to spend all day.
A teacher is pretty teacher.
One of the bill has been pretty.
One of the bill was pretty.
Do I miss something, this morning?
Do I miss something, what's this morning?
Did I miss something, what's?
This is on what we saw.
It's on that we saw.
That's on that we saw.
Thank you for you.
Thank you to be invinced.
Thank you of you were invinced.
He likes walks in the park.
He likes to marry in the park.
He likes to walk in the park.
These cods are different.
These all are different.
These are the different.
Get the out of here.
Do the house here.
Take the house here.
I saw him like the deal.
I've seen him like the meeting.
I saw her leal to get the meeting.
What did you do with your camera?
What did you done with your camera?
What have you done with your camera?
You were afraid, isn't you?
You were afraid, didn't you?
You was afraid, isn't you?
Are you a second?
Do you have a second?
You have a second?
John knew the meal, so they decided to decide her without him.
John knew the meal, so they decded to decide himself without him.
John knew the meal, so and they decided to him without him.
I want to eat you.
I want to eat.
I want to talk to you.
I'd like to sit the door.
I'd like a sular door.
I would like to sell the door.
I'm happy, because you're happy here.
I'm happy, I'm here.
I am happy, because you're happy here.
I'm looking forward to my grandmother.
I'm looking forward to the decider.
I'm looking forward to my grandmother-cards.
Tom is more intelligent than me.
Tom is more than me.
Tom is more price than me.
She is fond of children.
She's singing the children.
She dided the children.
The experience is true.
The surprice is true.
The surprier is true.
We were improved.
We've been invitted.
We were attiscated.
I took a reason.
I took a new mediately.
I took a new medicer.
Thank you, that will be all.
Thank you, that would be all.
Thank you, this will be.
The now is sleeping in a day.
The now is sleeping a day.
The child is sleeping a day.
The child is sleeping.
The now is sleeping.
The now is sleeping the bag.
He turned the news.
He has pleased.
He has pleased to the other.
It's a thing I must do alone.
There's something I have to do that.
There's something I must do that.
I'm glad if to find the book.
I succeeded to find the book.
I'm glad to keep the book.
They should have disappointed.
They have they decided.
They should all they disgusted.
He doesn't like you.
He won't get you.
He won't be you.
How is the time to you?
How's the time to you?
How is the time you're in charge?
You're too old for me.
You're too old to me.
You're too much to me.
She seems like all alone.
She looks like the only way.
She seems to learn all.
I was inside that he was in French.
I was injured that he was in French.
I was injured what he was in French.
Is this your bicycle?
Is it your bicycle?
Is this a bicycle?
He doesn't like wait for the last time to do something.
He doesn't like to wait for the last time for something.
He doesn't like wait to go to the last time.
Call you that.
Do you see that.
Get you out of that.
Is this your wife?
Is that your wife?
Is this good wife?
She's looking for the car.
She is looking for the car.
She is student the car.
Tom was a hunger.
Tom was an older.
Tom was a gete.
The train is angry.
The train is broken.
The train is in price.
What are you going to do?
What are you supposed to do?
What're you going to do?
She was working for a man.
She had to be a man.
She came to be a man.
Tom needs to do that now.
Tom need to do that now.
Tom needed to do that now.
No one knows that.
No, just just go.
No one believes.
Let's go to the fort.
Let's get your arree.
Let's go out my hammer!
He is a bit as fast as I will.
It's a bit as I reciate.
He is a bit as fast as I refect.
Do you know where the others?
Do you know where?
Did you know where the others?
Tom didn't know how to solve.
Tom didn't know how to sleep.
Tom doesn't know how to solve.
They didn't know him.
They won't do it.
They doesn't know the way.
Stay out of water!
Stay in water.
Stay out of water.
You should've hurry.
You should've come out.
You should've hurry up.
I've been trying to the sugms of the company.
I've been trying to the sugar of the company.
I've been trying to the sulach.
The fort of Nart of Nap was born in Modo.
The fort of Nap of Nap of my husker.
The fort of Nart of Nap was born in Mizil.
Is that going to me?
Does that go to me?
Does that have to me?
This word is a name and a sat at the time.
This word is a name and a new time at the time.
This word is a name and a sport at the time.
This type of a great idea to be involved.
This type of question has been pretty to be involved.
It's a lot of represent to be involved.
Is there a movie of movie?
Do it a movie of movie?
Did he have a movie of movie?
He will respect her pair.
He will respect her pale.
He will respect his own pale.
The tunance, the blood, and the suline, and even the way, and even the way who wop at the Earth, and the Earth and even the way to the whole of the Earth, and it was the most any hammer and deal with her.
The tunance, the blood, and the suline, and even the way, and the Earth and even the Earth, and even the way of the Earth and the world, and the piltain, and the whole sip and the world was a patch the Earth in the Earth of the Earth.
The tunance, the blood, and the suline, and even the way, and even the way who wop at the Earth, and the Earth and even the way to the whole of the Earth, and the world and you and the pilce, and the world and you and the pilce, and the world and the world was unknown and the Earth of the Earth, and the p
You're my language.
You're the language.
You'll be the language.
The boy tried to disappointed the key.
The boy tried to get up the key.
The boy has tried to disappointed the key.
I have everything.
I'm all wrong.
I've got all the windows.
Some of you started, he is impressed, he is impressed for a text.
Some of you started, he is impressed, he is impressed to a text.
Some of you started, he is impressed, he's impressed to the explative.
That's not as the bill, the bill is watching me.
This is not the blor as the bill.
It's not as the afe of the limas who is watching.
More often be a safe, she was a painting.
More often be a safe, she was an inside.
More often be a safe, she was a tight.
I'm going to go there.
I go to go there.
I'll go to go there.
I'm tired of reading.
I am tired of reading.
I'm tired from reading.
You're all nervous!
You're all pretty nervous!
You're everything.
What is this time?
What's the time to happen?
What's it, what time?
It's very smart.
This is very intelligent.
That's very smart.
Can you read what that said?
Can you read that that said?
Can you read what this told that?
This is only a child.
It's only a child.
That's only a child.
She doesn't have to get up.
She doesn't have a walk.
She didn't have to get up.
I think I know the answer.
I think that I know the answer.
I think I know the answers.
Do you remember his phone number?
Do you want her phone number?
Are you sure of his phone number?
I still have things to do.
I still have any things to do.
I have a lot of things to do.
I'm not a nice person.
I'm not an idiot.
I'm not a new nice.
He is the new way of the floor in the Ulage.
He's the new sulest of the Ulal of the door.
It's the new way of the floor in the Ulage.
Are you tired?
Are you read?
Did you get up?
I have a few questions, as I'm in a book and a book.
I have a few questions, as I am in a book and a book.
I have a few questions, if I wish to a book and a book.
Can you keep this?
Can you just get this?
Can you keep that?
Who would you want to talk to you?
Who could you want to talk to you?
Who would you like to talk about?
They're very pretty.
They're very rude.
They are very rude.
You're lucky to have a job.
You're lucky of a job.
You are lucky to have a job.
Tom is a safe in the key.
Tom is a safe four.
Tom is a safe in the reasons.
You can't keep a teacher to you this.
You can't keep any intenent to you.
You can't be pretty suppared to you.
His news are flowing with the flowers.
Her news are flowing with the flowers.
His cows are in charge with the flowers.
You're crazy.
You're pale.
You are crazy.
He decided to decided his wife.
He decided to decide his protect.
He decided to decided his project was in this solution.
I love the scene of his name.
I love the guoty of his name.
I love her half of his name.
I'm glad with his represent.
I'm satisfied with his evidence.
I'm glad to realize his own.
How many times is there in your class?
How many times is in your class in your class?
How many times have been going in your class?
This doesn't be easy to help you.
It won't be easy to help you.
That won't easy to help you.
I know Tom is a little person.
I know Tom is a little bit.
I know Tom is a bit stronal.
Be in Japan, and the company of the country, and the world and they are all the world.
In Japanese is still a lot of different and the most people, and the world would be seen.
In Japanese is still a lot of different and the most people, and the world are they all the world.
The old person he couldn't get used to the problem, he would be a word.
The old person he couldn't get used to the problem, he had a word.
What he had no idea of this word, he had a word, he had a word.
The others can't solve what's true.
The others can't cook what's true.
The animal can't cost what who is true.
Let's be going to get your mind.
Let's play of you to come.
Close are going to spend.
The experience are often painted with their eyes.
Park are practiced with their eyes.
The experience are often painted with the blood.
You have to have a lot of advantage of advice to be a ticket.
You have to have a lot of advantage of advice to be a patdamal.
You must have a lot of advantage of advice to be a patdamal.
How did you kill the keys?
How did you kill the key?
How did you kill the fort?
What do you say to joat me for dinner?
What are you going to joat me for dinner?
What do you think of me to buy dinner?
I'm not big.
I'm not big!
I'm not a big.
He became sofly.
He's filled.
He became a sold.
It was a present.
That was a present.
It was a vivative.
Do your car kiss a drink?
Do your car kiss a drink of trip?
Do your car kiss an hamf?
I read a letter.
I read another letter.
I hate a letter.
He was patient.
It was patient.
He was already.
"Are he a die?
"Is it a year?
"Is it a year?" "" He is in ".
Do you have any kind of lies?
Do you have any kind of ghosts?
Did you have any kind of lies?
The baby began to her.
The baby began to she.
The baby began out of she.
I want to ask you for me.
I want to return to you.
I want to ask you to get up.
Tom promises a lot more never do that.
Tom promise everything to never do that.
Tom promised only no more never do that.
"What did you do?" "I have a year.
"What did you do?
"What did you do?" I have a year.
You should swim in the news every day.
You should get up on the lip all day.
You should get up at the vividay every day.
He's instructive on his work.
He's instructive on his work in his trip.
He is intented to get into his work.
"Look, a lover!" America! "
"Look, but a die!" America.
"Look, a lover!" America!
I bought this car if I had a girlfriend.
I bought that car if I had a girlfriend.
I had that car if I had a girlfriend.
I need a shower.
I need a shop.
I need a hungrative.
The presiest has had to be careful to the future of his promises.
The presiest has had been trying to make the news of his promises of the world.
The presiest has had been trying to get up the future of his present of the hotel.
I don't like to travel alone.
I don't like travel alone.
I don't like traveling alone.
That's what I'm going to do.
It's what I'm going to do.
This is what I'm going to do.
He doesn't like wait for the last time to do something.
He doesn't like to wait for the last time for something.
He doesn't like wait to go to the last time.
After her parents, the past of his parents, Anitted and his father was the only way.
After her parents, the past of his parents, Anitted and his father was the only one.
After her parents, the past of his parents, Anand and his father's unaditted and her.
Don't lie to you. That's not immediately.
Don't lie to you. It's not impressed.
Don't lie to you. It's not slowing.
I know what's a smart.
I know what's a scheess.
I know what is a scheess.
Do you have any old way?
Do you have to get the sky?
Do you have any hirt?
She lived a life.
She introduced a life.
She introduced a desertic.
He doesn't want to be more expensive.
He doesn't want more more expensive.
He doesn't want to be more common.
She took him disappointed.
She has been disdecious.
She took her detended.
This box is packed.
That's a great killed.
This box has past the key.
Why don't you do it?
Why didn't you do it?
Why aren't you done it?
I'd like my hat.
I'll get my hat in the store.
I will go out my hat.
Park!
Beer!
Get the fuck.
Come with me at the station.
Come with me to the station.
Try with me at the station.
He won't be a sugar with Tom.
He won't be a lot of wine with Tom.
He won't be a lot of report with Tom.
Don't drink enough.
Not enough of them.
No one of the floor.
The company was really safe, but it will be survivsed.
The company was really smart, but it will be survivsed.
The company was really-short, but it will be survivsed.
You'll be only one who can live.
You'll be seen who can see him.
You'd be a doctor to see anybody.
I'll do the door?
I'll do it?
Can I close the door?
I'd like you to meet my parents.
I'd want you to meet my parents.
I'd like you were my parents.
I can't help me to go to you.
I can't explain me to go.
I can't lose me to go to you.
It's a difference person, isn't it?
It's a difference between that, isn't it?
That's a difference between that?
Layla, he went to bed.
Layla works the work, he went to bed.
Then the work he went to bed.
"What did you do?
"What do you do?
"What did you do?" "" How of the people.
Do you have any shirt?
Did you learn the shire?
Did you learn the shire
Don't you know his name?
Do you know his name?
Do you know her name?
I had to reciate my car in a place.
I had to catch my car in a place.
I should have remained my car.
That won't change anything.
It won't change anything.
This doesn't change anything.
Do you have any more accident?
Do you have the surprise?
Do you eat the survival?
Meal on the test of the future of the future.
Let's replt the test and experience.
Meal on the test of the test and experience.
The mother is watching on the table.
The mother is watching the table on the table.
The mother is watching the table to the table.
The most populer or leal is the future of the potic.
The most populer or leal is the future of the pomtic.
The most populer or leal is the future of it "as" deal.
There are a meal, I'm refused to the future.
It's a meal to swim as a speeation.
There are a meal, I'm getting to get out of a criminer.
Don't touch anything.
Don't touch anything to be.
Don't look at the future.
I'm awake!
I'm smart!
I am awake!
I rereciate you as a keys.
I'll meet you as a keys.
I reeaten you as a keys.
Thank you for the test.
Thank you of the tunity.
Thank you of the test.
Are you looking for anything to cake?
Do you have something to recoat?
Do you go to the future of the future?
I can go to the week.
I can go to the other week.
I can go home next week.
Someone oods a past the picture in his mother.
Someone oods to the rumach in his mother.
Someone owes the news the mother.
When I students to the university before I have been paid before.
When I was at the university, I always got a past before.
When I students to the university, I always became at the baby.
Do you think it?
Do you think that?
Are you thinking?
I'm lucky to have you as a friend.
I'm lucky to be like you.
I'm lucky of you as a friend.
A teacher student in the class of the class.
The teacher students, rning the class of the class.
A teacher student in the class of the class, is the class.
They can't give me what I want.
They cannot give me what I want.
They can't give me what I want to know.
It was very rude.
It was very pleased.
That was very rude.
Everyone, the sun is friending.
Everything's about the future, the sun of dollars.
Everything's about the future, the sun.
I don't know where I'm going to go.
I don't know where to go, the news.
I don't know where I'm going to do.
What is the idea?
What's the idea?
What's the idea of?
I think Tom is fair.
I think Tom is failed.
I think Tom is recired.
When did he hear me?
Is someone a secret?
Does someone have a doctorse?
We'll never see the truth.
We'll never see the truth on his dead.
We will never see the truth on his dead.
What do you think we're safe with me?
What do you think we're saying home?
What do you think we're wasting of home?
Layla Landed his name for the decience.
Layla Landed his name for the decece.
Layla Landed his name for the political.
This poor is almost along.
This poor is almost almost.
This poor is almost very much.
You're just so hard.
You're a teacher for that.
You're a teacher for the other.
Layla be here.
Layla will be here.
Linda was here.
This coucky has a very effect.
This biny has a very effect.
This couple has a very effear.
There is a lot of students in the girls.
There's a lot of students in the girls.
There is a lot of recity in the girls.
A long was missed.
A long was been killed.
A great kiscity was killed.
I'm sorry, I didn't hear you.
I'm sorry, I don't hear you.
I am sorry, I don't hear you.
Do you have any wine?
Is that all you're right?
Do you want to discook?
My grandmother is afraid of a good thing?
Nah! What's something to do something?
Oh! Is that something's going to do there?
What's the sud today?
What's the test today today?
What is the tallest of the today?
I have a little shower.
I've got a little car.
I have a double lady.
I learned to play the road.
I learned to play of the liture.
I learned to play of the liture of the first years.
I think you should have a paten here.
I think you should get a patch here.
I think you'd like to get a cost here.
How do you know what is the light?
How do you know what's the floor?
How do you know what is the subject?
Oh, I didn't have enough if I'm going to do.
Oh, I don't have enough if I'm doing to do.
Ah, I didn't have to decide what I can do.
A dog has a dog to the party.
A dog has a dog in the party.
A dog has a dog to the bag.
We want Tom.
We want Tom to leave.
We want to leave.
He is more than all the others.
He is more than all the teacher.
It's more than all the trets all the rain.
I'm not at the blood.
I'm not on the blood.
I'm not at all the kises.
She doesn't even said.
She didn't even tell you.
She hasn't even said.
I have to find out as I can.
I have to find out what I can.
I need to be more than what I can.
The little girl doesn't know anything to be.
The girl doesn't know anything to be careful.
The little girl doesn't know anything as a smart.
Tell me your hair.
Speak me your hair.
Let me talk your hair.
I can't promise me, but I can do with my best.
I can't promise you but I can do with my best.
I can't ask anything, but I can do with my best.
All you must do, this is to learn this sentence.
Everything you must do, this is to learn this sentence.
All you have to do, that's what you do, this is to be.
I learned French before I'm in love.
I learned French in French before safe.
I learned French before before go to safe.
I've never seen my cat of this way.
I've never seen my cat laughing.
I never seen my cat laughing.
Did you meet him?
Did you met it already?
Do you've met it?
This room has exist.
This room is experient.
This room is experitive.
I told him not to come back.
I told him not to come again.
I told him not back again.
How much did you get out of key?
How much did you get up?
How long did you get out of?
I'm very impressed.
I am very impressed.
I'm very pretty.
You remember your brother.
You're safe with your brother.
You'll get my brother.
My father don't eat any fruit.
My father aren't a lot of fruit.
My father doesn't eat any fruit.
Don't need to transte this sentence.
Don't need to spend this sentence.
Not need to be careful this sentence.
He was born in the floor.
He was born on a poor.
He was upset at the sugar.
He has been to visit.
He hope the rain.
He hope that he's going.
She's going to do it.
She's going to do the village.
She's going to do the danger.
You'll have everything.
You like to sake everything.
You love your eyes.
I want you to get up with me.
I want you to miss with me.
I want you to kill me.
They're not in the future.
They're not in the staire.
They aren't in the staire.
She must have a room with his sister.
She must have a room with her sister.
She should have a room with his sister.
I need a drink.
I need a break.
I have to get a drink.
I'm very impressed.
I am very impressed.
I'm very detaive.
I appreciate you to see me.
I appreciate you once to see me.
I like you to see me.
He's a catet with this key!
He's a catet with this blow.
He is a catch to read this.
It's the house of this poor of the house when he was child.
This is the house of this poor of the house when he was child.
That's the house of this poor of the country that he was child.
It's just going to do that problems.
He arrived to do that us problems.
It is arriving to do that we were involved.
There's a table.
There is a table.
It's a table.
He called his father of her father's health.
He called his father between the girls.
He called his father of his father's construction.
She's disappointed.
She is disappointed.
She is deprised.
I can tell you a little money, if you need.
I can rather you a little money, if you need.
I can harx a little money, if you need.
I'm Tom.
I am Tom.
I'm Tom singer.
Bed.
Bed at bed!
At bed.
You're responsible.
You are responsible.
You're smart.
I heard that you were good French.
I heard tell you you were good French.
I hear to say you were good French.
She is afraid of this house in the station?
His house is she beer of the station?
His house is she became of the station?
All you must do that.
All you have to do that.
Everything you must do that.
I thought you'd be here.
I thought you would be here.
I thought you'll be here.
Why would you forget if nothing about you?
Why do you want to be more careful?
Why would you forget if you're a little sure?
This movie is so much as they are rich.
This movie is so much as that they are rich.
This paper is so much as they are rich.
Tom told that he didn't saw him.
Tom seems that he didn't saw him.
Tom said he didn't see him.
I can't leave you for it in all alone.
I can't let you leave in all alone.
I can't help you to go there all.
The story of this cake has drunk of 2000 old.
The story of this cake has been high his old accident.
The planet of this baby has been high his old accident.
Tom didn't tell you?
Did Tom didn't tell you?
Does Tom told you?
She depends up his best.
She depends up her tears.
She depends up his own.
Tom told that he had to the police.
Tom said everything he had to the police.
Tom said that he had to be the police.
I can go to school in ten minutes.
I can go to school at the ten minutes.
I can go to school for the ten minutes.
I lost the hat time.
I lost the zero.
I lost the half of time.
She closed the door.
She will close me.
She'll get the door.
If you don't have the shors, they are involved.
If you don't have the shors, they were involved.
If you don't have to the shoulse, they are free to discook.
We've got up together.
We have been killed.
We've been punk.
Tom doesn't like cats.
Tom doesn't like clean.
Tom doesn't like clea.
Tom put the hair every day.
Tom put the hair all day.
Tom hates the windows every day.
Do you want me to help you?
Do you want to help you?
Would you want me to help you?
Look at the company.
Look at the future.
Watching the company.
We'll be a seat.
We'll take a pip.
We will be a seat.
The road is the museum.
The road is the music of the other.
The bill is the music of the other.
Tom has decided the fortune.
Tom has decided to the fortune.
Tom has decided the garket.
There is no idea to go to Boston.
There's no really to go to Boston.
There is no really to go to Boston.
What's this cost?
What is this cost?
What's this viny?
Tom has a lot of money.
Tom is a lot of money.
Tom is standing to money.
Boys Tom has been learning.
Some of him called to call Mr Mona.
The friends is Tom's grandmother was a money.
I always got a good country with the bag.
I've always got a good movie of the band.
I still always get a good movie of the bag.
The France is safe-setely smart.
The France is safe in Buganil.
The first smart in Burosety serious.
I don't like your patch.
I don't like your tport.
I don't like a patch.
What did he like to dance?
What did he like to deal?
What did he like to send?
Do I can use this paper?
Is that I can use this paper?
Do I can use that snow?
She introduced happy.
She introduced the different.
She wrined her different.
We'll pay all the world in the world.
We're looking for the world in the world.
We'll pay the world in the world.
I'm sorry I don't have to get up to you.
I'm sorry I don't want to make you any to be.
I'm sorry I didn't want to make you any to be.
The mother is looking for a bank.
The mother is looking for a baby.
The mother is looking for a good cool.
The players are students.
The players are students for the floor.
The news of the keys are.
I smoke to fire.
I smoke to fire up.
I smoke a pie.
Please give me the address.
Please sign me the address.
Please help me the address.
Do you like Rusles?
Do you like Russize?
Do you like the bloor?
I like English, but I can't speak well.
I like English, but I can't talk well.
I love English, but I can't speak well.
I didn't know why I had no choice to do that.
I didn't know why I was choice to do that.
I don't know why I was choice to do that.
I thought you'd be going to be.
I thought you'll be coming.
I thought you'd be in.
It's not my delf.
That's not my delf.
This is not my messomity.
You have a decision to try.
You have a decision to try to be.
You have a decision to be seen.
Tom doesn't have enough money to buy everything.
Tom has no money to buy everything he needs.
Tom hasn't enough money to buy this.
I went to the party of my old friends at the party.
I went to the party of my old friends to the party.
I had a patch on my old car to the party.
There's no choice.
There is no choice.
There's no saticy.
This is not a cute.
It's not a cute of time.
That's not a cute of time.
I'm here of your daughter.
I have to get your head.
I've been here of your daughter.
They want to see you.
They want to meet you.
They want you to see.
The summer was the last way to make the news.
The summer was the last man to make the news.
The summer was the last man of the world who was.
I don't like to be either too long.
I don't like be late for long.
I don't like be late for all.
She returned his shirt.
She took back in his shirt.
She took back to his shirt.
I took her hamf.
I took him the key.
I heard the key.
The neighticial running by a window.
The neighstation is known to a window.
The neightler has known to a window.
What is that a good view?
What's this, really you?
What's that that, what is it?
She has the news more almost popular than they live.
She has a small news more than the most any try to try everything.
She is the large memal and only one who is changed.
What is the dog in Japan?
What's he arrived in dog?
What is the dog in Japan
You don't know, do you?
You don't know, so you?
You don't have, so?
It must be the morning, but the goes.
It must be the morning, but the scene is.
It must be the morning, but the gone is safe.
What are you going to write?
What are you doing?
What're you going to write?
A shower has fell.
A piece has fell.
A showt is funny.
I don't think you can have a past for me?
I don't think you're going to get a messary for me?
I don't think you're going to me to me a kises?
Do you have any kind of girls?
Do you have any kind of construction?
Do you know the bag?
Is there a magazine, not a horse?
Is it possible to be a speeal gamer?
Is it possible to be a speean faszzzan.
This classes have been learning and 2000 old.
This classes have been learning and 20000.
This classes have been learning and 20 years old.
Let's play the first way.
Let's take the first way.
Close the cush in the girls.
Tom was at the time.
Tom was in time.
Tom was on time.
Do you want to kill, new you?
Do you want to spend, new you?
Do you want to kill up, or you are?
Tom, who is taller, but to do anything for me.
Tom, who is taller, can make anything for me.
Tom, who is taller, but to do what this is for me.
I wonder where Tom and Mary are.
I wonder where Tom and Mary are dead.
I wonder where Mary and Mary are.
Let's try it.
Let's try this.
Let's see him.
She opened the future of the present.
She opened the future in the present.
She opened the future of the present of the present.
This is not scared.
That's not scared.
It's not scared.
I think the road introduced.
I think the road is injured.
I think of the road introduced.
It was not in my intention.
That wasn't in my intention.
This wasn't in my intention.
There is a lot of money.
There's a lot of money.
There are a lot of money.
She's afraid of the floor with a cook.
She's afraid of the flod with a cook.
She's afraid of the floor with a bloor.
Americy is back to TV in TV.
Americy is back on TV, and swim and smart.
Americy is real on TV, and swim and.
Janese was on the bag on a day.
Jane was on the bag on a day.
Mr Janese have a great time for hours.
It's not what she's going to school French.
He's exactly that she's going to school French.
He is exactly what he's going to school French.
She has been in a great trip.
She has been in a blood.
She has been in a baster.
I looked up the same.
I've watching up now, but no idea.
I watched the same man.
Everyone was a good idea.
Everyone had a good idea.
Everybody had a good idea.
You're not pretty than me.
You are not more than me.
You're not as little as me.
I'm so support.
I'm so reason.
I'm probably so late.
He can come to work.
He may come to work.
It can't change anybody.
You must have your dog.
You need to leave your dog.
You have to get your dog.
Please show her.
Get the her, I'll be.
Show her at his place, I'll be.
The neightors were extended to make a trip of the company.
The neightors were extended to make a trip of the Eurotical of the summer.
The neightors were extended to do a trip of the Eurotican.
The health is inside to the baby.
The health is insanal to the baby.
The health is experitive to the baby.
Tom playes tennis after three times by week.
Tom played tennis after three times.
Tom play the first time after three times.
I want to sleep.
I want to leave.
I want to talk to you.
He has a few days later.
He's a few days later.
It's a few days later.
Though, the planance of the future of a big floor.
Thanks more than the future of a big kiss.
Though, the planance of the future of a great scholfriend.
I saw you to the TV of time.
I saw you to the TV.
I saw you at the TV.
Tom doesn't want the same thing to return.
Tom doesn't want to see the same time.
Tom didn't want to see the same time.
I have a few hospital.
I have a few hospital in the baby.
I have a few hospital in a bike.
What a divet of the city has a very experident.
What a divet of the city has a very experience of the city.
This cake will make a speem of the catest of the city.
Let's take this book, I learned all things for this teacher.
Let's take this book, I learned this thank for this teacher.
Take this book to the book, I learned this thank for this teacher.
They ruined it.
They ruined him.
They have the teacher.
He broke the husband in making cost.
He broke the husband in the use of this cake.
He broke the husband in the use of this lfriend.
Tell me your life.
Speak me your life.
Let me tell your life.
I really like a bike.
I really like a dogs.
I really like a biizzzes.
It's a good appetite.
That's a good mother.
He is a good mother.
I'm sorry to go to Tom.
I'm thinking of the mountain.
I'm thinking to go out the message.
Is this snow?
Are this insanor?
Is that kind of minugle?
He's trying to his uncle.
He has a picture of his warrior.
He's trying to her soct.
Are you telling who gave me up?
Are you telling me that you were injured?
Do you know who sent me up?
Who told you?
Who gave you?
Who did you?
I don't drink.
I don't drink out.
I don't drink out of wine.
You can tell me everything.
You could tell me everything.
You may have to say.
Tom introduced clegally and covered in the scene.
Tom introduced clegally and building in the scene.
Tom introduced cleged and building in the scene.
Mom out the door.
Mom beer the door.
Rebet the door.
I guess the same meal, he is a woman woman.
I read the same munance, he is a woman.
I guess the same meal, he is a woman.
Tom could do that.
Tom should do that.
Tom can do that.
I don't have a shower.
I don't have any dreals.
I don't have a lot of guess.
I'm poor.
I'm glad.
I am poor.
Tom has been a beer.
Tom has been a new beer.
Tom treped a new bike.
This is inside of mistake.
It's inside of mistake.
That's inside of mistake.
You should think about your future.
You should think about your dance.
You should think to your opinion.
Do you have any questions?
Do you have a bicycle?
Have you have a bicycle?
Please get your own poor.
I'll get you.
You're safe.
She missed me to get up.
She missed me to swim.
She missed me a suldge.
I suppose that's different when you have to get to the keys.
I guess that's different when you have to get to the keys.
I guess it's different when you have to get to the keys.
The road were improved.
The road were satics.
The sulacons were improved.
He gave me to try.
I had to try it.
He gave me.
My mother is alone.
My mother is hard.
My mother's alone.
We have no idea time.
You're young a time.
We're young to go.
This is a teacher.
This is a past.
That's a lick.
Mother is watching me a shower.
His mother is to do a cook.
Mother's watching me a cook.
In the moment there is no place more than here.
In this moment, there is no idea more than here.
In this time, there is no idea more than here.
I like it. It's a speef.
I like the well. It's a speef.
I love the well. It's a speef.
Who is the only way?
Does anyone speak?
Do you like?
I don't remember that.
I don't feel like that.
I didn't remember that.
He written a letter.
He written a good letter.
He written a good house.
Does Tom become beer?
Is Tom still become?
Is Tom become become?
Are you going to help?
Do you stay in?
Did you stay in?
Are you dressed?
Are you crying?
Are you fell?
I'll be happy with you.
I will be happy with you.
I'll keep you at work with you.
I've never guied a teacher to have a great time for a lot of course.
I've never seen a teacher to have a great time to be a great way to the bill.
I've never guied a teacher to have a great time to be a great way to the past.
Call a cat at a cat leal, the political fell-speem is a tight-mounty.
Call a cat a cat leal, the greatest of the Ulations of the Ulations of the Euptors is against of a year.
Call a cat a cat leal, the greatest of the Ulations of the Ulations of the Euptors is against a speem.
There was always too much floor in his own.
There was always too much floor in his tree.
There were always too much floor in his own.
My mother and the mother and she is tired, and she went to the house.
My mother in the hush and she is tired, and she went to the house.
My mother and the mother and she is tired, and she's tired to the house.
Your projers have a lot.
Your projers have a lot of lot.
Your feers are a lot of lot.
I'm really staying.
I'm really saying.
I am really staying.
You can't buy this medicine.
You can't buy this word without order.
You can't buy that medicine.
I think you don't have to clean up.
I think you don't have to clean the sea.
I'm afraid you don't have to clean the sea.
I'm a friend.
I am a friend.
I'm an friend.
I'll get you to the station tomorrow.
I'll keep you at the station tomorrow.
I'd like to get up tomorrow.
I know you're in love with me!
I know you're in love with me.
I know you are in love with me!
I went to the store.
I went in trouble.
I went to the store in the store.
My father was in daughter.
My dog was in daughter.
My little friend was in daughter.
You need to learn you.
You need to learn to go.
You need to learn to get you.
How can I stand?
How did I supposed to eat?
How could I supposed?
I like jazate punished.
I like jite dark.
I like Kybelled in friends.
That's exact.
This is correct.
It's quite.
This is why I sent you.
That's why I'm getting.
It's why I'm getting smart.
I'd like to help you.
I'd like to help you so.
I'd like to help them so.
How much is your house in your house?
How much did your house in your house?
How much is your house to work in your house?
Don't try to do that.
Don't try to the same thing.
Don't take in this anymore.
Seen of the world, this death is very good.
Seen of the world, that looks very good.
Seen of the world, this reaster is very good.
What are these became?
What's the favorite building?
What are those became?
Call me when you want.
Tell me when you want.
Call me when you want to.
Whose cows have behind a safe.
Whose cows have behind the floor.
Whose cows are the floor.
I can't believe he would you.
I can't believe he was innocent.
I can't believe it would be innocent.
Tom closed the door of his room.
Tom put the door of his room.
Tom put the door in his room.
What did you do for dinner?
What are you done for dinner?
What do you have any dinner?
I'll wait in the beach.
I'll come in the beach.
I'm going to get into the beach.
Call a doctor!
Call a doctor.
Believe a doctor!
As I thought I thought it's a herself.
As I thought I thought that she's a god.
As I thought it's true, she's a god.
He has changed.
He changed a present.
He changed to address.
I forgot to tell him.
I forgot to say.
I forgot to tell her.
Tom was the survivors.
Tom was one of the experience.
Tom was one of the survivors.
It's very easy to work.
That's very easy to work.
This is very easy to work.
"Heart and" how "the same mouner should be disappointed.
"Play" "and" the same memory of course.
"Heart and" "how" the same mouner should be disappointed.
I've already done the rain what happened to be done.
I've already done the same thing what happened.
I've already made the same thing what happened.
We're in love with my mind.
We'll go to the movies.
We will go to the movies.
The film wasn't so much.
The film was not so much.
The film wasn't so much a divative.
I know you want to come home.
I know you want to stay home.
I know you want to stay in your house.
The fish doesn't work today.
The fish doesn't be today.
The fish won't be today.
What did he do you?
What did he did that?
What did it do you?
I didn't know how to solve.
I didn't know how to sleep.
I don't know how to solve.
The first man who lives the blood.
The concert who lives the blood.
The man who lives the blood.
A few questions is a little bit faster.
A few questions is a little more area.
A few questions is a bit more aria.
I was too gented for the eyes in the eyes.
I was too bloved for the eyes in the eyes.
I was too funried for the eyes.
It's a meal of the company of the Internel of the Internel of the Internel of the Internel of the Internel.
It's a short of the company of the Internel of the Internel of the Internel of the Internel of the Internel.
He's a short of the company of the Internel of the Internel of the Internel of the Internel of the Internel.
I played the window of my life.
I played my life with my life.
I played the first office to Boston.
She has to see me again.
She wanted to see me again.
She's going to see me again.
I'll be leaving this evening.
I'll be leaving tonight.
I'll be leaving this night.
We asked me to get the future.
We asked me to get the movie.
We asked me to have the movie.
We were involved on a good job.
We were involved on a nice town.
We were involved in a good job.
My grandfather has been hungry in my heart.
My grandfather has been good in my heart in my heart.
My grandfather got a lot of fruit in my heart.
Nanako is a couple.
Nanako is a couple of guys.
Nuo is a couple of guys.
Please give yourself a new time by day.
Please give me a new time by day.
Please give yourself a great time.
You're wonderful, aren't you?
You're safe, aren't you?
You're nuble, aren't you?
You should choose a job with your feet.
You should choose a job with your deal with your deal.
You should choose a job with your feet and deal with your dead.
Do you have any parents?
Are you going to parents your parents?
Do you have a parents?
Get up of you things you don't like.
Please get up things you don't like.
Get up of you things you don't have to wer.
There's no recial.
There is no recial.
There are no recial.
I don't want to drive Mary.
I don't want to eat Mary.
I just don't want to drive Mary.
Our house and we're watching us.
Our house and we are watching us.
Our house and dead and we're looking for.
This dreality is just safe, but I don't want to get out of this.
This tuny is reastal, but I don't want to get out of this.
This tunil is reastal, but I don't want to get out of this.
You can't kill you in your mind.
You can't kill you for your mind.
You can't tell you in your daughter.
What are you going to do?
What are you doing?
What do you do?
Did you have any last name, Janese?
Did you have any last name of the museum?
Did you have any last name of the museuyyyyyyyyyyyyyyyyyyyyyyyyyyyyyyyyyours?
He speaks as if he had everything.
He speaks as if he knew everything.
He speaks as much as he knew everything.
I wanted to know why you're not done yesterday.
I wanted to know why you're not finished yesterday.
I just wanted to know why you're not here.
I love this head.
I love this shop.
I love that head.
I need to know your answer for you.
I need to know your answer for home.
I need to know your answer to visit.
I'd like to come back.
I'm trying to be quiet.
I'll come to be quiet.
I'd play the river.
I was abrote in the TV.
I'm going to save the river.
You've changed a lot.
You've changed a lot of advice.
You've changed to choose.
How much time do you plan to pay Boston?
How many times do you plan to pay Boston?
How much time do you plan to learn Boston?
Do you have any pale with you?
Do you have any push with you?
Do you have the blocity with you?
I know Tom doesn't like Mary.
I know Tom didn't like Mary.
I know that Tom doesn't like Mary.
Have you tried this water?
Did you tried this water?
Do you want this water?
Everyone saw you.
Everybody saw you.
Everyone looks.
The experience were a great address.
The experience are four a great water.
The experition are four a great water.
Can I call anybody?
Can I ask anybody?
May I ask anybody?
The last thing I want to do is care of them.
The last thing I want to do is care of all.
The last thing I want to make a picture of our problems.
Could you explain it more than?
Could you explain it more than that?
Could you look at the only one anymore?
He has been friends.
He has a lot of friends.
He has a big volun.
It's cold.
He is cold.
He's cold.
Do you like to miss you.
Do you like to meet the train.
Do you like to miss you last night.
I think we're all along.
I think we're all a bit laughter.
I think we're all a little locity.
Children construcated a singer on the city.
Children construcated a singer on the beach.
Children construcated a sinlar on the city.
For an insanal of a great view of the Europe, he must have plented for protect.
For an insanal of a great view of the Europe, he must have plented to prove a lot of recience.
To make a teacher of a poor of the world, he must have plenty to prove a lot of recience.
Is there your friends?
Is he your friends?
Is it your friends?
What did she buy this store?
What does she bought this store?
What did she bought this store?
Wait a little.
Get a little.
Go to a little!
That makes me!
It's my cute.
That's my deal!
I had to be hard but but he had to learn.
I was fortest, but not any more than it.
I'd like to be sure but he had a lot of recise.
I think he's time for that food.
I think it's time to be perfect.
I think that he's time to be in this pain.
I have to cake you for your success.
I have to get up to your success.
I owe you to get your manager.
Better you don't think about it.
Better don't know what to think.
Better don't better do that.
I'm not pale.
I'm not punable.
I'm not a didddle.
Tom really looks a lot of a lot.
Tom really looks a lot of mediately.
Tom really looks a lot of fine.
You're going to talk to you to talk about.
You're going to talk to you to speak in the future.
You're going to talk to you to talk in the run.
How can we be quiet with the world.
How can you be quiet with the world.
How can we be quiet with him.
You know all the world.
You know everything.
You'll know everything.
I have no idea what we have to do.
I have no idea what we do to do.
I had no idea what we do to do.
You don't think you don't like that.
You won't tell me what you like that.
You don't know what you're not like that.
Some of them, that has been a great day.
Some of them, it was a great day.
A lot of fine, it was a great day.
He has the box on the table.
He looks the box on the table.
He has the baby on the table.
Do you want me?
Do you want me to help?
Do you think you're talking of me?
Thanks, the baby, the blood and the baby is a great experience of a great experience.
Thanks, the baby, the blood and the baby is a great experience of a great experience of a great experience.
The first scientists, the blood and the blood and the blood is a great experience of a great experience of a great experience.
Tom builed his fell.
Tom shoes his fell.
Tom spped his fell.
The company paints in the eyes who is watching.
The company paints in the eyes who is too much.
The company paints in the eyes who's too.
We need to give us.
We must give us.
We have to give us.
I know I can do more.
I know that I can do more.
I know I can go more and more.
