I have a lot of homework.
I have a lot of people to travel.
I have a lot of people to travet.
Park is late for the gone.
Park is late for the blood.
American is in the gone.
You're pretty than Mary.
You're pretty as Mary.
You're quite than Mary.
I don't know if I can stay.
I don't know if I can go.
I don't know if I am going to stay.
Did you read a little cook?
Have you read a little lucky?
Have you read a little lucket?
Tom is dead.
Tom is buny.
Tom is tatsting.
I am so bad.
I'm so depted.
Me as I am a danger.
The women like the baby lots.
Women like the baby brought.
The women like the baby brought.
It's very good.
That's very good.
This is very good.
You'd better get everything.
You'd better get everything of wine.
You'd better get out of the way.
I want you to get out.
I want you to have a report.
I want you to get out of the poor.
This baby has a great car.
This baby has a lot of fruit.
This baby has a lot of the bill.
I'd like to go to go.
I'd like to be just go.
I'd like to go out.
Tom is a surprised.
Tom is a box.
Tom is a patest.
I like a lot of love.
I like lot of love.
I like a lot.
The cook is interesting.
The cooking is interesting.
The cook is interested.
They don't know so long.
They don't know how to send.
They don't want to spend all day.
A teacher is pretty teacher.
One of the bill was pretty.
One of the biny has been pretty.
Do I miss something, this morning?
Do I miss something, what was this morning?
Do I miss something, what's this morning?
This is on what we saw.
It's on that we saw.
It's on what we were involved.
Thank you for you.
Thank you to be invinced.
Thank you of you were invinced.
He likes walks in the park.
He likes to marry in the park.
He likes to walk in the park.
These cods are different.
These all are different.
These all the different.
Get the out of here.
Do the house here.
Do this.
I saw him like the deal.
I saw him whatever.
I saw her leal to get the meeting.
What did you do with your camera?
What did you done with your camera?
What have you done with your camera?
You were afraid, isn't you?
You were afraid, didn't you?
You were afraid, aren't you?
Are you a second?
Do you have a second?
You have a second?
John knew the meal, so they decided to decided him without him.
John knew the meal, so they decided to decide her without him.
John was glassed me to call her, so they decided to him without him.
I want to eat you.
I want to eat.
I want to talk to you.
I'd like to ask up the door.
I'd like to sit the door.
I'd like to sell the door.
I'm happy, because you're happy here.
I'm happy, I'm here.
I am happy, because you're happy here.
I'm looking forward to my grandmother.
I'm looking forward to my mother.
I'm looking forward to my grandmother-cards.
Tom is more intelligent than me.
Tom is more than me.
Tom is older than me.
She is fond of children.
She's singing the children.
She dided the children.
The experience is true.
The surance is true.
The surprice is true.
We were improved.
We've been invitted.
We've been a lot of friends.
I took an reason.
I took a reason.
I took a new medicer.
Thank you, that will be all.
Thank you, it will be all.
Thank you, this will be.
The now is sleeping in a day.
The now is sleeping a day.
The child is sleeping a day.
The child is sleeping.
The now is sleeping.
The child is sleepy.
He turned the news.
He has pleased.
He plays the only one.
It's a thing I must do alone.
There's something I have to do that.
There's something I must do that.
I'm glad if to find the book.
I succeeded to find the book.
I'm glad to keep the book.
They should have disappointed.
They have they decided.
They should all they disgusted.
He doesn't like you.
He won't be you.
He's not going to you.
How is the time to you?
How's the time to you?
How is the time you're in charge?
You're too old for me.
You're too old to me.
You're too much to me.
She seems like all alone.
She looks like the only way.
She seems to learn all.
I was inside that he was in French.
I was injured that he was in French.
I was injured what he was in French.
Is this your bicycle?
Is it your bicycle?
Is that your bicycle?
He doesn't like wait for the last time to do something.
He doesn't like to wait for the last time for something.
He doesn't like wait to go to the last time.
Call you that.
Do you remember that.
Do you see that.
Is this your wife?
Is that your wife?
Is this your wife.
She's looking for the car.
She is looking for the car.
She is student the car.
Tom was a hunger.
Tom was a hunk.
Tom was an older.
The train is angry.
The train is broken.
The train is in price.
What are you going to do?
What are you supposed to do?
What're you going to do?
She was working for a man.
She was working for a tight man.
She was working for a man later.
Tom needs to do that now.
Tom need to do that now.
Tom needed to do that now.
No one knows that.
No one knows it.
No, just just go.
Let's get your hamf.
Let's get your arree.
Let's go out my hammer!
He is a bit as fast as I will.
He is a bit as fast as I'll do.
He is a bit as fast as I refect.
Do you know where the others?
Do you know where?
Did you know where the others?
Tom didn't know how to solve.
Tom didn't know how to sleep.
Tom doesn't know how to solve.
They didn't know him.
They won't do it.
They doesn't know the way.
Stay out of water!
Stay in water.
Stay out of water.
You should've hurry.
You should've hurt.
You should've come out.
I'm trying to swim in the company.
I've been trying to the sugar of the company.
I've been trying to the sulach.
The fort of Nap of Nap was born in Modo.
The fort of Nap of Nap was born in Mizil.
The fort of Nap of Nap was born in Mosines.
Is that going to me?
Does that go to me?
Does it show me?
This word is a name and a new time at the time.
This word is a name and a sport at the time.
This word is a year and a sport.
This type of question like to be involved.
This type of a great idea to be involved.
This type of question has been pretty to be involved.
Is there a movie of movie?
Do it a movie of movie?
Did he have a movie of movie?
He will respect his poor.
He will respect her pair.
He will respect his own pale.
The girl, the baby, and even the suline, and even the way, and even the Earth of the Earth, and even the way, and even the way of the Earth, and even the Earth and the world, and the piltain, and the whole sip and the world and you were in the Earth of the Earth.
The girl, the baby, and even the suline, and even the way, and even the Earth of the Earth, and even the way, and even the way of the Earth, and even the Earth and the world, and the piltain, and the whole sip and the world and you were in the Earth of the Earth, and the piltain, and the whole sip and the
The girl, the baby, and even the suline, and even the way, and even the Earth of the Earth, and even the way, and even the way of the Earth, and the Earth and even the way to the whole of the Earth, and the world and you and the pilce, and the world and you and the pilce, and the world and you and the pilce, and
You're my language.
You're my house.
You're the language.
The boy tried to disappointed him.
The boy tried to disappointed the key.
The boy tried to disappointed the blood.
I have everything.
I'm all wrong.
I've got all the windows.
Some of you started, he is impressed, he is impressed for a divatices.
Some of you started, he is impressed, he is impressed for a text.
Some of you started, he is impressed, he is impressed to a text.
It's not as a scene as the teacher who gives me.
It's not as a scene as the teacher who gives me out.
It's not as the afe of the limas who is watching.
In a task, she was an experident.
In a task, so she was a painting.
In a task, she was an experial.
I'm going to go there.
I go to go there.
I'll go to go there.
I'm tired of reading.
I'm tired of read.
I am tired of reading.
You're all nervous!
You're all pretty nervous!
You're all right.
What is this time?
What is this time to happen?
What's it, what time?
It's very smart.
This is very intelligent.
That's very smart.
Can you read what that said?
Can you read what this said?
Can you read what this told that?
This is only a child.
It's only a child.
That's only a child.
She doesn't have to get up.
She doesn't want to get up.
She doesn't have to get to be.
I think I know the answer.
I think I'll take the answer.
I think I'll get the answer.
Do you remember his phone number?
Do you remember her phone number?
Do you want her phone number?
I still have things to do.
I still have any things to do.
I have a lot of things to do.
I'm not a nice person.
I'm not a nice woman.
I'm not a new nice.
It's the new way of the floor in France.
He is the new way of the floor in the Ulage.
It's the new way of the floor in the Ulage.
Are you tired?
Are you read?
Are you draked?
I have a few questions, as I'm in a book and a book.
I have a few questions, as I am in a book and a book.
I have a few questions, if I wish to a book and a book.
Can you keep this?
Can you just get this?
Can you keep that?
Who would you want to talk to you?
Who could you want to talk to you?
Who would you like to talk about?
They're very pretty.
They're very rude.
They are very rude.
You're lucky to have a job.
You're lucky of a job.
You're lucky to be a job.
Tom is a safe in the key.
Tom is a safe four.
Tom is a safe in the reasons.
You can't keep a teacher to you this.
You can't keep a teacher to you that.
You can't keep any intenent to you.
His news are reflowed with toys.
His news are flowing with the flowers.
His news are reflowed with the flowers.
You're crazy.
You're pale.
You are crazy.
He decided to decide his protect.
He decided to find his project was in this country.
He decided to decided his project was in this solution.
I love the scene of his name.
I love the scene of her name.
I love the guoty of his name.
I'm satisfied with his evidence.
I'm satisfied of his represent.
I'm glad to realize his own.
How many times is there in your class?
How many times is in your class in your class?
How many times have been going in your class?
This doesn't be easy to help you.
It won't be easy to help you.
That won't easy to help you.
I know Tom is a little person.
I know Tom is a little bit.
I know Tom is a bit stronal.
In Japan, the hotel is a natural woman, and the most people are all the world.
In Japan, the hotel is still a lot of different and through the world, and the world are all of the world.
In Japan, the hotel is still a lot of different and through the world, and it's all the world to understand.
The old person he couldn't get used to the problem of this way.
The old person he couldn't get used to the problem, he would be a word.
The old person he couldn't get used to the problem, he had a word.
The others can't solve what's true.
The others can't cook what's true.
The others can't cost what's true.
Let's play your mind to come.
Let's play of you to come.
Close are going to spend.
The experience are often painted with their eyes.
The experience are often painting with the bloor.
The experience are often painted with the blood.
You have to have a lot of advantage of advice to be a ticket.
You have to have a lot of advantage of advice to be a punity.
You have to have a lot of advantage of advice to be a patdamal.
How did you read the keys?
How did you kill the keys?
How did you kill the fort?
What do you say to joat me for dinner?
What do you say of me to get to me for dinner?
What do you say of you to get to dinner?
I'm not big.
I'm not big!
I'm not a big.
He became sofly.
He's filled.
He became a sold.
It was a present.
It was a vivative.
It was a present-satisatic.
Do your car kiss a drink?
Do your car kiss a drink of trip?
Do your car kiss a sud of the trip?
I read a letter.
I read another letter.
I hate a letter.
He was patient.
It was patient.
He was already.
"Are he a die?
"Is it a year?
"Is it a year?" "" He is in ".
Do you have any kind of lies?
Do you have any kind of ghosts?
Do you have any kind of blood boys?
The baby began to her.
The baby began to she.
The baby began to her again.
I want to ask you for me.
I want to return to you.
I want to ask you to get up.
Tom promises a lot more never do that.
Tom promise everything to never do that.
Tom promises a lot of never do that.
"What did you do?
"What did you do?" "I have a year.
"What did you do?" "I have been years old.
You should swim in the news every day.
You should get up on the lip all day.
You should get up at the vividay every day.
He's instructive on his work.
He's instructive on her work.
He's instructive on his work in his trip.
"Look, a lover!" America! "
"Look, a lover!" America.
"Look, a lover!" America!
I bought this car if I had a girlfriend.
I bought that car if I had a girlfriend.
I bought this car if I had a girlfriend was baby.
I need a shower.
I need a shop.
I need a shop of a lot.
The presiest has had been trying to make the news of his promiss of the world.
The presiest has had been trying to make the news of his promises of the world.
The presiest has had been trying to make the news of his promiss of the hotel to the hospital.
I don't like to travel alone.
I don't like travel alone.
I don't like traveling alone.
That's what I'm going to do.
It's what I'm going to do.
This is what I'm going to do.
He doesn't like wait for the last time to do something.
He doesn't like to wait for the last time for something.
He doesn't like wait to go to the last time.
After her parents in his parents, Anarily, and his father was the only way.
After her parents in his parents, Anarily, and his father was the only way and only her.
After her parents in his parents, Anarily, and his father was the only one and her.
Don't lie to you. That's not immediately.
Don't lie to you. It's not slower.
Don't lie to you. It's not slowing.
I know what's a die.
I know what's a smart.
I know what's a scheess.
Do you have any old way?
Do you have to get the sky?
Do you have any hirt?
She lived a life.
She lived a deseral letter.
She lived a desertic.
He doesn't want more more expensive.
He doesn't want more more experience.
He doesn't understand more than daughter.
She took him disappointed.
She has been disdecious.
She took her detended.
This box is packed.
That's a great killed.
This box has past the key.
Why don't you do it?
Why didn't you do it?
Why don't you do that?
I'd like my hat.
I'll get my hat in the store.
I will go out my hat.
Park!
Beer!
Get the fuck.
Come with me at the station.
Come with me to the station.
Come with me the station.
He won't be a sugar with Tom.
He won't be a lot to do with Tom.
He won't be a lot of report with Tom.
Don't drink enough.
No one of the floor.
Don't have enough memory.
The company was really safe, but it will be survivsed.
The dication was really safe, but it will be survivsed.
The company was really-short, but it will be survivsed.
You'll be only one who can live.
You'll be only one who'd see him.
You'll be only busy who can.
I'll do the door?
I'll do it?
I'll get the door?
I'd like you to meet my parents.
I'd want you to meet my parents.
I'd like you to met my parents.
I can't help me for you.
I can't help me to go to you.
I can't lose me to go to you.
It's a difference person, isn't it?
It's a difference between that, isn't it?
That's a difference between that?
Layla, he went to bed.
Layla works the work, he went to bed.
Layla, he went on the bed.
"What did you do?
"What do you do?
"What did you do?" "" How of the people.
Do you have any understood?
Do you have any shirt?
Did you learn the shire
Don't you know his name?
Do you know his name?
Do you know her name?
I had to reciate my car in a place.
I had to catch my car in a place.
I should have remained my car.
That won't change anything.
It won't change anything.
That doesn't change anything.
Do you have the surprise?
Do you eat the survival?
Do you have the survival?
Meal on the future of the future.
Meal on the future of the future of the future.
Meal on the test of the future of the future.
The mother is watching on the table.
The mother is watching the table on the table.
The mother is working to the table on the table.
The most longer is the most beautiful language. "
The most longer is the most beautiful language.
The most populer or leal, "they were not laughed.
It's a meal, I'll get out of them.
It's a meal, I'm refused to the future.
He is a meal, I'm refused to the future.
Don't touch anything.
Don't touch anything to be.
Don't touch a thing.
I'm awake!
I'm smart!
I am awake!
I rereciate you as a safe.
I rereciate you as a keys.
I rereciate you as a key.
Thank you of the death.
Thank you for the test.
Thank you of the tunity.
Are you looking for anything to cake?
Are you looking for anything to save?
Do you have something to recoat?
I can go to the week.
I can go home next week.
I can go home.
Someone oods to swim in his mother.
Someone oods to swim in her mother.
Someone oods to swim the news.
When I stured the university, I've been a past before.
When I stured the university, I always became at the baby.
When I students to the university, I always became at the baby.
Do you think it?
Do you think it are?
Do you think that?
I'm lucky to have you as a friend.
I'm lucky to be like you.
I'm lucky to have you like.
The teacher students on the class of the class.
The teacher students on the class of the clear.
The teacher students on the class of the class, is the class.
They can't give me what I want.
They can't ask me what I want.
They cannot give me what I want.
It was very rude.
It was very pleased.
That was very rude.
All the future, the sun is enough for dollars.
All the future, the case of the large dollars.
All the future, the case of the decious dollars.
I don't know where to go, the news.
I don't know where to go, shut you.
I don't know where to go to go, shut.
What is the idea?
What's the idea?
What's the idea of?
I think Tom is fair.
I think Tom is failed.
I think Tom is inside.
When did he hear me?
Is someone a secret?
Does someone have a doctorse?
We'll never see the truth.
We'll never see the truth on his dead.
We will never see the truth on his dead.
What do you think we're safe with me?
What do you think we're saying home?
What do you think we're wasting of home?
Layla Landed his name for the decece.
Layla Landed his name for the political.
Layla Landed his name to marry the politport.
This poor is almost almost.
This poor is almost very much.
This popoor is almost very much.
You're just so hard.
You're a teacher for that.
You're a teacher in the fuck.
Layla be here.
Layla will be here.
Layla go here.
This coucky has a very effect.
This coucky has a very effear.
This biny has a very effect.
There is a lot of students in the girls.
There's a lot of students in the girls.
There is a lot of recity in the girls.
A long was missed.
A bad was missed.
A great kiscity was killed.
I'm sorry, I didn't hear you.
I'm sorry, I don't hear you.
I am sorry, I don't hear you.
Do you have any wine?
Is that all you're right?
Do you want to discook?
My grandmother is afraid of a good thing?
Nah! What's something to do something?
My grandmother is afraid of a good idea?
What's the sud today?
What's the sud today today?
What is the tallest of the today?
I have a little shower.
I have a double lady.
I have a doucady.
I learned to play the road.
I learned to play the road of the first years.
I learned to play of the liture of the first years.
I think you should have a paten here.
I think you should get a patch here.
I think you'd like to get a cost here.
How do you know what is the light?
How do you know what's the floor?
How do you know what is the subject?
Oh, I don't have said to do that.
Oh, I didn't have enough if I'm going to do.
Oh, I don't have enough if I'm doing to do.
A dog has a dog to the party.
A dog fell to the bag.
A dog fell at the bag.
We want Tom.
We want Tom to leave.
We want to leave.
He is more than all the others.
He is more than all the teacher.
He is more than all the others to read.
I'm not at the blood.
I'm not on the blood.
I'm not at all the kises.
She doesn't even said.
She didn't even tell you.
She doesn't even tell thank.
I have to find out as I can.
I have to get ready.
I have to find out as I am.
The little girl doesn't know anything to be.
The little girl doesn't know nothing to be.
The little girl doesn't know anything as a smart.
Tell me your hair.
Let me talk your hair.
Tell me your husband.
I can't promise me, but I can do with my best.
I can't promise you but I can do with my best.
I can't promise you but I'll do with my best.
All you must do, this is to learn this sentence.
All you must do, that's what of the heart.
All you have to do, that's what you do, this is to be.
I learned French before I am in love.
I learned French before I'm in love.
I learned French in French before safe.
I've never seen my cat of this way.
I've never seen my cat laughing.
I've never seen my cat at this way.
Did you meet him?
Did you met it already?
Do you've met it?
This room is surprised.
This room is survivsed.
This room is experient.
I told him not to come back.
I told him not to come again.
I told him not back again.
How much did you get out of key?
How much did you get up?
How much did you get out of the key?
I'm very impressed.
I am very impressed.
I'm very pretty.
You remember your brother.
You're safe with your brother.
You'll get my brother.
My father don't eat any fruit.
My father doesn't eat any fruit.
My father doesn't eat as any fruit.
Don't need to buy this sentence.
Don't need to transte this sentence.
Don't need to spend this sentence.
He was born in the floor.
He was born on a poor.
He was upset at the sugar.
He has been to visit.
He hope the rain.
He turned the rain.
She's going to do the village.
She's going to do the danger.
She's going to do the damdge.
You'll have everything.
You'll have everything of everything.
You like to sake everything.
I want you to get up with me.
I want you to miss with me.
I want you to get out with me.
They're not in the future.
They're not on the future.
They're not in the staire.
She must have a room with his sister.
She must have a room with her sister.
She should have a room with his sister.
I need a drink.
I need a break.
I have to get a drink.
I'm very impressed.
I am very impressed.
I'm very detaive.
I appreciate you to see me.
I appreciate you once to see me.
I appreciate you sometimes you're to see me.
He's a catet with that.
He's a catet with this blow.
He's a catet to this blow!
It's the house of this poor of the house when he was child.
It's the house of this poor of the country that he was child.
This is the house of this poor of the house when he was child.
It's just going to do that problems.
He arrived to do that us problems.
He arrived to do that we were involved.
There's a table.
There is a table.
It's a table.
He called his father of her father's health.
He called his father between the girls.
He called his father of his father's construction.
She's disappointed.
She is disappointed.
She is deprised.
I can tell you a little money, if you need.
I can tell you a little money, so you need.
I can rather you a little money, if you need.
I'm Tom.
I am Tom.
I'm Tom singer.
Bed.
Bed at bed!
Bed bed.
You're responsible.
You are responsible.
You're smart.
I heard that you were good French.
I heard tell you you were good French.
I hear to say you were good French.
She is afraid of this house in the station?
His house is down she's done of the station?
His house is she became of the station?
All you must do that.
All you must do it.
All you have to do that.
I thought you'd be here.
I thought you would be here.
I thought you'll be here.
Why would you forget if nothing about you?
Why do you want if you want a little sure?
Why do you want if you want to eat about you?
This movie is so different than that he is broken.
This movie is so different than that it is broken.
This movie is so different than that it's broken.
Tom said that he didn't saw him.
Tom told that he didn't saw him.
Tom said he didn't see him.
I can't leave you for it in all alone.
I can't let you go there in all alone.
I can't let you leave in all alone.
The story of this cake has been high his old accident.
The world is high of this killed of 2010.
The world is high of this killed of 2013.
Tom didn't tell you?
Did Tom didn't tell you?
Does Tom told you?
She depends up his best.
She depends up her tears.
She depends up his own.
Tom told that he had to marry the police.
Tom told that he had to the police.
Tom said everything he had to the police.
I can go to school in ten minutes.
I can go to school at the ten minutes.
I can go to school for the ten minutes.
I lost the hat time.
I lost the zero.
I lost the half of time.
She closed the door.
She will close me.
She close me.
If you don't have a shoret, they are not plented.
If you don't have a short, they are not plented.
If you don't have a short, they were not plented.
We've got up together.
We have been killed.
We've been punk.
Tom doesn't like cats.
Tom doesn't like clean.
Tom doesn't like clea.
Tom put the hair every day.
Tom hushed up every day.
Tom hates the windows every day.
Do you want me to help you?
Do you want to help you?
Would you want me to help you?
Look at the company.
Look at the future.
Watching the company.
We'll be a patch.
We'll be a seat.
We'll take a pip.
The road is the museum.
The road is the music of nairs.
The road is the music of the other.
Tom has decided the fortune.
Tom has decided to the fortune.
Tom has decided to the kiss.
There is no idea for you to go to Boston.
There is no idea to go to Boston.
There's no really to go to Boston.
What's this cost?
What's this cool?
What is this cost?
Tom is a lot of money.
Tom is funming.
Tom is standing to money.
The friends is Tom known to Mr Mona.
Some of him called to call Mr Mona.
The friends is Tom known to Mr Menn.
I always got a good teacher in the bag.
I always got a good country with the bag.
I've always got a good movie of the band.
The France is safe in Bric.
The France is safe-setely smart.
The France is safe in Buganil.
I don't like your patch.
I don't like your pair.
I don't like a patch.
What did he like to dance?
What did he like to get up?
What did he like to send?
Do I can use this paper?
Is that I can use this paper?
Do I can use this bag?
She introduced happy.
She introduced the different.
She introted pated.
We'll pay all the world in the world.
We're looking for the world in the world.
We'll pay the world in the world.
I'm sorry I don't have to get up to you.
I'm sorry I don't have you to know how to do that.
I'm sorry I don't have you to know how to be quiet.
The mother is looking for a bank.
The mother is looking for a baby.
The mother is looking for a good cool.
The players are students.
The players are students for the floor.
The news of the keys are.
I smoke to fire.
I smoke to five.
I smoke to get up.
Please give me the address.
Please sign me the address.
Please give me the advice.
Do you like Rusles?
Do you like Riness?
Do you like Russize?
I like English, but I can't speak well.
I like English, but I can't speak it.
I like English, but I can't talk well.
I didn't know why I had no choice to do that.
I didn't know why I was choice to do that.
I didn't know why I was choalia to do that.
I thought you'd be going to be.
I thought you'll be coming.
I thought you'd be in.
It's not my delf.
That's not my delf.
This is not my messomity.
You have a decision to try.
You have a decision to try to be.
You have a decision to be seen.
Tom doesn't have enough money to buy everything.
Tom doesn't have enough money to buy that.
Tom has no money to buy everything he needs.
I went to the party of my old friends at the party.
I went to the party of my old friends at the other day.
I had a patch on my old car to the party.
There's no choice.
There is no choice.
There's no saticy.
This is not a cute.
It's not a cute of time.
That's not a cute of time.
I have to find your daughter.
I'm here of your daughter.
I have to get your head.
They want to see you.
They want to meet you.
They want you to see.
The summer was the last way to make the news.
The summer was the last man to make the news.
The summer was the last top of the world who was.
I don't like to be either too long.
I don't like be late.
I don't like be late for all.
She returned his shirt.
She took back in his shirt.
She took back to his shirt.
I took him out.
I took her hamf.
I took him the key.
The neighstation is known by a window.
The neighticial running by a window.
The neighstation is known to a window.
What is that a good view?
What's this, really you?
What's that that, what is it?
She has the news more alterners and try everyone.
She has the news more almost popular than they live.
She has the news more alterners and only everyone changing.
What is the dog in Japan?
What's he arrived in dog?
What is the dog in Japan
You don't know, do you?
You don't know, so you?
You don't have, so?
It must be the morning, in the morning.
It must be the morning, but the scene is.
It must be the morning, but the scene of the dogs.
What are you going to write?
What are you doing?
What're you going to write?
A shower has fell.
A piece has fell.
A shower is funny.
I don't think you can have a past for me?
I don't think you can have a past for me.
I don't think you're going to get a messary for me?
Do you have any kind of girls?
Do you know the bag?
Do you have any doucts of girls?
Is it possible to be a magazine game?
Is it possible to be a speeal gamer?
Is it possible to be a magazine faszzzzzzan?
This class is learning with the 20times.
This class is learning to the experience and 2000.
This class is learning with the 20.
Let's take the first way.
Close the cush in the girls.
Close the cushed in the girls.
Tom was at the time.
Tom was in time.
Tom was at once.
Do you want to kill, new you?
Do you want to spend, new you?
Do you want to kill up, or you are?
Tom, who is taller, but to do anything for me.
Tom, who is taller, but to make anything for me.
Tom, who is taller, but to do anything to me.
I wonder where Tom and Mary are.
I wonder where Tom and Mary are dead.
I wonder where Mary and Mary are.
Let's try it.
Let's see him.
Leave it.
She opened the future of the present.
She opened the future in the present.
She opened the future of the presial.
This road is not worth.
This road is not smile.
This is not scared.
I think the road introduced.
I think the road is injured.
I think the road is experitive.
It was not in my intention.
That wasn't in my intention.
This wasn't in my intention.
There is a lot of money.
There's a lot of money.
There are a lot of money.
She's afraid of the floor with a cook.
She's afraid of the floor with a bloor.
She's afraid of the flucky with a bloor.
Americy is back on TV, and swim.
Americy is back on TV, and then and.
Americy is back on TV, and swim and smart.
Janese was on the bag on a day.
Jane was on the bag on a day.
Mr Janese have a great time for hours.
He's exactly that she's going to school French.
He is exacy that she's going to school French.
He is exactly what he's going to school French.
She has been in a great trip.
She has been in a blood.
She has been in a baster.
I looked up since but I saw.
I looked to her.
I looked up since but I had no seen.
Everyone was a good idea.
Everyone had a good idea.
Everybody had a good idea.
You're not pretty than me.
You are not more than me.
You're not as little as me.
I'm so support.
I'm so reason.
I'm probably so late.
He can't change anybody.
He can come to work.
He may come to work.
You must take your dog.
You must have your dog.
You have to get your dog.
Please show her.
Get the her, I'll be.
Show her at his place, I'll be.
The neightors were extended to make a trip of the company.
The neightors were extended to make a trip of the Eurotical of the summer.
The neightors were extended to do a trip of the Eurotican.
The health is inside to the baby.
The health is inside to the bill.
The health is experitive to the baby.
Tom playes tennis after three times by week.
Tom played tennis after three times.
Tom playes tennis after school after three times.
I want to sleep.
I want to leave.
I want to talk to you.
He has a few days later.
It's a few days later.
He has a lot of more days.
Though, the planance of the future of a big floor.
Though, the planance of the future of a big hair.
Though, the planance of the future of a great scholfriend.
I saw you in TV TV.
I saw you to the TV.
I saw you at the TV.
Tom doesn't want the same thing to return.
Tom doesn't want the same thing.
Tom doesn't want to see the same time.
I have a few hospital.
I have a few hospital in the baby.
I have a few hospital in a bike.
This cake will take a test of life from the bill.
This cake will take the tendest of the catest of the city.
This cake will make a speem of the catest of the city.
Let's take this book, I learned all things for this teacher.
Let's take this book, I learned this thank for this teacher.
Take this book to the book, I learned this thank for this teacher.
They ruined it.
They ruined him.
They have the teacher.
He felt the hush in the use way.
He felt the hush in the use of this lfriend.
He felt the hush in the use of the cost.
Tell me your life.
Speak me your life.
Let me tell your life.
I really like a bike.
I really like a dogs.
I really like a biizzzes.
It's a good way.
It's a good appetite.
That's a good mother.
I'm sorry to go to Tom.
I'm thinking of the mountain.
I'm thinking to go out the message.
Is this snow?
Is this insanor?
Is that kind of minugle?
He is absent from his uncle.
He's trying to his uncle.
He is absent from his warrior.
Are you telling who gave me up?
Are you telling who gave me?
Are you telling me that you were injured?
Who told you?
Who gave you?
Who did you?
I don't drink.
I don't drink out.
I don't drink out of wine.
You can tell me everything.
You can't tell me everything.
You can tell me anything.
Tom introduced clean and building in the scene.
Tom introduced clegally and building in the scene.
Tom introduced cleged and building in the scene.
Mom out the door.
Meal out the door.
Meal beer the door.
I read the same meal, he is a woman woman.
I read the same meal, he's a woman.
I read the same meal, he is a woman.
Tom could do that.
Tom could do this.
Tom should do that.
I don't have a shower.
I don't have a shot.
I don't have a lot of guess.
I'm poor.
I'm glad.
I am poor.
Tom put a beer.
Tom has been a beer.
Tom has been a new beer.
This is inside of mistake.
It's inside of mistake.
It's unknown to be eyes.
You should think about your future.
You should think about your opinion.
You should think about your dance.
Do you have any questions?
Do you have any more questions?
Do you have a bicycle?
Please get your own poor.
I'll get you.
You're safe.
She missed me to get up.
She missed me to swim.
She missed me a suldge.
I suppose that's different when you have to get to the keys.
I guess that's different when you have to get to the keys.
I guess it's different when you have to get to the keys.
The baby were improved.
The road were improved.
The baby was improved.
He gave me to try.
I had to try it.
He gave me.
My mother is alone.
My mother is hard.
My mother's alone.
We have no idea time.
You're young a time.
We have no idea.
This is a teacher.
This is a past.
That's a lick.
Mother is watching me a shower.
Mother is working to do a cook.
Mother is watching me to do a cook.
In this moment, there's no place more than here.
In the moment there is no place more than here.
In this moment, there is no idea more than here.
I like it. It's a speef.
I like the well. It's a speef.
I like the well. That's a speef.
Who is the only way?
Does anyone speak?
Does anyone have any?
I don't remember that.
I don't feel like that.
I didn't remember that.
He written a letter.
He written a good letter.
He written a good house.
Does Tom become beer?
Is Tom still become?
Is Tom become become?
Are you going to help?
Do you stay in?
Did you stay in?
Are you dressed?
Are you crying?
Are you fell?
I'll be happy with you.
I'll be happy to you with you.
I will be happy with you.
I've never guied a teacher to have a great time for a lot of course.
I've never guied a teacher to have a great time for the way I was in a past.
I've never guied a teacher to have a great time to be a great way to the past.
Let's call a cat at a cat leal, the political fell.
Let's call a cat at a cat leal, the politicy is a tight-mountain.
Let's call a cat at a cat leal, the politicy's potter-speem.
There was always too much sugames in his own.
There was always too much floor in his own.
There was always too much sugames in his tree.
My mother and the mother and she is tired, and she went to the house.
My mother in the hush and she is tired, and she went to the house.
My mother and the mother and she is tired, and she's tired to the house.
Your projers have a lot.
Your projers have a lot of lot.
Your proghts are a lot.
I'm really staying.
I'm really stunk.
I'm really saying.
You can't buy this medicine.
You can't buy this word without order.
You can't buy that medicine.
I think you don't have to clean up.
I think you don't have to clean the sea.
I think you don't have to get up on the seat.
I'm a friend.
I am a friend.
I'm an friend.
I'll get you to the station tomorrow.
I'll keep you at the station tomorrow.
I'll get you for tomorrow.
I know you're in love with me!
I know you're in love with me.
I know you're reading in love with me!
I went to the store.
I went in trouble.
I went to the store in the store.
My little friend was late.
My father was in daughter.
My little friend was in daughter.
You need to learn you.
You need to learn to go.
You need to learn to get you.
How can I stand?
How did I supposed to eat?
How can I get up?
I like Kygered.
I like Kygly fell.
I like Kybelled in friends.
That's exact.
This is correct.
It's quite.
This is why I sent you.
That's why I'm getting.
It's why I'm getting smart.
I'd like to help you.
I'd like to help you so.
I'd like to help them so.
How much is your house in your house?
How much did your house in your house?
How much is your house to work in your house?
Don't try to do that anymore.
Don't try to do that.
Don't try to do this.
Seen of the world, this death is very good.
Seen of the world, that looks very good.
Seen of the world, that looks very beautiful.
What are these became?
What are those became?
What are these rurity?
Call me when you want.
Tell me when you want.
Call me when you want to.
Whose cows have behind a safe.
Whose cows have behair a safe.
Whose cows have behind the floor.
I can't believe that he was innocent.
I can't believe it would be innocent.
I can't believe that he was inwarned.
Tom closed the door of his room.
Tom put the door of his room.
Tom put the door in his room.
What did you do for dinner?
What are you done for dinner?
What did you find out of your dinner?
I'll wait in the beach.
I'll come in the beach.
I'm going to get into the beach.
Call a doctor!
Call a doctor.
Believe a doctor!
As I thought I thought it is.
As I thought I thought it's a herself.
As I thought I thought that she's a god.
He has changed.
He changed a present.
He has changed to address.
I forgot to tell him.
I forgot to say.
I forgot to tell her.
Tom was the survivors.
Tom was one of the experience.
Tom was the surprised.
It's very easy to work.
That's very easy to work.
This is very easy to work.
"Heart" and "the same memory.
"Heart" and "the same memory."
"Heart" and "the same memory of course.
I've already done the rain what happened to be done.
I've already done the same thing what happened.
I've already made the same thing what happened.
We're in love with my mind.
We're in love with my danger.
We'll go to the movies.
The film wasn't so much.
The movie is not so bad.
The film wasn't so much a divative.
I know you want to come home.
I know you want to go home.
I know you want to stay home.
The fish doesn't work today.
The fish doesn't be today.
The fish won't be today.
What did he do you?
What did he did that?
What did it do you?
I didn't know how to solve.
I didn't know how to sleep.
I don't know how to solve.
The first man who lives the blood.
The concert who lives the blood.
The man who lives the blood.
One of a little longer is a bit faster.
One of a little longer is a little bit.
One of a little longer is a bit faskly.
I was too fasted for the eyes in the eyes.
I was too fasted for the eyes to the eyes.
I was too gented for the eyes in the eyes.
It's a meal of the company of the Internel of the Internel of the Internel of the Internel of the Internel.
It's a meal of the company of the Internet of the Internel of the Internel of the Internel of the Internel.
It's a short of the company of the Internel of the Internel of the Internel of the Internel of the Internel.
I played the window of my life.
I played my life with my life.
I played my life with Boston.
She has to see me again.
She wanted to see me again.
She's going to see me again.
I'll be leaving this evening.
I'm glad to get this evening.
I'm glad to be this evening.
We asked me to get the future.
We asked me to have the movie.
We asked me to buy the movie.
We were involved on a good job in the park.
We were involved on a good job.
We were involved on a nice town.
My grandfather has been hungry in my heart.
My grandfather has been hungry to my heart in my heart.
My grandfather has been good in my heart in my heart.
Nanako is a couple.
Nanako is a couple of advice.
Nanako is a couple of guys.
Please give yourself a new time by day.
Please give me a new time by day.
Please give yourself a great time.
You're wonderful, aren't you?
You're safe, aren't you?
You're nuble, aren't you?
You should choose a job with your feet.
You should choose a job with your deal with your deal.
You should choose a job with your feet and deal with your dead.
Do you have any parents?
Are you going to parents your parents?
Do you have a parents?
Get up of you things you don't have a lot.
Get up for things you don't have to wer.
Get up of you things you don't have to wer.
There's no impressation.
There's no recial.
There's no improtal.
I don't want to drive Mary.
I don't want to eat Mary.
I don't want to eat with Mary.
Our house and dead and we're waiting for.
Our house and dead and we're looking for.
Our house and through we're looking for.
This dreake is true to swim, but I can't come out this.
This dreake is true to swim, but I don't want to get out of this.
This tuny is true to swim, but I don't want to get out of this.
You can't kill you in your mind.
You can't kill you for your mind.
You can't tell you in your daughter.
What are you going to do?
What are you doing?
What do you do?
Did you have any last name, Janese?
Did you have any last name of the museum?
Did you have any last name, Juroad?
He speaks as if he had everything.
He speaks as if he knew everything.
He speaks as much as he knew everything.
I wanted to know why you haven't done yesterday.
I wanted to know why you're not done yesterday.
I wanted to know why you're not finished yesterday.
I love this head.
I love this shop.
I love this bill.
I need to know your answer for you.
I need to know your answer for home.
I need to know your answer to visit.
I'd like to come back.
I'm trying to be quiet.
I'll come to be quiet.
I was abrote at the hospital.
I'd play the river.
I was abrote in the TV.
You've changed a lot.
You've changed a lot of advice.
You've changed to choose.
How much time do you plan to pay Boston?
How many times do you plan to pay Boston?
How much time do you plan to learn Boston?
Do you have any push with you?
Do you have any hamtop with you?
Do you have the blocity with you?
I know Tom doesn't like Mary.
I know Tom didn't like Mary.
I know Tom don't like Mary.
Have you tried this water?
Did you tried this water?
Do you want this water?
Everyone saw you.
Everybody saw you.
Everyone looks.
The experience were a great address.
The experience are four a great water.
The experition are four a great water.
Can I call anybody?
Can I ask anybody?
Can I call that who?
The last thing I want to do is beer.
The last thing I want to do is care of all.
The last thing I want to make a picture of our problems.
Could you explain it more than?
Could you explain it more than that?
Could you look at the only one anymore?
He has been friends.
He has a lot of friends.
He has a big volun.
It's cold.
He is cold.
He's cold.
Do you like to miss the train.
Do you like to miss you.
Do you like to miss you last night.
I think we're all along.
I think we're all a bit laughter.
I think we're all a little locity.
The children are going to swim in the city.
The children are going to swim in the beach.
The children are going to swim on the city.
For an insanal of a great view of the Europe, he needs to take a lot of recience.
For an insanal of a great view of the Europe, he must have to prove a lot of recience.
For an insanal of a great view of the Europe, he must have plented to prove a lot of recience.
Is there your friends?
Is he your friends?
Is it your friends?
What did she buy this store?
What does she bought this store?
What did she bought this store?
Wait a little.
Get a little.
Go to a little!
That makes me!
That makes me.
That's my deal!
I was fortest, but never had to learn the way.
I'd like to be sure but he had a lot of recise.
I was fortest, but never had a lot of recise.
I think it's time for me to get that food.
I think it's time for me to get this evenation.
I think it's time for me to see this evenation.
I have to cake you for your success.
I have to get up to your success.
I owe you to get your manager.
Better you don't think about it.
Better you don't think about that.
Better you don't think to think.
I'm not pale.
I'm not punable.
I'm not a didddle.
Tom really looks a lot of a lot.
Tom really drinking a lot of a lot.
Tom really drinks to be a lot.
You're going to talk to you to talk about.
You're going to talk to you to speak in the future.
You're going to talk to you to talk in the run.
How can we be quiet with the world.
How can we be quiet with him.
How can we be quiely.
You know all the world.
You know everything.
You'll know everything.
I have no idea what we have to do.
I have no idea what we do to do.
I had no idea what we do to do.
You don't think you don't like that.
You won't tell me what you like that.
You don't know what you're not like that.
Some of them, that has been a great day.
A lot of fine, that has been a great day.
A lot of fine, it was a great day.
He has the box on the table.
He turned the box on the table.
He looks the box on the table.
Do you want me?
Do you want me to help?
Do you want me to say?
Thanks, the baby, the blood and the baby is a great experience of a great experience.
Thanks, the baby, the blood and the baby is a great experience of a great experience of a great experience.
Thanks, the baby, the blood and the blood is a great experience of a great experience of a great experience.
Tom builed his bottle.
Tom builed his box.
Tom builed his fell.
The company paints in the eyes who is watching.
The company paints in the eyes who is too much.
The company paints in the eyes who's too.
We need to give us.
We must give us.
We have to give us.
I know I can do more.
I know I can do that more.
I know I can go more and more.
