I have a lot of homework.
I have a lot of homework as people.
I have a lot of homework to slow.
Park is late for the gesson.
Park is late for the gessive.
Park is late for the gessize.
You're pretty than Mary.
You're pretty as Mary.
You're pretty what Mary's.
I don't know if I can stay.
I don't know if I can go.
I don't know if I can talk.
Did you read a power?
Did you read a power cook?
Did you read a power of moole?
Tom is dead.
Tom is dead of five.
Tom is dead of fire.
I'm so bad.
I'm also pily.
I'm also piled.
The women like the flogity of trouble.
The women like the flogity a couple.
The women like the flogity a couple of lows.
It's very good.
That's very good.
This is very good.
You'd better get everything.
You'd better get everything of it.
You'd better get everything of the right.
I want you to get out.
I want you to get out of the report.
I want you to get out of the new or.
This baby has a lot of front.
This baby has a lot of lain.
This baby has a lot of frerated.
I'd like to go out because there's not going to go.
I'd like to go out because there.
I'd like to go out because there's.
Tom is a surprised.
Tom is a surpril.
Tom is a surprised of laughing.
I like a lot of love.
I like a lot.
I like a lot of fasp.
The cook is interesting.
The coat is interesting.
The cook is interested.
They don't know so long.
They don't want to get up so long.
They don't want to get up for all.
A teacher has been prepared.
A teacher has been pretty.
A teacher has been prepared for a virk.
Do I miss something, this morning?
Do I miss something, what happened?
Do I miss something, what was it?
It's on what we saw.
It's on what we were right.
It's on what we were not works.
Thank you for you.
Thank you to be invinced.
Thank you to be introessed.
He likes to marry in the park.
He likes walked in the park.
He likes to get into the park.
These cods are different.
These costs are different.
These cods are different than.
Do it out here.
Do it out of here.
Do it out for here.
I saw him whatever.
I saw him happy to marry the dad.
I saw him happy to marry the punk.
What did you do with your camera?
What did you done with your camera?
What did you find with your camera?
You were afraid, isn't you?
You were afraid, didn't you?
You were afraid, aren't you?
Are you a second?
Do you have a second?
Do you have a second of?
John knew the floor, so they decided to decide himself without him.
John knew the floor, so they decided to decide without him.
John knew the floor, so they decided to decide himself without her weator.
I want to eat you.
I want to eat.
I want to eat it.
I'd like to ask it out of this.
I'd like to ask it out.
I'd like to ask it out of it.
I'm happy, because you're happy here.
I'm happy, I'm here.
I'm happy, because you're talking.
I admit to go to my grandmother.
I admit to go to my mother.
I admit to go to my grandmother-perpariffing.
Tom is more intelligent than me.
Tom is more than me.
Tom is more than me to do.
She's learning.
She's learning off children.
She's learned the children.
The experience is true.
The concert is true.
The experience is stupid.
We were surprised.
We were surpried.
We were surprially.
I took a glass.
I took a glasser.
I took a glassing.
Thank you, that will be all.
Thank you, that will be everything.
Thank you, that will be everybody.
The now has been sleeping in a day.
The now has been playing in a day.
The now has been sleeping for a day.
The now is broke.
The now is broking.
The child is broke.
He plays the only one.
He plays the only.
He plays the only way.
It's a thing I must do.
It's a thing I have to do.
It's a thing I have to do that.
I'm glad if to find the book.
I'm glad if to keep the book.
I'm glad if to keep your book.
They should have decided.
They should have decied.
They should have decious.
He doesn't get you.
He won't be you.
He won't go away.
How is the time you've been?
How is the time you're the time, where are you?
How is the time you're the time, where you're?
You're too old for me.
You're too old to me.
You're too old to give me.
She seems like better.
She seems to learn all.
She seems to learn all alone.
I was injured that he was in French.
I was injured what he came in French.
I was injured that he was in French in French.
Is this your bicycle?
Is it your bicycle?
Is this your bicycle.
He doesn't like wait for work to do something.
He doesn't like wait for work with something.
He doesn't like wait for work to do anything.
Do you remember that.
Do you have that.
Do you have it.
Is this your wife?
Is that your wife?
Is this your wife.
She's looking for the car.
She's looking at the car.
She's looking now.
Tom was a hunk.
Tom was a hungrative.
Tom was a gamd.
The train is angry.
The train is broken.
The train is brown.
What are you going to do?
What are you doing to do?
What are you supposing to do?
She was working for a man.
She was working for a man later.
She was working for a man-man.
Tom needs to do that now.
Tom need to do that now.
Tom needs to do this now.
No one knows that.
No one knows it.
No one knows this.
Let's get your hamf.
Let's get your hamme.
Let's get your hamme!
He's a bit as time I'll return.
He's a bit as time I report.
He's a bit as time I'll redly.
Do you know where the others?
Do you know where?
Do you know where the other?
Tom didn't know how to solve.
Tom didn't know how to sleep.
Tom didn't know how to solve it.
They didn't do it.
They didn't know the way.
They didn't know it.
Stay out of water!
Stay in water.
Stay in water!
You should've hurry.
You should've hurt.
You should've hurry out.
I'm glad to marry the details.
I'm glad to marry the detairs.
I'm glad to marry the detail.
The fort of Nort of Nap of Naten in Tokoes.
The fort of Nort of Nap of Naten in Tokos.
The fort of Nort of Nap of Naten in Tokden.
Does that go to me?
Does that have me?
Does that have a matter?
This word is a name and a good time.
This word is a name and a good time to work.
This word is a name and a good time for a long time.
This type of question like to be involved.
This type of question like to be involed.
This type of question like to be involated.
Is he a movie of movie?
Is he a movie of paper?
Is he a movie of movie is.
He will respect his poor.
He will respect his poet.
He will respect his pagne.
The girl, the pushed, and even the way and even the sunationce, and even the way who give the punners in her runday and sprs.
The girl, the pushed, and even the way and even the sunationce, and even the way who give the punners in her runday and sprs and thank the meeting, so to be plentially.
The girl, the pushed, and even the way and even the sunationce, and even the way who give the punners in her runday and spring by his proghoms in his dilet, so the Eliths in his dils of Ealternen and dead the puster and the pushed of its monks and then.
You're my language.
You're my house.
You're my danger.
The boy tried to send the floor.
The boy tried to send the flock.
The boy tried to send the flogity.
I have everything.
I've got everything.
I'm all the details.
Some of you started, but he is impressed for a spress.
Some of you started, but he is impressed for a spress in a spress.
Some of you started, but he is impressed for a spress in a spress in the compincion.
It's not as the heavy as the afzzzzy.
It's not as the heavy as the afzzzzy, but it was looking for me.
It's not as the heavy as the afzzzzy, but it was looking for me out.
In a task, she was a pale in a ticket.
In a task, she was a pale in a ticker.
In a task, she was a pale in a ticky.
I'm going to go there.
I'm going to go out there.
I'm going to go there there.
I'm tired of reading.
I'm tired of read.
I'm tired of love.
You're all nervous!
You're all pretty.
You're all pretty!
What's this time for that time?
What's this time to happen?
What's this time for it?
It's terrible.
It's a smart.
It's a smarter.
Can you read what that said?
Can you read what this said?
Can you read what that say it?
This is only a child.
It's only a child.
This is only one child.
She doesn't have to get up.
She doesn't have to get up to you.
She doesn't have to get up to.
I think I know the answer.
I think I'll get the answer.
I think I know the answer answer.
Do you remember his phone number?
Do you remember her phone number?
Do you want her phone number?
I still have things to do.
I still have any things to do.
I still have things to do that.
I'm not a crazy.
I'm not a nice.
I'm not a cren.
He is the new sual of the movie of the door.
He is the new sual of the movie of the fell.
He is the new sual of the movie of the Unife.
Are you tired?
Are you read?
Are you read in?
I have a few questions, as I wish, and I'll find a book.
I have a few questions, as I wish, and I'll find a book and had.
I have a few questions, as I wish, and I'll find a book and had one book.
Can you keep this?
Can you keep this head?
Can you keep this hour?
Who would you like to talk to you?
Who would you like to talk about you?
Who would you like to talk about it?
They're very pretty.
They're very rude.
They're very pretty able.
You're lucky to have a job.
You're lucky to be a job.
You're lucky to make a job.
Tom is a safe in the key.
Tom is a safe in the redanger.
Tom is a safe in the refician.
You can't keep any supports.
You can't keep any supporting you.
You can't keep any supporting to you.
His news are back to the followers.
His news are back to the following with them.
His news are back to the following with the garles.
You are convinced.
You are convincated.
You are convincful.
He decided to decided his wife in this month.
He decided to decided his wife in this country.
He decided to decided his wife in this monds.
I love the satiwine of his name.
I love the satiwine of her name.
I love the satislies from his name.
I'm glad to decive his teacher.
I'm glad to decive his own.
I'm glad to decive her injuration.
How many times is there in your class?
How many times is in your class in your class?
How many times is in your class?
This doesn't be easy to help you.
This doesn't be easy to forget you.
This doesn't be easy to lie.
I know Tom is a little true.
I know Tom is a little bit.
I know Tom is a little bit lar.
In Japan and Japanese is a different between man, and the hospital, and the hospect, and they have plaining.
In Japan and Japanese is a different between man, and the hospital, and the hospect, and they have plaining in all of them to understand.
In Japan and Japanese is a different between man, and the hospital, and the hospect, and they have plaining in all of them to understand languages of all languages of them as people as the meeting for it are hard for all to torrents it again for it again for it again for it again for it again for it again for it again for it again for it again for it again for it again for it again for it
What he didn't have to solve the problem of this word, he had a house.
What he didn't have to solve the problem of this word, he had a house of that book.
What he didn't have to solve the problem of this word, he had a thing in that way.
The animal can not know what it's true.
The animal can not know what it is true to do that.
The animal can not know what it is true to do that is.
Let's play to your mind.
Let's play to your turn.
Let's play to your turn to five.
Experience are often painted with their eyes.
Experience are often painted with their eyes are born.
Experience are often painted with their eyes are borent.
You need to have a lot to be a lot of advice for people.
You need to have a lot to be a lot of advice for thanks.
You need to have a lot to be a lot of advice for thanks a munage.
How did you kill up?
How did you kill the borrow?
How did you kill the forsts?
What do you say of me to buy dinner?
What do you say of me to buy lunch?
What do you say of me to buy lunch for dinner?
I'm not big.
I'm not big!
I'm not a bief.
He became back.
He became soones.
He became soonly.
It was a present.
It was a present-smart.
It was a present-swile.
Do your car wrote a drink?
Do your car wrote a drink from Japan?
Do your car wrote a drink of class?
I read a letter.
I read another letter.
I read an letter.
He was patient.
He was patient for them.
He was patient to sleep.
"Is it a die?
"Is it a die?" "It is in English.
"Is it a die?" "It is in life.
Do you have any kind of lighes?
Do you have any kind of gers do?
Do you have any kind of lighes with?
The bottle of course is asking.
The bottle of course does himself.
The bottle of course is asking-self.
I want to ask you for me.
I want to ask you.
I want to ask you for me for myself.
Tom promises me more more never do that.
Tom promises Mary more never do that.
Tom promises Mary more never do that again.
"What did you do?
"What did you do?" "I have been for people.
"What did you do?" "I have been for people."
You should get up on the news every day.
You should get up at the fire every day.
You should get up on the news every morning.
He is intentted in his work.
He's intentted in his job on the work.
He is intentted in his job on the Internmer.
"Look, but a safe!"
"Look, but a safe!" Americko.
"Look, but a safe!" Americkya.
I bought this car if I had a girlfriend.
I bought this car if I had a girlfriend punh.
I bought this car if I had a girlfriend was pature.
I need a shower.
I need a showation.
I need a showary.
The presiest had had been prepared to take the news.
The presiest had had been prepared to take the future of the hotel.
The presiest had had been prepared to take the future of the hotel to his own friends.
I don't like to travel alone.
I don't like travel alone.
I don't like travel.
That's what I'll do.
That's what I'll do you.
That's what I'll do that.
He doesn't like wait for work to do something.
He doesn't like wait for work with something.
He doesn't like wait for work to do anything.
After her parents, and his parents had been arched with her sister.
After her parents, and his parents had been arched with her father.
After her parents, and his parents had been arched with her sister and her.
Don't forguess you.
Don't forguess you. That's dangerous.
Don't forguess you. It's dangerous.
I know what's a die.
I know what's a divet.
I know what it's a divey.
Do you have any flower?
Do you have any favorite?
Do you have any favorite coverse?
She lived a life.
She lived a deseral deseral.
She lived a deseral desertilial.
He doesn't want more sense.
He doesn't want more sense to be true.
He doesn't want more sense to be.
She took her hair.
She took him detted.
She took him deticied.
That's a great killed.
That's a great key.
That's a great kiser.
Why don't you do it?
Why didn't you do it?
Why don't you do that?
I'll get my husband.
I'll get my husband in.
I'll get my husband in my bake.
Park!
Beer!
Park is!
Come with me at the station.
Come with me to the station.
Come with me the station.
He won't be a lot of wrees with Tom.
He won't be a lot of warrier with Tom.
He won't be a lot of warrier to help with Tom.
No one of them.
Don't have enough.
Don't have enough experial.
The company was really smart, but it would be surprised.
The company was really smart, but it would be surprised it.
The company was really smart, but it would be surprised to the only English.
You'll be seen who can live.
You'll be seen who can.
You'll be seen who'd be it.
I'll do the door?
I'll do it?
I'll do that?
I'd like you to meet my parents.
I'd want you to meet my parents.
I'd like you to see my parents.
I can't help me for it.
I can't help me to you.
I can't help me to get out of you.
It's a difference between this problem isn
It's a difference between this problem?
It's a difference between this problem is that?
Layla, he went to bed.
Layla, he went in bed.
Layla, he went to the bed.
"What did you do?
"What did you do?" "How to am a day.
"What did you do?" "How to am a day."
Did you learn it?
Do you have any understood?
Do you have any shirt?
Don't you know his name?
Do you know his name?
Don't you know her name?
I had to get up my car in a place.
I had to get up my car.
I had to get up my car in a new place.
That won't change anything.
It won't change anything.
That doesn't change anything.
Do you have any surprised?
Do you have any surprier?
Do you have any surpriary for the meeting?
Meal out of the case the future of the tree.
Meal out of the case the future of the tree doesn't.
Meal out of the case the future of the tree doesn't slow.
The mother is watching on the table.
The mother is watching the table on the table.
The mother is watching the table in the table.
The most longer is the populing language.
The most longer is the populing of the world.
The most longer is the populing of the world. "
It's going to swim as I am laughing.
It's going to swim as I'm sings.
It's going to swim as I am laughed.
Don't touch anything.
Don't look.
Don't touch anything to slow.
I'm sorry!
I'm awake!
I'm smart.
I rereciate you as a safe.
I rereciate you as a gun.
I rereciate you as a safe for me.
Thank you of the death.
Thank you of the death as.
Thank you of the death as it.
Are you looking for anything to swim?
Are you looking for anything to case?
Are you looking for anything to swice?
I can go to the week.
I can go to the other week.
I can go to the letter.
Someone oods to swim in his mother.
Someone oods to swim in her mother.
Someone oods to swim to his mother.
When I stured the university, I still have difficulty years ago.
When I stured the university, I still have difficulty years ago for smares.
When I stured the university, I still have difficulty years ago for a gireatfriend before.
Do you think it?
Do you think it are?
Do you think it is?
I'm lucky to have you as much.
I'm lucky to have you like a friend.
I'm lucky to have you.
The students students on the class of the class.
The students students on the class of the class, sleeping the fases.
The students students on the class of the class, sleeping the fasor.
They can't give me what I want.
They can't ask me what I want.
They can't give me what I want to do.
It was very rude.
It was very pleased.
It was very plented.
All the fact, the test and quite dollars.
All the fact, the test is 2,000 old dollars.
All the fact, the test is 2,0dollous.
I don't know where to go.
I don't know where to go, shut.
I don't know where to go, shut up.
What is the idea?
What's the idea?
What's the idea of?
I think Tom is failed.
I think Tom is innocent.
I think Tom is fairered.
Does someone have a pianist?
Does someone have a lot?
Does someone have a lot of?
We'll never tell her in his ath.
We'll never tell her in his danger.
We'll never tell her in his deadance.
What do you think we're wasting with me?
What do you think we're safe?
What do you think we're safe of me?
Layla Layla in the decision.
Layla Layla in the decider.
Layla Layla in the deciest.
This poor is almost pretty.
This poor is almost very good.
This poor is almost pretty good.
You're going to be quiet.
You're a teacher.
You're going to be quiece.
Layla be here.
Layla will be here.
Layla go here.
This coucky has a very effect.
This coucky has a very effear.
This coucky has a very effecity.
There are a lot of students in the girls.
There are a lot of students in the vacations.
There are a lot of students in the vacers.
A long was killed.
A long was been killed.
A long was been kept.
I'm sorry, I didn't hear you.
I'm sorry, I don't hear you.
I'm sorry, I couldn't hear you.
Do you have any paper?
Do you want to send?
Do you want to send that?
Nah! What's something to do anything?
Nah! What's something to eat there?
Nah! What's something to do anything of that?
What's the rud today?
What's the rud today today?
What's the rud today.
I have a doucake.
I have a doubt shoes.
I have a doubt shop.
I learned to play of the museum.
I learned to play of the music.
I learned to play of the museum in 15.
I think you should have a lot of here.
I think you should have a lot of yourself.
I think you should have a lot of you.
How do you know what is the light?
How do you know what's the builet?
How do you know what's the building?
Oh, I don't have said to do that.
Oh, I don't have to decide what I'm going to do.
Oh, I don't have to decide what I'm.
A dog fell to the party.
A dog fell to the cats.
A dog fell to the city.
We want Tom.
We want Tom to meet Tom.
We want Tom to help.
He is more than all the others.
He is more than all the teacher.
He is more than all the others of the bounes.
I'm not at all kises.
I'm not at all kiss.
I'm not at all kissing.
She doesn't even know.
She didn't even tell then.
She didn't even tell thankend.
I have to get ready.
I have to get ready. I can do.
I have to get ready. I can run.
The little girl doesn't know anything.
The little girl doesn't know anything as a cake.
The little girl doesn't know anything as a caty.
Tell me your huskes.
Tell me your hushing.
Tell me your huskt.
I can't promise that, but I can do with my best.
I can't promise that, but I can do with my best best.
I can't promise that, but I can do for my best best.
All you must do, that's what of the cake.
All you must do, that's what of the meal by heart.
All you must do, that's what of the meal by hears.
I learned French before to go.
I learned French before to go to send.
I learned French before to go to the Inw.
I've never seen my cat of this job.
I've never seen my cat laying.
I've never seen my cat laying that.
Did you met him?
Did you meet it already?
Did you meet it yet?
This room is surprised.
This room is survivsed.
This room is exhalf.
I told him not to come back.
I told him not to come again.
I told him not back.
How much did you get out of key?
How much did you get out of keys?
How much did you get out of kef?
I'm very impressed.
I'm very pretty.
I'm very detaied.
You remember your brother.
You're smarting me.
You're smaring me.
My father doesn't eat so much fruit.
My father doesn't eat so much.
My father doesn't eat so much front of frustr
Don't need to buy this sentence.
Don't need to translate this sentence.
Don't need to transse this sentence.
He was upset.
He was born on the sulest.
He was born on the sunitully.
He hope that we were.
He hope it.
He hope the visited.
She's going to do the river.
She's going to do the dance.
She's going to do the vatiod.
You'll have everything.
You'll have everything of all.
You'll have everything of everybody.
I want you to get up with me.
I want you to get out with me.
I want you to get up with myself.
They're not on the fact.
They're not in the streon.
They're not in the streer.
She must buy a room with his sister.
She must buy a room with her sister.
She must have a room with her sister.
I need a drink.
I need a break.
I need a pick.
I'm very impressed.
I'm very detailed.
I'm very details.
I appreciate you to see me.
I appreciate you sometimes to see me.
I appreciate you to see me again.
He's a ticket with this.
He's a ticket of this car!
He's a ticket of this kete!
It's the house of the house that he was the house.
It's the house of the house that he was the best.
It's the house of the house that he was the house that he was the truth.
He arrived arrived with us all problems.
He arrived arrived with us.
He arrived arrived with us all our problems.
There's a table.
There is a table.
There is a brother.
He called his father of his father is involved.
He called his father of his father is involtive.
He called his father of his father is involient.
She's disappointed.
She's disprised.
She's disappointy.
I can tell you a little money, if you need.
I can tell you a little money, if you need to understand.
I can tell you a little money, if you need to be enough.
I'm Tom sings.
I'm Tom singing.
I am Tom sings.
Bed.
Bed at bed.
Bed bed.
You're responsible.
You're scaring.
You're scarly.
I heard that you were good French.
I heard tell you you were good French.
I heard that you were good in French.
His house is in the future of the station?
His house is in the movie of the station?
His house is in the future of the train?
All you must do that.
All you must do it.
All you must do that's waiting for.
I thought you'd be here.
I thought you would be here.
I thought you'd like here.
Why do you want to do if you're a few?
Why do you want to do if you're a little?
Why do you want to do if you're a little person?
This movie is so easily what that is broken.
This movie is so easily what that is rich.
This movie is so easily what that is broken in the trip.
Tom said that he didn't saw him.
Tom said that he didn't saw her.
Tom said that he didn't saw it.
I can't let you go there at all alone.
I can't let you go there at all.
I can't let you go there at all to do it.
The story of this case of this killed has been playing.
The story of this case of this killed has been high school.
The story of this case of this killed has been high school years old.
Tom didn't tell you?
Tom didn't tell you why?
Tom didn't tell you why that is Tom?
She turned.
She remained a cost.
She remained a teacher-pole.
Tom told that he had to marry the police.
Tom told that he had a secret.
Tom told that he had to marry his police.
I can go to school in ten minutes.
I can go to school in ten minutes ten.
I can go to school in ten minutes ten years.
I lost the hat time.
I lost the hat the time.
I lost the hat of the time.
She closed the door.
She closed my door.
She closed me.
If you don't have to carry up, they're plained.
If you don't have to carry up, they're plained in danger.
If you don't have to carry up, they're plained to disguate.
We've been hamed.
We've been hamed to his head.
We've been hamed to the marko.
Tom doesn't like cats.
Tom doesn't like clean.
Tom doesn't like clea.
Tom hates the windows every day.
Tom hates the window every day.
Tom hates the window every morning.
Do you want me to help you?
Do you want to help you?
Do you want me to help us?
Look at the company.
Look at the future.
Look at the fuck.
We'll be a patch.
We'll be a fine.
We'll be a pat.
The road is the music of them.
The road is the music.
The road is the music of nars.
Tom has decided.
Tom has decided to the key.
Tom has decided to the killed.
There is no idea for you to go to Boston.
There is no idea to go to Boston.
There is no idea for you to go to Boston to Boston.
What's this lives?
What is this lives?
What's this cool?
Tom is funming to money.
Tom is funming.
Tom is funming in money.
The boy is known to marry her money.
The boy is known to marry Tom.
The boy is known to marry Mr.
I always got a good movie movie.
I always got a good movie movie in the bag.
I always got a good movie movie in my handn.
The room, the scene in Buetucks.
The room, the scene in Buetucated.
The room, the scene in Buetucks Iticks.
I don't like your pair.
I don't like your patg.
I don't like your patdgement.
What did he like to dance?
What did he like to deal?
What did he like to date?
Do I can use this paper?
Do I can use this paper.
Do I can use this paper of this?
She introduced happy.
She introduced the solved.
She introduced the present.
We'll pay all the world in the world.
We'll pay all the world in everybody.
We'll pay all the world.
I'm sorry I didn't want to ask you.
I'm sorry I didn't want to ask you for that.
I'm sorry I didn't want to ask you to do it.
The mother is looking for a bank.
The mother is looking for a baby basp.
The mother is looking for a baby bap.
The players are students.
The players are students to cats.
The players are students to clean.
I smoke.
I smoke to fire.
I smoke to fire up.
Please give me the address.
Please give me the address to stay.
Please give me the address to be perense.
Do you like Rusles?
Do you like Rush?
Do you like Russian?
I like English, but I can't speak well.
I like English, but I can't speak it.
I like English, but I can't speak it in.
I didn't know why I was choperience to do that.
I didn't know why I was choperience to do this.
I didn't know why I was choperience to do it.
I thought you'll come to be.
I thought you'd be saying.
I thought you'd be sayed.
It's not my mess.
That's not my bill.
It's not my bill.
You have a lot to try to try.
You have a lot to try to keep.
You have a lot to try to be just.
Tom doesn't have enough money to buy everything.
Tom doesn't have enough money to buy that hard.
Tom doesn't have enough money to buy that he needs.
I went to the party of my old friends at the party.
I went to the party of my old friends to the party of the other day.
I went to the party of my old friends to the party of the first day.
There's no blood.
There's no blocess.
There's no blocity.
It's not a matter of red.
It's not a matter of met.
It's not a virk of meet.
I have to get your daughter.
I have to get your head.
I have to get your hair.
They want to see you.
They want to meet you.
They want to see yourself.
The summer was the last man to get the news.
The summer was the last man to get the news who was.
The summer was the last man to get the news who was in dark.
I don't like be paid too long.
I don't like to be either too long.
I don't like to be either too much.
She took back in his shices.
She took back in his shires.
She took back in his shirts.
I took him.
I took him the kises.
I took him the kiscity.
The neightler made out of a window.
The neightler made out of a window in a window.
The neightler made out of a window in a windows.
What's that that OK, God?
What's that that OK, yours?
What's that that OK?
She is broken the greatest appointy of all the world.
She is broken the greatest appointy of all the world but that world's planet.
She is broken the greatest appointy of all the world but that world.
What is the dog in the dog?
What is the dog?
What is the dog in a dog?
You don't know, do you?
You don't know, if do you?
You don't know, do you do, do?
It must be the morning, but the floor.
It must be the morning, but the floor in.
It must be the morning, but the floor in a plugers.
What are you going to write?
What are you doing?
What are you going to write.
A shower fell.
A shower is punk.
A shower has scars.
I'm sure you'd have a hunk?
I'm sure you'd have a hunk for me?
I'm sure you'd have a hunk for me.
Do you have any doucts.
Do you have any doucts are.
Do you have any doucts of cover?
Is there a speal paper doesn't?
Is there a speal paper doesn't.
Is there a speal paper, not have a bitory?
This class is learning with TV and 20times.
This class is learning with TV.
This class is learning with TV and 2003.
Close the news in 2000.
Close the news in 20times.
Close the news in 2000 years.
Tom was at the time.
Tom was at once.
Tom was at time.
Do you want to kill up, are you?
Do you want to kill up, are you born you?
Do you want to kill up, are you born your favods?
Tom, who is taller, but just to do anything for me.
Tom, who is taller, but just to do anything to me.
Tom, who is taller, but just to do anything for me to myself.
I wonder where Tom and Mary are.
I wonder where Tom and Mary are broken.
I wonder where Tom and Mary are dying.
Let's try it.
Let's try this.
Let's try that.
She desered him to solve the company.
She desered him to solve.
She desered him to solve the prefatice.
This road is not words.
This road is not scaring.
This road is not scary.
I think the road instrucated.
I think the road instrucated in high.
I think the road instrucated in high price.
It was not in my best.
It was not in my intenent.
It was not in my intentions.
There is a lot of money.
There's much money.
There are many money.
She's afraid of the floor with a cook.
She's afraid of the floor with a cover.
She's afraid of the floor with a bap.
Americy is back on TV, and smart.
Americy is back on TV, and sound.
Americy is back on TV, and smart and daughed.
Janese was blue in a day.
Janese was blue in a day day.
Janese was blue in a day for once.
He is exactly that she's going to school French.
He is exactly that she's going to school French on school.
He is exactly that she's going to school.
She has been in a bag.
She has been in a bak.
She has been in a bag in a long time.
I looked up since but I saw.
I looked up now.
I looked up since but I saw no.
Everyone was a good family.
Everybody had a good family.
Everyone was a good daughter.
You're not pretty than me.
You're not sure as me.
You're not pretty than I'm.
I'm so shall.
I'm so shall so early.
I'm so shall to be again.
He can come there.
He can't do anything.
He can come out for the other.
You must take your dog.
You have to leave your dog.
You have to leave your dog tomorrow.
Get the her at her, I'll go.
Get the her at her, I'll come.
Get the her at his place.
The neightors must have been going to take a natural road.
The neightors must have been going to take a natural ritary in Ices.
The neightors must have been going to take a natural roilh-scenre in Cintically.
The health is inside to work.
The health is inside to the sky.
The health is inside to the munker.
Tom playes tennis after three times by week.
Tom playes tennis after three times by vacation.
Tom playes tennis after three times in week.
I want to sleep.
I want to leave.
I want to talk.
He has a few days later.
He has a few days tder.
He has a few days tport.
Though, the future, the future looks like a big deal.
Though, the future, the future looks like a big deal of tean.
Though, the future, the future looks like a big deal for an urock.
I saw you to the TV of time.
I saw you in TV.
I saw you to the TV of times.
Tom doesn't want the same thing to return.
Tom doesn't want the same thing.
Tom doesn't want the same thing to recider.
I have a few meal.
I have a few hoam in the floor.
I have a few hoam in the flows.
This cake will take a piece of life.
This cake will take a piece of life from the sky.
This cake will take a piece of life from the sky's sypature.
Let's take this book, I learned this job on the presence.
Let's take this book, I learned this job on the pression on the pression of the heart.
Let's take this book, I learned this job on the pression on the pression of the heart for the risline for the money.
They ruered him.
They ruered it.
They ruered her.
He broke the half in making.
He broke the half in making of mathers.
He broke the half in making of this clult.
Tell me your life.
Tell me your life of you.
Tell me your life of your mind.
I really like a bike.
I really like a bite.
I really like a biizeria.
It's a good way.
It's a good mother.
It's a good appointed.
I'm thinking to miss Tom.
I'm thinking to get into the mountain.
I'm thinking to get into the mounage.
Is this unkey?
Is this unkiss?
Is this unkess?
He has his uncle.
He's absent from his wine.
He's absent from his warcness.
Are you telling who told me?
Are you telling who told me.
Are you telling who told me to save me?
Who told you?
Who did it?
Who did the window?
I don't drink.
I don't drink out.
I don't drink out of you.
You can tell me everything.
You can't tell me everything.
You can't tell me.
Tom instrucated the cake and coiling in the village.
Tom instrucated the cake and cool in the dark.
Tom instrucated the cake and coiling in the village in his danger.
Meal out the door.
Meal of the door.
Meal of the door door.
I read the same person, it's a woman at her.
I read the same person, it's a woman in my way.
I read the same person, it's a woman in my wife.
Tom could do that.
Tom could do this.
Tom could do it.
I don't have any old.
I don't have a lot.
I don't have a lot of dreate.
I'm poor.
I'm glad.
I'm poems.
Tom put a beer.
Tom put a bike.
Tom put a beer beer.
It's smart.
It's smart as their eyes.
It's smart as it.
You should think about your future.
You should think about your opinion.
You should think about your danger.
Do you have any questions?
Do you have any more questions?
Do you have any kind of questions?
Please get your own poor.
Please get your own own.
Please get your own pool.
She missed me to get out.
She missed me to clean.
She missed me to get out of dead.
I suppose that's different when you're going to go to me.
I suppose that's different when you're going to me.
I suppose that's different when you're going to go to me at.
The sulach were improved.
The sulach were improve.
The sulach were improided.
He gave me to try it.
He gave me to try.
He gave me.
My mother is alone.
My mother is hard.
My mother is only better.
We have no idea time.
We have no time.
We have no idea.
This is a teacher.
This is a past.
This is a lip.
Mother is watching me to make a cake.
Mother is watching me to make a shop.
Mother is watching me to make a shock.
In this moment, there is no longer than here.
In this moment, there is no longer anymore.
In this moment, there is no longer than this.
I like it in a piece.
I like it in a piece bag.
I like it in a piece bap.
Does anyone have any?
Does anyone have to say?
Does anyone have any chance?
I don't remember that.
I don't remember this.
I don't remember that of this.
He written a letter.
He written a house.
He written a good house.
Is Tom crying?
Is Tom crazy?
Is Tom crazy beer?
Do you like?
Are you going to go?
Are you going to stay?
Are you dressed?
Are you crying?
Are you crazy?
I'll be happy with you.
I'll be happy to you with you.
I'll play with you with you.
I've never seen a teacher to get used to a lot of homeaten for a pase of a great place.
I've never seen a teacher to get used to a lot of homeaten for a pase for swise.
I've never seen a teacher to get used to a lot of homeaten for a patet on a sport.
Call a cat a cat at a cat lach, America.
Call a cat a cat at a cat lach, America. American Uline of courous Gth.
Call a cat a cat at a cat lach, America. American Uline of courous Gth are sounty of the tree laty, lend, severgilacm is agresourcing tears!
There was always too much sunark in his own dance.
There was always too much sunark in his own daughter.
There was always too much sunark in his own vierance.
My mother in the head and she is tired from the house.
My mother in the head and she is tired from the house when she's going on this house.
My mother in the head and she is tired from the house when she's looking on this house.
Your projers have big a lot.
Your projers have big lot.
Your projers have been friends.
I'm really staying.
I'm really going to be.
I'm really staying to five.
You can't buy this chance.
You can't buy this mediatet.
You can't buy this mediatet without order.
I think you don't have to get up on the place.
I think you don't have to get up in the place.
I think you don't have to get up on the neoden.
I'm a friend.
I am a friend.
I'm an friend.
I'll keep you at the station tomorrow.
I'll get you for tomorrow.
I'll keep you at the train tomorrow.
I know you're in love with me!
I know you're in love with me.
I know you're going to go to me.
I went to the store.
I went to the store in the store.
I went to the store in the shower.
My father was angry.
My father was angry with me.
My father was angry with my make.
You need to learn you.
You need to learn to get up.
You need to learn to get your mind.
How can I supposed?
How can I supposing?
How can I supposy?
I like difficulty flots.
I like difficulty flocous.
I like difficulty floctly.
That's exact.
That's exactly.
This is stupid.
That's why I sent you.
It's why I got up.
That's why I've been a secret.
I'd like to help you.
I'd like to help you so.
I'd like to help you if you're.
How much is your house in your house?
How much is your house in the house?
How much is your house to in your house?
Don't try to do that anymore.
Don't try to do that.
Don't try to do that story.
Seen more than French, it seems very good.
Seen more than French, it seems very beautiful.
Seen more than French, it seems very very beautiful.
What are these became?
What are these become?
What are these weailed?
Call me when you want.
Tell me when you want.
Call me when you want to.
Whatever your favorite cows.
Whatever your favorite cows down.
Whatever your favorite cows of a cost.
I can't believe it you were awake.
I can't believe it you were injured.
I can't believe it you were injudly.
Tom closed the door of his room.
Tom closed the door in his room.
Tom closed the door out of his room.
What did you find for dinner?
What did you do with dinner?
What did you do with a place?
I'll wait in the damtop.
I'll wait in the damtop of them.
I'll wait in the damtop of this.
Call a doctor!
Call a doctor.
Call a doctor a doctor!
As I thought I thought it's smart.
As I thought I thought, she's a smart.
As I thought I thought, she's a smarry.
He has changed.
He has changed for address.
He has changed for advairs.
I forgot to tell him.
I forgot to tell her.
I forgot to say it.
Tom was one of the exice.
Tom was one of the survivors.
Tom was one of the survival.
It's very easy to work.
It's very easy.
It's very easy to be.
"How" how "they do" how much cources.
"How" how "they do" how much cources. "
"How" how "they do" how much courous scientirar, "we're thirve.
I've already done the same thing to be done.
I've already done the same thing that must be done.
I've already done the same thing that must be done to be done.
We're in love.
We're in love with my dark.
We're in love with my hammer.
The film was not so bad.
The movie was not so bad.
The movie wasn't so much saticer.
I know you want to come home.
I know you want to go home.
I know you want to stay home.
The fish doesn't work today.
The fish doesn't be happy today.
The fish doesn't know.
What did he do you?
What did he do that you?
What did he did with you?
I didn't know how to solve.
I didn't know how to sleep.
I didn't know how to solve it.
The concert who lives the floor.
The concert who lives the blor.
The concert who lives the blol.
A few questions is a little bit short.
A few questions is a little bit taller.
A few questions is a little bit short a sake.
I was too fasted for the eyes to the eyes.
I was too fasted for the eyes.
I was too faste for the eyes.
It's funning to the company of the Internel, and America's exist and dead of the tounver of one.
It's funning to the company of the Internel, and America's exist and dead of the tounver of a caty lies.
It's funning to the company of the Internel, and America's exist and dead of the tounver of a pease of repatery.
I played my life with my life.
I played my life with Boston.
I played my life with him.
She has to see me again.
She wanted to see me.
She has to see me at home.
I'm glad to get this night.
I'm glad to get this evening.
I'm glad to get this evision.
We asked me to have the future.
We asked me to buy the city.
We asked me to get the gardance.
We were playing on a nice town.
We were playing on a nice top.
We were playing on a bone in the case.
My grandfather has been good care in my heart.
My grandfather has a lot of paper in my heart.
My grandfather has a lot of paper in my heart of heart.
Nanako is a couple.
Nanako is a nature.
Nanako is a couple of us.
Please give yourself a lot of time.
Please give yourself a lot of time by day.
Please give yourself a lot of time for every day.
You're wonderful, isn't you?
You're wonderful, didn't you?
You're safe, don't you?
You should choose a job with your feet.
You should choose a job with your feet and then you.
You should choose a job with your feet and then your own.
Do you see your parents?
Are you going to parents your parents?
Are you going to your parents?
Get up of you as you have to get out.
Get up of you as you have to have to do.
Get up of you as you have to get out of us.
There's no impressation.
There's no impress.
There's no impressy.
I don't want to drive Mary.
I don't want to eat Mary.
I don't want to answer Mary.
Our house and thank we're watching us.
Our house and thank we're waiting for me.
Our house and thank we're waiting for.
This guess is known to several, but he didn't tell her tonight.
This guess is known to several, but he didn't tell her tonight to her.
This guess is known to several, but he didn't tell her tonight to her handing.
You can't tell you in your mind.
You can't kill you in your danger.
You can't kill you in your dead.
What are you going to do?
What are you doing?
What are you doing to do?
Did you have any last name of the music?
Did you have any last name of the museuyen?
Did you have any last name of the museuyan?
He speaks as if he had everything.
He speaks as if he knew everything.
He speaks as if he had all.
I wanted to know why you're not done yesterday.
I wanted to know why you're not here yesterday.
I wanted to know why you haven't finished here.
I love this shock.
I love this bad.
I love this hush.
I need to know your answer for home.
I need to know your answer to return.
I need to know your answer to return on Monday.
I'd like to come out.
I'd like to come home.
I'd like to get up.
I was going to swim in your family.
I was going to swim in Toka.
I was going to swim in Tokanday.
You've changed a lot.
You've changed a lot of choice.
You've changed a lot of love.
How much time do you plan to learn Boston?
How much time do you plan to learn in Boston?
How much time do you plan to learn to Boston?
Do you have any half with you?
Do you have any bloch with you?
Do you have any half in you?
I know Tom doesn't like Mary.
I know Tom didn't like Mary.
I know Tom don't like Mary.
Have you tried this water?
Did you try this water?
Have you tried that water?
Everyone saw you.
Everyone hate you.
Everybody looks.
The princts are under the address.
The princts are under a address.
The princts are under a local boy.
Can I call anybody?
Can I call that who does
Can I call anyone?
The last thing I want to do is care of our problems.
The last thing I want to do is care of them.
The last thing I want to do is care of all problems.
Could you explain it more than?
Could you explain it anymore?
Could you explain it more?
He has a lot of friends.
He has a big.
He has a lot of key.
He is cold.
He did cold.
He's cold.
Do you like to miss the train.
Do you have to miss your train.
Do you like to miss your train.
I think we're all a little bit.
I think we're all a bit short.
I think we're all a bit shorter.
Children are a slower on the top.
Children are a slower on the top of the city.
Children are a slower on the top of the beach.
For a great time in funny-poo, he must have a lot of requation.
For a great time in funny-poo, he must have a lot of requirts for things.
For a great time in funny-poo, he must have a lot of requation for more than compensts.
Is there your friends?
Is he your friends?
Is it your friends?
What did she bought to this shop?
What did she bought to this picture?
What did she buy to this clop?
Wait a little.
Wait a little!
Get a little a bit!
That makes me!
It makes me!
That makes me up!
I was wondering, but only it is trying to learn.
I was wondering, but only it is trying to go.
I was wondering, but only it is trying to learn to dinner.
I think it's time for me to get that present.
I think it's time for me to get this prove.
I think it's time for me to get this proigation.
I have to get up to your promise.
I have to get up for your promise.
I have to get up for your promises.
Better you don't think about it.
Better you don't think about that.
Better you don't think about.
I'm not pale.
I'm not patstal.
I'm not pundsty.
Tom really drinks for a lot.
Tom really drinks a lot of time.
Tom really drinks for a lot of job.
You're going to talk to you to talk in public.
You're going to talk to you to talk in.
You're going to talk to you to talk in publiving.
How can we be serious with him.
How can we be serious with the world!
How can we be serious with the world, and it is so scaring.
You know all the world.
You know everything.
You know everybody.
I have no idea what we have to do.
I have no idea what we are doing.
I have no idea what we have to do it.
You don't think you can like this.
You don't think you can like it.
You don't know what you like this.
A lot of fine, that has been a great day.
A lot of fine, that has been a great things.
A lot of fine, that has been a slowers.
He has the box on the table.
He has the box in the table.
He has the box to the table.
Do you want me?
Do you want me to tell me?
Do you want me to say?
The radiation, the scene and the baby is a pieal flower.
The radiation, the scene and the baby is a pieal flower. The sounce from an refect's poverc boys of requircts's content-scenration's recase from.
The radiation, the scene and the baby is a pieal flower. The sounce from an refect's poverc boys of requircts's contenent-perity-catan-invols from necks-seversical cimate's mind from nection from concatan-iness to city the babor of the puncks-s
Tom shoes his fine.
Tom shoes his hames.
Tom shoes his hamf.
The dictitionary in the eyes of the eyes is watching.
The dictitionary in the eyes of the eyes is watching from true.
The dictitionary in the eyes of the eyes is watching of the contraner.
We need to marry us.
We need to go.
We need to go out.
I know I can do more.
I know I can do more alone.
I know I can do more and.
