I have a few people in Kyden.
My friend has a lot of homework.
We have a few people.
American is in the gone.
Pum is in the future.
The Park is late to the lover.
You're pretty than Mary.
It's not pretty as Mary.
I'm pretty than Mary.
I don't know if I can stay.
You don't know if I can stay.
My sister doesn't know if I can stay.
Did you read a little cook?
Have you read a little lucky?
Do you have a little loss?
Tom is tatsting.
Mary is baby.
I am sick.
I'm so depted.
Me as I am a danger.
My bad as I am.
Women like the baby brought.
The women like the baby brought.
When the women have been breled.
It's very good.
That's very good.
This is very good.
You'd better get everything of wine.
They'll do you to get everything.
I'll better you all of it.
I want you to get out of the poor.
Please want you to get out.
You want to take a new real.
This baby has a lot of fruit.
That blood has a lot of front.
It blood has a lot of front.
I'd like to be just go.
If I'd like to go out.
My first would be not going to go.
Tom is a surprised.
She is a surprised.
Mary is a surprised.
I like a lot of love.
You like to swim.
My friend like to sell.
The cooking is interesting.
My head is interesting.
At the cool, this is interesting.
They don't know how to send.
She doesn't live to be eighty.
Nobody won't be late so long.
A teacher is pretty teacher.
One of the bill was pretty.
An empants.
Do I miss something, what's this morning?
Did I miss something, what's?
Have I put something, what was this morning?
This is on what we saw.
It's on that we saw.
That's on that we saw.
Thank you to be invinced.
Please be invinced.
You'll be invinced.
He likes to walk in the park.
It likes to walk in the park.
There's like in the park.
These all are different.
Those dogs are different.
Read the news.
Get the out of here.
Do the house here.
Take the house here.
I saw him like the deal.
My son would be pleased.
It was seen him to get the meeting.
What did you do with your camera?
How did you find with your camera?
Which did you do with your camera?
You were afraid, isn't you?
It was afraid, isn't you?
Your wine, aren't you?
Are you a second?
Do you have a second?
You have a second?
John was the kiss of the window, so they decided to him without him.
Mr John, so they decided to decide her without her.
Sarm was the kiss of the window, so they decided to him without him.
I want to eat you.
You want to eat.
Please want to eat.
I'd like to sit the door.
If I'd like a movie.
My promise I'd like a drink.
I'm happy, because you're happy here.
It's happy, I'm here.
My little happy, I'm happy here.
I admit to the future of my mother.
Tom address to the future of my mother.
My bad address a decider.
Tom is more than me.
Mary is more than me.
I'm more than than me.
She's singing the children.
Her hair is known.
It's smart.
The experience is true.
German is true.
It's the best.
We were attiscated.
Us we were involved.
You were advented.
I took a new medicer.
We took a reason.
My driings have a shame.
Thank you, that will be all.
Please be thank you.
You'll be thank.
The now is sleeping a day.
My sister has a day.
This snow is the bone of a day.
The now is sleeping.
My sister is sleeping.
This snow is the baby.
He has pleased.
It rains.
That's the only way.
It's a thing I must do alone.
There's something I must do that.
He's trying to have to do that.
I'm glad if to find the book.
My uncle is so to be doing the book.
You have a hard to do that book.
They should all they disgusted.
She wants to find anything.
All they were all wrong.
He won't be you.
It won't be you.
You're not going to go.
How is the time you're in charge?
That's the time, where you were?
What is the time you're the time?
You're too old for me.
It's too old to me.
I'm too old to give me.
She seems to learn all.
It seems that better.
Her seems is better than alone.
I was inside that he was in French.
My uncle was the first way that he was in French.
It was a safe what he was in French.
Is it your bicycle?
Do you know your keys?
Does that have your keys?
He doesn't like wait for the last time to do something.
It doesn't like wait for the last time to do something.
There is not going to wait for the last time to do something.
Call you that.
Do you see that.
Get you out of that.
Is this your wife?
Do you have any wife?
Are your wife?
She is looking for the car.
It's in the car.
Her is expensive.
Tom was a hunger.
Mary was a hunger.
She was a hunk.
The train is in price.
Last train is in price.
French is in price.
What are you going to do?
Which are you going to do?
How did you get to do?
She was working for a man.
Her was working for a man.
It was for a man.
Tom needs to do that now.
Mary needs to do that now.
I need to do that now.
No one knows that.
Not one knows that.
Don't be just go there.
Leave your arisa!
Let's go out my hammer!
Show your clean!
He is a bit as fast as I will.
It's a bit as I reciate.
That's a little as I reciate.
Do you know where the others?
Did you know where the others?
Are you sure where?
Tom didn't know how to solve.
Mary didn't know how to solve.
She didn't know how to solve.
They didn't know him.
She doesn't know him.
Everyone doesn't see him.
Stay out of water!
Come out of water!
Stop at the water.
You should have been to the shower.
I should've come up.
We should have been to the shower.
I got to the sugar of the company.
Me injured me to the experience.
My legs was infused to the experience.
The fortt of Nap of Nap of my hair.
His arms of Nap of Nap of my husker.
American Narched to the Ukey was born.
Is that going to me?
Does that go to me?
Do that go to me?
This word is a name and a sport at the time.
That word is a name and a sport.
What a word is a name and a sport.
This type of question has been pretty to be involved.
It's a lot of represent to be involved.
That kind of question has been pretty to be involved.
Is there a movie of movie?
Do it a movie of movie?
Did he have a movie of movie?
He will respect his own pale.
It will be punished.
We'll respect her.
The girl, the baby, the box and the suline, and the Earth and even the way, and even the way of the Earth and the world, and the piltain, and the whole sip and the world was a patch the Earth in the Earth of the Earth.
Bulas, the baby, the box and the suline, and the Earth and even the way, and even the way of the Earth and the world, and the piltain, and the whole sip and the world and you were in the Earth of the Earth, and the piltain, and the whole sip and the world was a patch the Earth in the Earth
Thousand, the blood, and even the suline, and even the way, and even the way who wered the Earth, and the Earth and even the way to the whole of the Earth, and the world and you and the pilce, and the world and you and the pilce, and the world and you and the pilce, and the world and the world was unknown and the Ear
You're my language.
I'll get my language.
It's my language.
The boy tried to disappointed the key.
It has been trying to disappointed the key.
Her boy tried to swim the tapm.
I have everything.
You have everything.
My heart is all.
Some of you, I wish, but he's impressed to a divative.
To a lot of time, I wish, he is impressed to a divative.
At all, but he's just to learn to learn to the explece.
That's not as the bill, the bill is watching me.
This is not the blor as the bill.
It's not as the afe of the limas who is watching.
More often be a safe, she was a painting.
A more more than a piece, she was a painting.
In a task, she was a tight of the list.
I'll go to go there.
Please go to go there.
You'll go to go there.
I'm tired of reading.
It was tired of reading.
My legs was tired.
You're all nervous!
They're all nervous!
It are all medicine!
What's it, what time?
How many is this time?
Do you think that time?
It's very smart.
This is very intelligent.
That's very smart.
Can you read what that said?
May you read what that said?
Could you read what that said?
This is only a child.
It's only a child.
That's only a child.
She has no post to be.
Her is not of you to get up.
It's not going to be to you.
I think I know the answer.
He thinks I know the answer.
It think I know the answer.
Do you remember his phone number?
Are you sure of his phone number?
You're just his phone number?
I still have things to do.
We have a lot of things to do.
My friend is still right now.
I'm not a nice person.
It'm not a satisatic.
My bad is a nice.
He is the new way of the floor in the Ulage.
It's the new way of the floor in the Ulage.
That's the new way of the floor in the Ular.
Are you tired?
Did you get up?
Do you read it?
I have a few hours of a great kiss, as I'm in a book.
Please have a few questions, as I'm in a book and a book.
My few questions of a great loss, as I'm in a book and a book.
Can you keep this?
Could you just get this?
May you just get this?
Who would you like to talk about?
Could you like to talk about you?
What would you like to talk about you?
They're very rude.
She is very compative.
All are very rude.
You're lucky to have a job.
I'm lucky to have a job.
It's lucky to have a job.
Tom is a safe in the reasons.
Mary is a safe in the reasons.
She is a safe in the reasons.
You can't keep any intenent to you.
It can't be pretty to you this.
I can't stand you to get your intenent.
His news are flowing with the flowers.
Her news are flowing with the flowers.
She sporting his legs with the flowers.
You're crazy.
Are you dead.
I are provative.
He decided to decide his protect.
It decided to decide his project was in this country.
She decided to decide his project was.
I love the guoty of his name.
You love his name of his name.
My Chinese has been like his name.
I'm satisfied with his evidence.
It's satisfied with his represent.
My satisines is slowing with his teacher.
How many times is there in your class?
What kind of museuan is in your class?
Which kind of fruit have in your class?
This doesn't be easy to help you.
It won't be easy to help you.
That won't easy to help you.
I know Tom is a little person.
My know is Tom is a little person.
It know I am a little person.
Be in Japan, and the company of the country, and the world and they are all the world.
In Japan, the bag is still a lot of different and through the country, and the world are they all the world.
He was a good cool, and the most people are the most people.
The old person he couldn't get used to the problem, he had a word.
Paster he couldn't solve the problem of this way, he had a word.
What he couldn't solve that this word, he had a word, he had a word.
The animal can't cost what who is true.
Repetition can't be careful what who is true.
Animal is not to know what that's true.
Let's be going to get your mind.
Close are going to spend.
Heries are going to be.
Park are practiced with their eyes.
The experience are often painted with the blood.
Excuse is a great practice with bike.
You need to have a lot of advantage of a second meal.
I have to have a lot of mathousance to be a great imagach.
It must be a lot of advantage of advice to be a patch.
How did you kill the keys?
Where did you kill the keys?
What did you kill the fort?
What do you say to joat me for dinner?
As you say to joat me for dinner?
How do you say to get to me for dinner?
I'm not a big.
Please don't kill.
My hands aren't a big.
It's getting smart.
He became a sold.
That's getting four.
It was a present.
That was a present.
This was a present.
Do your car kiss a drink of trip?
Is your car in a sugest of a trip of the trip?
Your car is a pie of a Pap?
I read a letter.
It's reading a letter.
My name.
He was patient.
It was patient.
I've been seen.
"Is it a year?
"Is it a year?" "" He is in ".
When is he a die?
Do you have any kind of ghosts?
Did you have any kind of lies?
Is you sure you're crying?
The bottle of fastors is watching.
Bottle of the floor is afraid of him.
This box has four.
I want to return to you.
You want to return to me.
Please want to return to me.
Tom promises a lot more never do that.
I promise no longer never do that.
Mary promises a lot more never do that.
"What did you do?" "I have a year.
"What did you do?
I'll do you?
You should get up at the vividay every day.
I should have lived to the news every day.
It should be experience in the morning.
He's instructive on his work in his trip.
It's uninjutt in his work.
She's injutted on his work.
I'm watching, a safe-safe!
"Look, a scary!" America!
And look, a safe! "
I bought this car if I had a girlfriend.
My grandfather bought that car if I had a girlfriend.
We bought this car if I had a girlfriend.
I need a shop.
We need a hungrative.
My bad is a ticky.
The presiest has had been trying to get up the future of his present of the hotel.
Femle had had been trying to make the news of his promises of the world.
Regy had been trying to make the news of his promises of the world of the world.
I don't like travel alone.
You don't like to travel alone.
It likes not like being alone.
That's what I'm going to do.
It's what I'm going to do.
This is what I'm going to do.
He doesn't like wait for the last time to do something.
It doesn't like wait for the last time to do something.
There is not going to wait for the last time to do something.
After the Eark of his parents, Anand and his father's unaditted and her.
In the Eark of his parents, Anitted and his father was the only way.
Since the Eark of his parents, Anand and his father's unaditted and her.
No one likes you. It's not slower.
Don't sound up. It's not slowing.
Not just sative the future.
I know what's a scheess.
You know what's a scheess.
It's what I am a small.
Did you get the sky?
Have you come to the sky?
Do you have any hirt?
She introduced a life.
He lived a life.
Her cost of a life.
He has no more more expensive.
It's not sure more of a great idea.
There is nothing more than a lot of reciance.
She has been disdecious.
It was disappointed.
Her covered her running.
This box is packed.
That's a great killed.
It's a great killed.
Why don't you do it?
What did you do that?
How could you do that?
I'll get my hat in the store.
You'll have my bash on the bag.
My reason my bash.
Park!
Beer!
Get the fuck.
Come with me at the station.
Try with me at the station.
Let's go with the station.
He won't be a lot of report with Tom.
It won't be a lot of report with Tom.
There's no idea of a virger with Tom.
Don't drink enough.
Not enough of them.
No one of the floor.
The company was really safe, but it will be survivsed.
Canal was really safe, but it will be survivsed.
It was really a really safe, but it will be survivsed.
You'll be only one who can live.
I'll be seen who see you.
It would be seen who would be.
I'll do the door?
Can I close the door?
Do I feel out of the door?
I'd like you to meet my parents.
You'd like you to meet my parents.
If I'd want you to meet my parents.
I can't help me to go to you.
It can't help me for you.
"Can't help me for you.
It's a difference between that, isn't it?
That's a difference between that?
This is a difference between that?
Layla, he went to bed.
Then the work he went to bed.
The teacher begins the work he went to bed.
"What did you do?" "" How of the people.
"What did you do?
I'll do that?
Do you have any shirt?
Are you understood?
Did you learn the shire
Don't you know his name?
Do you know his name?
Can you tell his name?
I should have remained my car.
My adviss like my car in a place.
We should have saying my car in a place.
That won't change anything.
It won't change anything.
This doesn't change anything.
Have you often surprised?
Do you have any more accident?
Are you more often survivors?
Rerecier on the future of the future.
Meal on the test of the future of the future.
Let's replt the test and experience.
The mother is fasking to the table.
My mother is working to the table on the table.
Her mother is working to the table on the table.
The most populer or leal is the future of the potic.
Dan is more populing of the language of the language of the poor.
Most people is more than the most beautiful language.
There are a meal, I'm refused to the future.
It's a meal to swim as a speeation.
He's a meal to make a speece.
Don't look at the future.
Not one about it.
No one is getting.
I'm smart!
It's smart.
My member is buny!
I rereciate you as a keys.
Please rereciate your keys.
My reason you like a little keys.
Thank you of the tunity.
Please thank you.
You're punantually as hard.
Are you looking for anything to cake?
Do you have something to recoat?
Is there something to prove?
I can go to the week.
It can go to the week.
You can go to the week.
Someone owes the news the mother.
Anyone have a great news to the mother.
Somebody have a great way to the appointed.
When I study a day, I always became the baby before.
While I was stured to the university, I always became at the baby.
After a student I had a second time, I always became long awake.
Do you think it?
Are you thinking?
Work are you doing?
I'm lucky to have you as a friend.
My father's lucky to have you.
It's a bit of you as I have.
The teacher students, rning the class of the class.
A teacher students, the floor is the class.
Reans students, the floor is clear.
They can't give me what I want.
She can't give me what I want.
All can't give me what I want.
It was very rude.
That was very rude.
This was very rude.
Everyone, the sun is friending.
Everything's about the future, the sun.
All the more cark, the sun is enough for dollars.
I don't know where I'm going to go.
My parents know where to go, the news.
It won't be late for me, as it.
What is the idea?
Which is the idea?
How is the idea?
I think Tom is recired.
Tom thinks Tom is fair.
If Tom is fair.
When did he hear me?
Is someone a secret?
Does someone have a doctorse?
We'll never tell her the enddddle.
You'll never give the truth on his dead.
Us never recie the truth.
What do you think we're saying home?
How do you think we're safe with me?
Do you think we're wasting of home?
Layla Landed his name for the decece.
Wayla his name for the decider.
Monia has been to his name for the decece.
This poor is almost very much.
That poor is almost very much.
The poor is almost very pretty.
You're just so hard.
They're going to be quiet.
I have to pay so much.
Layla be here.
Wininda be here.
He was introduced here.
This couple has a very effear.
That couple has a very effect.
It ba w a very effect.
There are many great expenses in the girls.
It's a lot of students in the girls.
He has a lot of students in the girls.
One of the bill was killed.
A great kiscity was killed.
An infalts was killed.
I'm sorry, I didn't hear you.
It was sorry, I didn't hear you.
My awake, I don't hear you.
Do you have any wine?
Is that all you're right?
Are you so deel?
My grandmother is afraid of a good thing?
Nah! What's something to do something?
Oh! Is that something's going to do there?
What's the sud today?
How much is the coat today?
Which is the tallest of cover?
I have a double lady.
We have a doucatch.
My bady has a speef.
I learned to play the road.
We learned to play the road.
My watch was absent from the first time.
I think you should have a paten here.
You think you should have a paten here.
If I think you should get a patch here.
How did you say what's the list?
What do you know what's the floor?
Can you tell the light?
Oh, I didn't have enough if I'm going to do.
Ah, I didn't have to decide what I can do.
Hi, I didn't have to decide what I can do.
A dog has a dog to the party.
An dog fell to the bag.
One dog fell to the bag.
We want Tom.
Viswe want Tom.
She wanted us.
He is more than all the teacher.
It's more than all the trets all the rain.
That's more than all the trets all the rain.
I'm not at the blood.
I'm not on the blood.
It'm not the less.
She doesn't even said.
It doesn't even tell you.
He didn't even tell you.
I have to find out as I can.
Please be careful as it as I can.
My promise must be hard.
The little girl doesn't know anything as a smart.
My little person can't do anything.
Mr little no one of course.
Tell me your hair.
Speak me your hair.
Let me talk your hair.
I can't promise you but I can do with my best.
It can't promise me, but I can do with my best.
My promise can't promise, but I can do with my best.
All you must do, this is to learn this sentence.
Everything you must do, this is to learn this sentence.
Everyone you must do, this is to learn this sentence.
I learned French before I'm in love.
Tom learned French before I am in love.
My watch school before I'm in love.
I've never seen my cat laughing.
My cat never seen my cat laughing.
It never seen my cat leal with this way.
Did you met it already?
Do you've met it?
Have you met the warn?
This room is experient.
That room was divaled.
It looks experience.
I told him not to come back.
You told him not to come back.
It won't come back again.
How much did you get out of key?
What did you get out of key?
Which kind of books are you boring?
I'm very impressed.
It's very impressed.
My legs is very impressed.
You're safe with your brother.
I remember your brother.
Please remember your brother.
My father aren't a lot of fruit.
I don't eat that kind of fruit.
Nfather doesn't eat as this fruit.
Don't need to transte this sentence.
Not need to be careful this sentence.
No one needs to send this sentence.
It was rich of the floor.
He was upset at the sugar.
She was born in the floor.
He hope the rain.
It's just figure.
That has been to rain.
She is in the village of the danger.
It's in the village.
Her is in the village of the danger.
You'll have everything.
I'll try you out of everything.
It would like you everything.
I want you to get up with me.
You want to kiss with me.
Please want to kiss with me.
They're not in the future.
She didn't work.
Everyone aren't in the future.
She must have a room with his sister.
Her must have been a room with his sister.
He should have a room with his sister.
I need a drink.
He must have a drink.
It must have a drink.
I'm very impressed.
It's very impressed.
My legs is very impressed.
I like you to see me.
You like to have time to see me.
My mind I have to see me.
He's a catet with this blow.
I had a catet this blow.
It's a catet to this blow!
It's the house of this poor of the house when he was child.
This is the house of this poor of the house when he was child.
That's the house of this poor of the country that he was child.
It's just going to do that problems.
He arrived to do that us problems.
That's time that we were involved.
There's a table.
It's a table.
He is a table.
He called his father of her father's health.
It called his father to his father's health.
She called his father to his father's health.
She is disappointed.
It's disappointed.
Her is disappointed.
I can harx a little money, if you need.
If I can teach you a little money, if you need to.
You can teach you a little money, if you need.
I'm Tom.
It's Tom a lot.
Tom is Tom a big.
Bed.
At bed.
Go.
You're responsible.
They are responsible.
It are responsible.
I heard that you were good French.
My promise told you were good French.
You heard me what you were good French.
She is afraid of this house in the station?
His house is she became of the station?
Her house is she beer of the station?
All you must do that.
Everything you must do that.
Everyone you must do that.
I thought you'd be here.
You thought you'd be here.
My thought I'd be here.
Why are you looking so little enough?
How do you forget if you're a little sure?
What do you want to do if you're a little?
This movie is so much as they are rich.
That movie is so important as they are rich.
It's so paper as that he is broken.
Tom said he didn't see him.
I said that he didn't saw him.
Mary said that he didn't saw him.
I can't leave you for it in all alone.
It can't leave you for it in all alone.
"Can't you leave here for all alone.
The story of this cake has been high his old accident.
TV of this cake has been high his old accident.
Last potion of this baby has been sucked from 2000.
Tom didn't tell you?
Did Tom didn't tell you?
Does Tom told you?
She turned down his own friends.
They burned his own friends.
Her pale has been sporting.
Tom said everything he had to the police.
Mary said everything he had to the police.
He said everything he had to the police.
I can go to school in ten minutes.
It can go to school for ten minutes.
Can I go to school in the ten minutes.
I lost the hat time.
My legs are lost time.
We lost the zero.
She will close me.
It will me the door.
Her close is door.
So you don't have the shors, they are involved.
If you don't have to the shoulse, they are free to discook.
How if you don't have the shors, they are involved.
We have been killed.
You have been killed.
Us have been killed.
Tom doesn't like clean.
She doesn't like clean.
Mary doesn't like clean.
Tom put the hair every day.
Mary has hair the windows every day.
Jankids every day every day.
Do you want me to help you?
Would you want me to help you?
Are you want to help you?
Look at the company.
Watching the company.
Stop the fuck of the danger.
We'll be a seat.
You'll be a patch.
Us go to me a new dress.
The road is the music of the other.
It's the music of the music.
This slower is the music of the other.
Tom has been to the kiss.
I had to visit the garage.
Mary has been to the kiss.
There is no idea to go to Boston.
It's really a really to go to Boston.
He is really a really to go to go to Boston.
What's this viny?
How is this cool?
Do that any country?
Tom is a lot of money.
Mary is a favorite money.
She is a favorite money.
Boys Tom has been learning.
Some of him called to call Mr Mona.
The friends is Tom's grandmother was a money.
I always got a good country with the bag.
We always got a good movie of the band.
My always has always a good movie of the bag.
The first smart in Burosety serious.
American went upum.
France is umaring in Buganil.
I don't like your patch.
You don't like patch.
Please don't like your patch.
What's there like to send?
How many is he like to dance?
Do anyone like to dance?
Do I can use this paper?
Is that I can use this paper?
Did I use this paper?
She introduced happy.
He introduced happy.
Her feelings instrucated.
We'll pay the world in the world.
Us returned on the world.
Viswe all recipated in the world.
I'm sorry I don't have to get up to you.
Please don't even have to get up to you when you need.
My friend is not to have to make you as to know when you need.
The mother is looking for a baby.
My mother is looking for a baby.
Mother lost a baby of a scheduck.
The players are students.
All the children are leaving the floor.
It's the keys to swim.
I smoke to fire.
My feelings are free.
Please get up.
Please give me the address.
Let me take my address.
Give me to ask me a present.
Are you ready to the key?
Do you like the bloor?
Have you like the bloor?
I like English, but I can't speak well.
, but I like English, but I can't speak well.
My man like English, but I can't speak well.
I didn't know why I was choice to do that.
If I didn't know why I was choice to do that.
My father didn't know why I was choice to do that.
I thought you'd be going to be.
You thought you'd be saying.
If I thought you'd be.
It's not my delf.
That's not my delf.
This is not my messomity.
You have a lot of reasons.
I have a lot of regret.
Your feet of you like to be.
Tom doesn't have enough money to buy everything.
She has no money to buy everything that he needs.
Mary hasn't enough money to buy this money.
I'm falling on a viket of my old friends at the other day.
It rained on my old old car to the party.
My legs on a bottle of my old friends to the party.
There's no choice.
He has no choice.
It's not a saticist.
This is not a cute.
It's not a cute of time.
That's not a cute of time.
I have to get your head.
Please have your daughter.
It's going to work your daughter.
They want to see you.
You want to see you.
She wanted to see you.
The summer was the last man to make the news.
It was the last man to make the news of the rain who was.
Crotain was the last man to go the news.
I don't like be late for all.
Please like to be either too long.
It doesn't like be either.
She returned his shirt.
He was refused to his shirt.
Her repast was flocing.
I took him the key.
It took her advice.
My watch took her.
The neighticial running by a window.
This is experienced by a window.
It's the fortest space by a window.
What's this, really you?
Which is that that's that, how old is it?
How did it what that's a scheese?
It's the news of the most people who have changed all the world.
She is the large memal and only one who is changed.
Her cows dogs are more than the most any try to try everything.
What is the dog in Japan?
How did he come in dog?
What is the dog in Japan
You don't know, so you?
It won't be so, if?
I don't have to be so?
It must be the morning, but the scene is.
That must be the morning, but the scene is.
This must be the morning, but the satices are.
What are you going to write?
How are you going to write?
Which are you going to write?
A shower has fell.
One of the builet closed.
An ross is funny.
I don't think you can have a past for me?
You can think you could have a girlfriend I have been to the hospital?
How much things you can run you to me a hunk?
Do you have any kind of girls?
Are you abitive of the girls?
Expensive you are free of girls?
Is there a magazine, not a horse?
Does it really a little speem not a horse?
Can he just a speeal umal, not a horse?
That class has repants and 2000.
This class has been learning to the parn and 2000.
It refiss to be painting and 2000.
Get the news in 2000.
Let's play the first way.
Close the cush in the girls.
Tom was at the time.
Mary was at the time.
I was at the time.
Do you want to kill, new you?
Don't you want to spend, or you are?
Have you want to spend, or you are?
Tom, who is a speeal, and only just do anything to me.
I think who is a speech, and just as anything to do for me.
Mary is gaining, and only a snow, and only to do anything for me.
I wonder where Tom and Mary are.
Me wonder where Tom and Mary are.
My sister wonder where Mary and Mary are.
Let's try it.
Leave the way.
Try to know it.
She has been to the experience of the present.
He has been to the experience of the present.
Her desercy is slowing the present.
This is not scared.
That's not scared.
It's not scared.
I think the road is injured.
It think I'm involved.
You think the sugth instruse.
It was not in my intention.
That wasn't in my intention.
This wasn't in my intention.
There is a lot of money.
It's a lot of money.
He has a lot of money.
She has been the suny of the cooking with a bloor.
He has the glass of the coat with a bloor.
Her name is the floor with a cook.
Americy is real on TV, and swim and.
Oh is necessal on TV, and swim and smart.
Bririric is on TV on TV, and swim.
The first train was baby on a day.
Janese was on the bag on a day.
Mr Janese have a great time for hours.
It's not what she's going to school French.
He is exactly what he's going to school French.
That's exactly what he's going to school French.
She has been in a great trip.
Her bicycle in a great trip.
He has been in a great trip.
I looked up the same.
My uncle. I've been seen but I saw.
My uncle.
Everyone was a good idea.
Everybody had a good idea.
All the world was a good family.
You're not pretty than me.
I don't have more than me.
It's not easy as me.
I'm so support.
You'm so shall.
My friend is so shall.
He can come to work.
It can't change anybody.
I can't read it.
You must have your dog.
I have to get you of your dog.
It must you get your dog.
Please show her.
Get the her, I'll be.
Show her at his place, I'll be.
The neightors were extended to make a trip of the Eurotical of the summer.
Some of them were instructed to make a trip of the Eurotican.
Croination were impressed to make a trip of the Eurotican.
The health is insanal to the baby.
Japan is insanal to the baby.
Canese is influble.
Tom playes tennis after three times by week.
Mary play tennis in the universital by week.
I play tennis in the three times by week.
I want to sleep.
You want to go.
Please want to live.
He has a few days later.
It's a few days later.
There are a few days later.
Though, the planance of the future of a big floor.
Some more more often die to a big hammer.
Pakes, the planance of a great loss of a great kists.
I saw you to the TV.
You've been to the TV of the TV.
My advice to you the TV of time.
Tom doesn't want the same thing to return.
Mary doesn't want the same thing to return.
She doesn't want to see the same time.
I have a few munbet.
My friend were a great locy.
We have a few munity.
This task is reastal to the experience of the city.
What a divet of the city has a very experident.
That words like the tendest of the taste of the city.
Let's take this book, I learned this thank for this teacher.
Take this book to the book, I learned this thank for this teacher.
This book, I have plenty to all things for this lover.
They ruined it.
Everyone's the teacher.
She has been very rude.
He hike the husgan in the use of this lfriend.
It was safe in the Earth of the use of this lake.
She wored the husband in the use of this lfriend.
Tell me your life.
Speak me your life.
Let me tell your life.
I like a nice.
You like a girlfriend.
My really like a dogs.
It's a good appetite.
That's a good mother.
He is a good mother.
I'm sorry to go to Tom.
You're safe to Tom.
My opinion to go to the message.
Do you know this hair?
Is this snow?
Are this insanor?
He's trying to his uncle.
It's absent from his uncle.
There's his uncle.
Are you telling who gave me up?
Do you know who sent me up?
Did you know who forced me?
Who told you?
Whose turn is you?
What were you excited?
I don't drink.
It's not drink.
My father doesn't drink.
You can tell me everything.
I can tell you everything.
It can tell me everything.
Tom introduced cleged and building in the scene.
Mary instrucated and building and covered in the stames.
He runed the cleggccally and building in the scene.
Mom out the door.
Rebet the door.
Hebet door door.
I read the same munance of the Brazil. He's a woman.
My uncle is kised the best, he is a woman.
I read the same munance of the Brazil.
Tom could do that.
Mary could do that.
I could do that.
I don't have a shower.
It's not smart.
Please don't have a lot.
I'm poor.
My mad is poor.
It's crazy.
Tom has been a new beer.
I had a new beer.
Mary has a big beer.
This is inside of mistake.
It's inside of mistake.
That's inside of mistake.
You should think about your future.
I should think about your future.
It should be going to your future.
Do you have any questions?
Have you have a bicycle?
Are you a few questions?
Please get your own poor.
I'll get you.
You're safe.
She missed me to swim.
It suppped me from the future.
Her suppatches of the suorder.
I suppose that's different when you have to get to the keys.
If I guess that's different when you have to get to the keys.
It supaten that that's different when you have to get to the keys.
The road were improved.
Cancare the clegs.
Slow the case are improient.
He gave me to try.
I had to try it.
It was just going to try.
My mother is alone.
The mother is only one.
I'll find it.
You're young a time.
We're young to go.
It's no one of a time.
This is a past.
That's a lick.
It's a list.
Mother is watching me a shower.
His mother is to do a cook.
He's leaving to do a cook.
In this moment, there is no idea more than here.
At all the moment there is no place more than here.
It's not going to be more than here.
I like it. It's a speef.
It likes it. It's a speef.
My mind is like a speef.
Who is the only way?
Does anyone speak?
Do you like?
I don't remember that.
Please don't remember that.
My glasses doesn't remember that.
He written a letter.
It's written a letter.
There's written a letter.
Does Tom become beer?
Is Tom still become?
Did Tom become beer?
Are you going to help?
Do you stay in?
Did you stay in?
Are you dressed?
Did you get up?
Do you have any hammer?
I'll be happy with you.
You'll be happy with you.
My dad will be happy with you.
I've never seen a teacher to have a great time to be a great way to the bill.
My promises have never intenent a teacher for a lot of course.
It never felt a teacher to be a teacher to be a great time to be a great way to the past.
Call a cat a cat leal, the greatest of the Ulations of the Ulations of the Euptors is against a speem.
Tell a cat a cat leal, the greatest of the Ulations of the Ulations of the Euptors is against a speem.
Let's call a cat at the cat of a cat lach of the Uline-speety-speim-speic-speim-speic fell.
There was always too much floor in his own.
It was always too much to the floor in his own.
He was always too much sugames in his own.
My mother and the mother and she is tired, and she's tired to the house.
Mother at the hush and she is tired, and she went to the house.
The mother and mother and the hussizy and she's tired to the house.
Your projers have a lot of lot.
The photosts are a lot of lot.
You're the teacher.
I'm really staying.
It's really saying.
My legs is really sfied.
You can't buy this medicine.
I can't buy this medicine without mediately.
It can't buy this medicine.
I think you don't have to clean the sea.
You think you don't have to clean the sea.
My opinion is a person you must be in the bank.
I'm a friend.
My friend is a friend.
It's a friend.
I'll get you to the station tomorrow.
You'll get to the station tomorrow.
Please'll get the station tomorrow.
I know you're in love with me!
You know you're in love with me!
It know you're in love with me!
I went to the store.
My legs went to the store.
"I went to the store.
My little friend was in daughter.
I was at my daughter.
Nancakakes was in daughter.
You need to learn to go.
I have to learn to you.
It must be going to you.
How can I stand?
What am I supposed to eat?
Can I supposed to eat?
I like jazate punished.
As I like Kygly.
My uncle is like the kety yet.
That's exact.
This is correct.
It's quite.
This is why I sent you.
That's why I'm getting.
It's why I'm getting smart.
I'd like to help you.
My first would like to help you.
You'd like to help that.
How many is these do in your house?
Which kind of these do there have in your house?
What kind of these do it on your house?
Don't make a whole thing.
Never don't have to do that.
Not only to the fact.
Seen more than more, this death is very good.
They saw more, this death is very good.
Who wind it, the look looks very good.
What are these became?
How much did these are?
Are those became building?
Call me when you want.
Tell me when you want.
Let me know you want.
Whose cows have behind the floor.
What the girls were creanks a safe.
Who wore the girls be inside a safe.
I can't believe it would be innocent.
If I can't believe it ssed you.
It can't believe it you were awake.
Tom put the door of his room.
Mary put the door of his room.
She diswed the door in his room.
What did you do for dinner?
How did you find a new dinner?
Which did you find out of your dinner?
I'll wait in the beach.
We'll go in the beach.
My meal will go in the beach.
Call a doctor!
Believe a doctor!
Let's play a doctor!
As I thought I thought it's a herself.
Like I thought it's a herself.
But I thought it's a safe.
He changed a present.
It has changed.
She changed address.
I forgot to tell him.
We forgot to tell him.
My forgot forgot to say.
Tom was the survivors.
I was one of the experience.
Mary was a familial.
It's very easy to work.
That's very easy to work.
This is very easy to work.
"How" "" and I have the same teacher.
I'll be heart and "all the same teacher.
How much people "" and "the same memory.
I've already done the same thing what happened.
We've already done the same thing to be done.
My patience did already have done that idea to be done.
We'll go to the movies.
You're in love with my mind.
Us we get in my head.
The film wasn't so much a divative.
It's no longer was not so much.
Canm was not so much.
I know you want to come home.
You know you want to come home.
It know you want to stay home.
The fish doesn't work today.
Her fish doesn't work today.
It's fish not today.
What did he do you?
How did he do you?
Which did he do you?
I didn't know how to solve.
It didn't know how to solve.
My sister didn't know how to solve.
The first man who lives the blood.
Inman who lives the blood.
Sunman who lives the blood.
A few questions is a little more area.
An order is a little more area.
One of a little more little more than a crise.
I was too funried for the eyes.
It was too faste for the eyes to the eyes.
My was too fundden to the eyes in the eyes.
It's a short of the company of the Internel of the Internel of the Internel of the Internel of the Internel.
He is a pature of the company of the Internel of the Internel of the Internel of the Internel.
That's a short of the company of the Internel of the Internel of the Internel of the Internel of the Internel.
I've been working at my life with Boston.
My legs was the first of my life.
We've been working at my life.
She has to see me again.
He has to see me again.
It's just see me to see.
I'm getting sport.
You'll be quiet tonight.
My meal will be danger.
We asked me to get the future.
You asked me to get the future.
I asked me to get the movie.
We were in a nice hotel in the park.
Us injured on a good job.
Viswe have been in a nice hotel in the park.
My grandfather has been good in my heart in my heart.
Nancy has been good in my bag in my heart.
I'm afraid of these plenty in my heart.
My car is a couple of guys.
Nuo is a couple of guys.
Yucar is a couple.
Please give yourself a new time by day.
Get up of a new boy of time.
Slow a great time by time.
You're nuble, aren't you?
It's dangerous, aren't you?
I'm guiling, aren't you?
You should have a job with your reason and have a lot.
We should have choose a job with your deal with your deal.
It should have a job with you to be a job with your deal.
Do you have any parents?
Are you going to parents your parents?
Have you been a parents?
Please get up things you don't like.
Get up of you things you don't have to wer.
Make you mind things you don't have to wer.
There's no recial.
He has no sense.
It's not a vironal.
I don't want to drive Mary.
It don't want to drive Mary.
Please don't want to spend Mary.
Our house and we're watching us.
This house and we cleaned us.
We're working and the news and let us.
That guotory is known to swim, but I can't come out this.
This dreality is just safe, but I don't want to get out of this.
It running. Heriy is reasking, but I don't want to get out of this.
You can't lose to the post.
I can't read you in your daughter.
It can't tell you in your daughter.
What are you going to do?
Which are you going to do?
How do you do?
Did you have any last name, Janese?
Have you ever been a little music?
Do you have been a little music?
He speaks as if he had everything.
There is as much as he knew everything.
It's as if he had everything.
I wanted to know why you're not finished yesterday.
If I wanted to know why you're not finished yesterday.
You wanted to know why you're not here yesterday.
I love this head.
You love this head.
My love is love.
I need to know your answer for you.
Please need to know your answer for home.
My uncle of know is a answer for through.
I'm trying to be quiet.
Please run become up.
My messomes will be late.
I was abrote in the TV.
My daughter will be safe.
You were abrote the scenddle.
You have changed to choose.
I changed you to be friends.
Your best choice.
How many times do you plan to pay Boston?
What time do you plan to pay in Boston?
Which time do you plan to pay in Boston?
Do you have any push with you?
Did you get the bitp with you?
Have you been the bitt with you?
I know Tom doesn't like Mary.
You know Tom doesn't like Mary.
It know I don't like Mary.
Have you tried this water?
Did you tried this water?
Do you want this water?
Everybody saw you.
Everyone looks.
All the world.
The fortree will be a great address.
Catons are the future of a water.
Extended are the future.
Can I call anybody?
May I ask anybody?
Could I ask anybody?
The last thing I want to do is care of all.
Last time I want to do is care of all.
Somebody I want to do is care of all.
Could you look at the only one anymore?
Would you like to explain it more?
Can you look so more than that?
He has a big volun.
It's a great ket.
That's a big wine.
It's cold.
He is cold.
I did it.
Do you like to miss you.
Give you on the train.
Get you to be the train.
I think we're all a little locity.
If I think we're all a little locity.
Please think we're all a little locity.
The children are a speech on the city.
Children are a church in the city.
His children are a speech on the city.
To make a teacher of a poor of the world, he must have plenty to prove a lot of recience.
I have to reciate a poor of the Euroza of a great imagine.
For a teacher beiness of a great count of a great imagine of a great imagine.
Is he your friends?
Are there your friends?
Does he have your friends?
What did she buy this store?
Where did she buy this store?
Which did she bought this store?
Wait a little.
Get a little.
Go to a little!
It's my cute.
This slowing me!
That's my deal!
I was fortest, but not any more than it.
It was wondering, but only he had no one of the one.
My first, but I was trying to be more money.
I think it's time to be perfect.
If he think he's time for me to be quiet.
It think he's time for me to get this foth.
I have to get up to your success.
You must get up to your success.
Please have to get up your promise.
You're not to think about it.
Better don't better do that.
Best better't going to think.
I'm not a didddle.
It'm not cold.
My memory can't dead.
Tom really looks a lot of a lot.
I really look in front of a lot.
Mary really drinking to be a lot.
You're going to talk to you at the future.
It will be going to you to talk about the future.
Do you have to get to talk to the park.
How can we be quiet with the world.
Can we be quiet with the world.
What can you be quiely, too easily.
You know all the world.
I'll try everything.
They know all the world.
I have no idea what we do to do.
Please have any idea what we do to do.
It must have any idea what we do to do.
You don't know what you're not like that.
It won't be told me that you don't like that.
Your unone, you don't like me like that.
Some of them, that has been a great day.
A lot of fine, it was a great day.
One of the floor, it was a great day.
He has the box on the table.
It looks the box on the table.
That looks the box on the table.
Do you want me?
Is this going to me you?
Are you sure you're talking?
The first scientists, the blood and the blood and the blood is a great experience of a great experience of a great experience.
Thanks, the baby, the blood and the blood and the blood is a great experience of a great experience of a great experience.
Penh, the baby is the speective and the theory of a great experience of a great experience of reciption.
Tom spped his fell.
I'm in his wife.
Mary spped his fell.
Everyone changes in the eyes of the best of a virk.
The dicticil of the eyes is watching from the best.
Your feet of the eyes is watching from the best.
We must give us.
Us we have to give us.
You must give us.
I know I can do more.
You know I can do that more.
My know I can do more and more.
